mode: set
/Users/petercrawford/New tool/internal/services/audit_service.go:110.41,111.12 1 1
/Users/petercrawford/New tool/internal/services/audit_service.go:114.44,115.14 1 1
/Users/petercrawford/New tool/internal/services/audit_service.go:116.10,117.15 1 1
/Users/petercrawford/New tool/internal/services/audit_service.go:122.42,124.2 1 1
/Users/petercrawford/New tool/internal/services/audit_service.go:140.48,141.13 1 1
/Users/petercrawford/New tool/internal/services/audit_service.go:143.99,144.14 1 1
/Users/petercrawford/New tool/internal/services/audit_service.go:145.10,146.15 1 1
/Users/petercrawford/New tool/internal/services/audit_service.go:151.49,153.2 1 1
/Users/petercrawford/New tool/internal/services/audit_service.go:166.45,167.12 1 1
/Users/petercrawford/New tool/internal/services/audit_service.go:168.107,169.14 1 1
/Users/petercrawford/New tool/internal/services/audit_service.go:170.10,171.15 1 1
/Users/petercrawford/New tool/internal/services/audit_service.go:176.46,178.2 1 1
/Users/petercrawford/New tool/internal/services/audit_service.go:181.52,182.12 1 1
/Users/petercrawford/New tool/internal/services/audit_service.go:183.34,184.11 1 1
/Users/petercrawford/New tool/internal/services/audit_service.go:185.30,186.11 1 1
/Users/petercrawford/New tool/internal/services/audit_service.go:187.32,188.11 1 1
/Users/petercrawford/New tool/internal/services/audit_service.go:189.29,190.11 1 1
/Users/petercrawford/New tool/internal/services/audit_service.go:191.10,192.11 1 1
/Users/petercrawford/New tool/internal/services/audit_service.go:267.123,273.2 1 1
/Users/petercrawford/New tool/internal/services/audit_service.go:276.107,292.44 2 1
/Users/petercrawford/New tool/internal/services/audit_service.go:292.44,298.3 2 1
/Users/petercrawford/New tool/internal/services/audit_service.go:301.2,301.66 1 1
/Users/petercrawford/New tool/internal/services/audit_service.go:301.66,307.3 2 1
/Users/petercrawford/New tool/internal/services/audit_service.go:310.2,335.77 2 1
/Users/petercrawford/New tool/internal/services/audit_service.go:335.77,341.3 1 1
/Users/petercrawford/New tool/internal/services/audit_service.go:343.2,350.12 2 1
/Users/petercrawford/New tool/internal/services/audit_service.go:373.130,374.22 1 1
/Users/petercrawford/New tool/internal/services/audit_service.go:374.22,376.3 1 1
/Users/petercrawford/New tool/internal/services/audit_service.go:378.2,379.16 2 1
/Users/petercrawford/New tool/internal/services/audit_service.go:379.16,385.3 2 1
/Users/petercrawford/New tool/internal/services/audit_service.go:387.2,394.23 2 1
/Users/petercrawford/New tool/internal/services/audit_service.go:398.113,400.16 2 0
/Users/petercrawford/New tool/internal/services/audit_service.go:400.16,406.3 2 0
/Users/petercrawford/New tool/internal/services/audit_service.go:408.2,413.23 2 0
/Users/petercrawford/New tool/internal/services/audit_service.go:417.132,438.60 2 1
/Users/petercrawford/New tool/internal/services/audit_service.go:438.60,444.3 2 1
/Users/petercrawford/New tool/internal/services/audit_service.go:447.2,447.72 1 1
/Users/petercrawford/New tool/internal/services/audit_service.go:447.72,453.3 2 1
/Users/petercrawford/New tool/internal/services/audit_service.go:456.2,469.17 1 1
/Users/petercrawford/New tool/internal/services/audit_service.go:469.17,474.3 1 0
/Users/petercrawford/New tool/internal/services/audit_service.go:476.2,483.20 2 1
/Users/petercrawford/New tool/internal/services/audit_service.go:503.149,509.16 2 0
/Users/petercrawford/New tool/internal/services/audit_service.go:509.16,511.3 1 0
/Users/petercrawford/New tool/internal/services/audit_service.go:513.2,513.23 1 0
/Users/petercrawford/New tool/internal/services/audit_service.go:513.23,515.3 1 0
/Users/petercrawford/New tool/internal/services/audit_service.go:517.2,520.22 2 0
/Users/petercrawford/New tool/internal/services/audit_service.go:520.22,522.3 1 0
/Users/petercrawford/New tool/internal/services/audit_service.go:523.2,523.27 1 0
/Users/petercrawford/New tool/internal/services/audit_service.go:523.27,525.3 1 0
/Users/petercrawford/New tool/internal/services/audit_service.go:526.2,526.24 1 0
/Users/petercrawford/New tool/internal/services/audit_service.go:526.24,528.3 1 0
/Users/petercrawford/New tool/internal/services/audit_service.go:529.2,529.26 1 0
/Users/petercrawford/New tool/internal/services/audit_service.go:529.26,531.3 1 0
/Users/petercrawford/New tool/internal/services/audit_service.go:532.2,532.24 1 0
/Users/petercrawford/New tool/internal/services/audit_service.go:532.24,534.3 1 0
/Users/petercrawford/New tool/internal/services/audit_service.go:535.2,535.25 1 0
/Users/petercrawford/New tool/internal/services/audit_service.go:535.25,537.3 1 0
/Users/petercrawford/New tool/internal/services/audit_service.go:538.2,538.25 1 0
/Users/petercrawford/New tool/internal/services/audit_service.go:538.25,540.3 1 0
/Users/petercrawford/New tool/internal/services/audit_service.go:541.2,541.21 1 0
/Users/petercrawford/New tool/internal/services/audit_service.go:541.21,543.3 1 0
/Users/petercrawford/New tool/internal/services/audit_service.go:544.2,544.25 1 0
/Users/petercrawford/New tool/internal/services/audit_service.go:544.25,546.3 1 0
/Users/petercrawford/New tool/internal/services/audit_service.go:549.2,549.76 1 0
/Users/petercrawford/New tool/internal/services/audit_service.go:549.76,552.3 2 0
/Users/petercrawford/New tool/internal/services/audit_service.go:554.2,557.60 2 0
/Users/petercrawford/New tool/internal/services/audit_service.go:557.60,563.3 2 0
/Users/petercrawford/New tool/internal/services/audit_service.go:566.2,566.72 1 0
/Users/petercrawford/New tool/internal/services/audit_service.go:566.72,572.3 2 0
/Users/petercrawford/New tool/internal/services/audit_service.go:575.2,589.17 1 0
/Users/petercrawford/New tool/internal/services/audit_service.go:589.17,594.3 1 0
/Users/petercrawford/New tool/internal/services/audit_service.go:596.2,603.20 2 0
/Users/petercrawford/New tool/internal/services/audit_service.go:621.112,622.22 1 1
/Users/petercrawford/New tool/internal/services/audit_service.go:622.22,624.3 1 1
/Users/petercrawford/New tool/internal/services/audit_service.go:626.2,627.16 2 1
/Users/petercrawford/New tool/internal/services/audit_service.go:627.16,633.3 2 1
/Users/petercrawford/New tool/internal/services/audit_service.go:635.2,641.20 2 1
/Users/petercrawford/New tool/internal/services/audit_service.go:645.124,647.16 2 0
/Users/petercrawford/New tool/internal/services/audit_service.go:647.16,653.3 2 0
/Users/petercrawford/New tool/internal/services/audit_service.go:655.2,660.21 2 0
/Users/petercrawford/New tool/internal/services/audit_service.go:664.127,684.16 3 1
/Users/petercrawford/New tool/internal/services/audit_service.go:684.16,691.3 2 1
/Users/petercrawford/New tool/internal/services/audit_service.go:693.2,699.12 2 1
/Users/petercrawford/New tool/internal/services/audit_service.go:703.82,704.29 1 1
/Users/petercrawford/New tool/internal/services/audit_service.go:704.29,706.3 1 1
/Users/petercrawford/New tool/internal/services/audit_service.go:708.2,708.38 1 1
/Users/petercrawford/New tool/internal/services/audit_service.go:708.38,710.3 1 1
/Users/petercrawford/New tool/internal/services/audit_service.go:712.2,712.30 1 1
/Users/petercrawford/New tool/internal/services/audit_service.go:712.30,714.3 1 1
/Users/petercrawford/New tool/internal/services/audit_service.go:716.2,716.32 1 1
/Users/petercrawford/New tool/internal/services/audit_service.go:716.32,718.3 1 1
/Users/petercrawford/New tool/internal/services/audit_service.go:720.2,720.33 1 1
/Users/petercrawford/New tool/internal/services/audit_service.go:720.33,722.3 1 1
/Users/petercrawford/New tool/internal/services/audit_service.go:724.2,724.30 1 1
/Users/petercrawford/New tool/internal/services/audit_service.go:724.30,726.3 1 1
/Users/petercrawford/New tool/internal/services/audit_service.go:728.2,728.30 1 1
/Users/petercrawford/New tool/internal/services/audit_service.go:728.30,730.3 1 1
/Users/petercrawford/New tool/internal/services/audit_service.go:732.2,732.12 1 1
/Users/petercrawford/New tool/internal/services/audit_service.go:736.117,739.16 2 1
/Users/petercrawford/New tool/internal/services/audit_service.go:739.16,741.3 1 1
/Users/petercrawford/New tool/internal/services/audit_service.go:744.2,745.16 2 1
/Users/petercrawford/New tool/internal/services/audit_service.go:745.16,747.3 1 1
/Users/petercrawford/New tool/internal/services/audit_service.go:749.2,765.20 3 1
/Users/petercrawford/New tool/internal/services/audit_service.go:826.96,837.2 1 1
/Users/petercrawford/New tool/internal/services/audit_service.go:840.113,844.36 2 1
/Users/petercrawford/New tool/internal/services/audit_service.go:844.36,852.3 1 1
/Users/petercrawford/New tool/internal/services/audit_service.go:854.2,854.35 1 1
/Users/petercrawford/New tool/internal/services/audit_service.go:854.35,862.3 1 1
/Users/petercrawford/New tool/internal/services/audit_service.go:864.2,864.34 1 1
/Users/petercrawford/New tool/internal/services/audit_service.go:864.34,872.3 1 0
/Users/petercrawford/New tool/internal/services/audit_service.go:874.2,874.24 1 1
/Users/petercrawford/New tool/internal/services/audit_service.go:878.90,885.36 4 1
/Users/petercrawford/New tool/internal/services/audit_service.go:885.36,892.3 1 1
/Users/petercrawford/New tool/internal/services/audit_service.go:894.2,894.35 1 1
/Users/petercrawford/New tool/internal/services/audit_service.go:894.35,901.3 1 1
/Users/petercrawford/New tool/internal/services/audit_service.go:904.2,924.3 3 1
/Users/petercrawford/New tool/internal/services/comparison_service.go:27.118,28.19 1 1
/Users/petercrawford/New tool/internal/services/comparison_service.go:28.19,30.3 1 1
/Users/petercrawford/New tool/internal/services/comparison_service.go:32.2,35.3 1 1
/Users/petercrawford/New tool/internal/services/comparison_service.go:124.118,128.57 2 1
/Users/petercrawford/New tool/internal/services/comparison_service.go:128.57,130.3 1 1
/Users/petercrawford/New tool/internal/services/comparison_service.go:133.2,134.16 2 1
/Users/petercrawford/New tool/internal/services/comparison_service.go:134.16,135.42 1 1
/Users/petercrawford/New tool/internal/services/comparison_service.go:135.42,137.4 1 1
/Users/petercrawford/New tool/internal/services/comparison_service.go:138.3,138.67 1 0
/Users/petercrawford/New tool/internal/services/comparison_service.go:141.2,142.16 2 1
/Users/petercrawford/New tool/internal/services/comparison_service.go:142.16,143.42 1 0
/Users/petercrawford/New tool/internal/services/comparison_service.go:143.42,145.4 1 0
/Users/petercrawford/New tool/internal/services/comparison_service.go:146.3,146.67 1 0
/Users/petercrawford/New tool/internal/services/comparison_service.go:150.2,173.83 7 1
/Users/petercrawford/New tool/internal/services/comparison_service.go:173.83,175.3 1 0
/Users/petercrawford/New tool/internal/services/comparison_service.go:177.2,178.20 2 1
/Users/petercrawford/New tool/internal/services/comparison_service.go:186.107,190.56 2 1
/Users/petercrawford/New tool/internal/services/comparison_service.go:190.56,197.3 1 1
/Users/petercrawford/New tool/internal/services/comparison_service.go:200.2,200.48 1 1
/Users/petercrawford/New tool/internal/services/comparison_service.go:200.48,207.3 1 1
/Users/petercrawford/New tool/internal/services/comparison_service.go:210.2,210.46 1 1
/Users/petercrawford/New tool/internal/services/comparison_service.go:210.46,217.3 1 1
/Users/petercrawford/New tool/internal/services/comparison_service.go:220.2,220.54 1 1
/Users/petercrawford/New tool/internal/services/comparison_service.go:220.54,227.3 1 1
/Users/petercrawford/New tool/internal/services/comparison_service.go:230.2,230.56 1 1
/Users/petercrawford/New tool/internal/services/comparison_service.go:230.56,237.3 1 1
/Users/petercrawford/New tool/internal/services/comparison_service.go:240.2,240.72 1 1
/Users/petercrawford/New tool/internal/services/comparison_service.go:240.72,247.3 1 0
/Users/petercrawford/New tool/internal/services/comparison_service.go:250.2,250.62 1 1
/Users/petercrawford/New tool/internal/services/comparison_service.go:250.62,257.3 1 1
/Users/petercrawford/New tool/internal/services/comparison_service.go:260.2,260.62 1 1
/Users/petercrawford/New tool/internal/services/comparison_service.go:260.62,267.3 1 1
/Users/petercrawford/New tool/internal/services/comparison_service.go:269.2,269.20 1 1
/Users/petercrawford/New tool/internal/services/comparison_service.go:273.101,294.31 5 1
/Users/petercrawford/New tool/internal/services/comparison_service.go:294.31,296.3 1 1
/Users/petercrawford/New tool/internal/services/comparison_service.go:296.8,296.38 1 1
/Users/petercrawford/New tool/internal/services/comparison_service.go:296.38,298.3 1 1
/Users/petercrawford/New tool/internal/services/comparison_service.go:298.8,300.3 1 1
/Users/petercrawford/New tool/internal/services/comparison_service.go:302.2,306.3 1 1
/Users/petercrawford/New tool/internal/services/comparison_service.go:310.145,314.96 2 1
/Users/petercrawford/New tool/internal/services/comparison_service.go:314.96,321.3 1 1
/Users/petercrawford/New tool/internal/services/comparison_service.go:323.2,323.96 1 1
/Users/petercrawford/New tool/internal/services/comparison_service.go:323.96,330.3 1 1
/Users/petercrawford/New tool/internal/services/comparison_service.go:333.2,333.124 1 1
/Users/petercrawford/New tool/internal/services/comparison_service.go:333.124,340.3 1 1
/Users/petercrawford/New tool/internal/services/comparison_service.go:342.2,342.124 1 1
/Users/petercrawford/New tool/internal/services/comparison_service.go:342.124,349.3 1 1
/Users/petercrawford/New tool/internal/services/comparison_service.go:352.2,352.46 1 1
/Users/petercrawford/New tool/internal/services/comparison_service.go:352.46,359.3 1 1
/Users/petercrawford/New tool/internal/services/comparison_service.go:362.2,362.62 1 1
/Users/petercrawford/New tool/internal/services/comparison_service.go:362.62,369.3 1 1
/Users/petercrawford/New tool/internal/services/comparison_service.go:372.2,372.70 1 1
/Users/petercrawford/New tool/internal/services/comparison_service.go:372.70,374.28 2 0
/Users/petercrawford/New tool/internal/services/comparison_service.go:374.28,381.4 1 0
/Users/petercrawford/New tool/internal/services/comparison_service.go:384.2,384.24 1 1
/Users/petercrawford/New tool/internal/services/comparison_service.go:388.169,394.35 4 1
/Users/petercrawford/New tool/internal/services/comparison_service.go:394.35,395.22 1 1
/Users/petercrawford/New tool/internal/services/comparison_service.go:396.15,397.16 1 1
/Users/petercrawford/New tool/internal/services/comparison_service.go:398.17,399.18 1 1
/Users/petercrawford/New tool/internal/services/comparison_service.go:400.14,401.15 1 1
/Users/petercrawford/New tool/internal/services/comparison_service.go:406.2,407.34 2 1
/Users/petercrawford/New tool/internal/services/comparison_service.go:408.19,409.33 1 1
/Users/petercrawford/New tool/internal/services/comparison_service.go:410.19,411.33 1 0
/Users/petercrawford/New tool/internal/services/comparison_service.go:412.10,413.26 1 0
/Users/petercrawford/New tool/internal/services/comparison_service.go:417.2,418.122 2 1
/Users/petercrawford/New tool/internal/services/comparison_service.go:418.122,420.3 1 1
/Users/petercrawford/New tool/internal/services/comparison_service.go:420.8,420.129 1 0
/Users/petercrawford/New tool/internal/services/comparison_service.go:420.129,422.3 1 0
/Users/petercrawford/New tool/internal/services/comparison_service.go:422.8,424.3 1 0
/Users/petercrawford/New tool/internal/services/comparison_service.go:427.2,428.20 2 1
/Users/petercrawford/New tool/internal/services/comparison_service.go:428.20,430.3 1 1
/Users/petercrawford/New tool/internal/services/comparison_service.go:430.8,430.29 1 0
/Users/petercrawford/New tool/internal/services/comparison_service.go:430.29,432.3 1 0
/Users/petercrawford/New tool/internal/services/comparison_service.go:432.8,434.3 1 0
/Users/petercrawford/New tool/internal/services/comparison_service.go:436.2,444.3 1 1
/Users/petercrawford/New tool/internal/services/comparison_service.go:452.147,476.92 6 1
/Users/petercrawford/New tool/internal/services/comparison_service.go:476.92,478.3 1 0
/Users/petercrawford/New tool/internal/services/comparison_service.go:480.2,481.20 2 1
/Users/petercrawford/New tool/internal/services/comparison_service.go:485.115,491.40 4 1
/Users/petercrawford/New tool/internal/services/comparison_service.go:492.14,493.57 1 1
/Users/petercrawford/New tool/internal/services/comparison_service.go:494.14,495.52 1 1
/Users/petercrawford/New tool/internal/services/comparison_service.go:496.13,497.51 1 1
/Users/petercrawford/New tool/internal/services/comparison_service.go:498.10,499.73 1 1
/Users/petercrawford/New tool/internal/services/comparison_service.go:502.2,502.16 1 1
/Users/petercrawford/New tool/internal/services/comparison_service.go:502.16,504.3 1 0
/Users/petercrawford/New tool/internal/services/comparison_service.go:507.2,508.75 1 1
/Users/petercrawford/New tool/internal/services/comparison_service.go:508.75,510.3 1 0
/Users/petercrawford/New tool/internal/services/comparison_service.go:512.2,513.24 2 1
/Users/petercrawford/New tool/internal/services/comparison_service.go:521.85,522.16 1 1
/Users/petercrawford/New tool/internal/services/comparison_service.go:522.16,524.3 1 0
/Users/petercrawford/New tool/internal/services/comparison_service.go:526.2,526.52 1 1
/Users/petercrawford/New tool/internal/services/comparison_service.go:526.52,528.3 1 1
/Users/petercrawford/New tool/internal/services/comparison_service.go:530.2,530.40 1 1
/Users/petercrawford/New tool/internal/services/comparison_service.go:530.40,532.3 1 1
/Users/petercrawford/New tool/internal/services/comparison_service.go:534.2,534.22 1 1
/Users/petercrawford/New tool/internal/services/comparison_service.go:534.22,536.3 1 1
/Users/petercrawford/New tool/internal/services/comparison_service.go:538.2,538.12 1 1
/Users/petercrawford/New tool/internal/services/comparison_service.go:542.84,543.19 1 1
/Users/petercrawford/New tool/internal/services/comparison_service.go:544.27,545.13 1 1
/Users/petercrawford/New tool/internal/services/comparison_service.go:546.30,547.13 1 1
/Users/petercrawford/New tool/internal/services/comparison_service.go:548.28,549.13 1 1
/Users/petercrawford/New tool/internal/services/comparison_service.go:550.10,551.13 1 1
/Users/petercrawford/New tool/internal/services/comparison_service.go:556.78,557.40 1 1
/Users/petercrawford/New tool/internal/services/comparison_service.go:557.40,559.3 1 1
/Users/petercrawford/New tool/internal/services/comparison_service.go:560.2,560.40 1 0
/Users/petercrawford/New tool/internal/services/comparison_service.go:560.40,562.3 1 0
/Users/petercrawford/New tool/internal/services/comparison_service.go:563.2,563.31 1 0
/Users/petercrawford/New tool/internal/services/comparison_service.go:567.68,568.20 1 1
/Users/petercrawford/New tool/internal/services/comparison_service.go:568.20,570.3 1 1
/Users/petercrawford/New tool/internal/services/comparison_service.go:571.2,571.39 1 1
/Users/petercrawford/New tool/internal/services/comparison_service.go:575.77,579.2 1 1
/Users/petercrawford/New tool/internal/services/comparison_service.go:582.72,585.2 1 1
/Users/petercrawford/New tool/internal/services/comparison_service.go:588.59,590.2 1 1
/Users/petercrawford/New tool/internal/services/comparison_service.go:593.55,595.2 1 1
/Users/petercrawford/New tool/internal/services/comparison_service.go:598.91,605.49 3 1
/Users/petercrawford/New tool/internal/services/comparison_service.go:605.49,607.3 1 1
/Users/petercrawford/New tool/internal/services/comparison_service.go:609.2,609.54 1 1
/Users/petercrawford/New tool/internal/services/comparison_service.go:609.54,611.3 1 1
/Users/petercrawford/New tool/internal/services/comparison_service.go:613.2,615.16 2 1
/Users/petercrawford/New tool/internal/services/comparison_service.go:619.91,631.46 6 1
/Users/petercrawford/New tool/internal/services/comparison_service.go:631.46,634.3 1 0
/Users/petercrawford/New tool/internal/services/comparison_service.go:636.2,637.49 2 1
/Users/petercrawford/New tool/internal/services/comparison_service.go:637.49,640.3 1 0
/Users/petercrawford/New tool/internal/services/comparison_service.go:642.2,642.17 1 1
/Users/petercrawford/New tool/internal/services/comparison_service.go:646.81,721.2 2 1
/Users/petercrawford/New tool/internal/services/comparison_service.go:724.80,735.55 10 1
/Users/petercrawford/New tool/internal/services/comparison_service.go:735.55,737.3 1 0
/Users/petercrawford/New tool/internal/services/comparison_service.go:739.2,739.12 1 1
/Users/petercrawford/New tool/internal/services/comparison_service.go:743.98,745.38 2 1
/Users/petercrawford/New tool/internal/services/comparison_service.go:745.38,759.3 2 0
/Users/petercrawford/New tool/internal/services/comparison_service.go:760.2,760.13 1 1
/Users/petercrawford/New tool/internal/services/comparison_service.go:764.119,770.2 2 1
/Users/petercrawford/New tool/internal/services/merchant_portfolio_service.go:23.102,24.19 1 1
/Users/petercrawford/New tool/internal/services/merchant_portfolio_service.go:24.19,26.3 1 1
/Users/petercrawford/New tool/internal/services/merchant_portfolio_service.go:28.2,31.3 1 1
/Users/petercrawford/New tool/internal/services/merchant_portfolio_service.go:158.126,160.53 1 1
/Users/petercrawford/New tool/internal/services/merchant_portfolio_service.go:160.53,162.3 1 1
/Users/petercrawford/New tool/internal/services/merchant_portfolio_service.go:164.2,173.34 6 1
/Users/petercrawford/New tool/internal/services/merchant_portfolio_service.go:173.34,175.3 1 1
/Users/petercrawford/New tool/internal/services/merchant_portfolio_service.go:178.2,178.30 1 1
/Users/petercrawford/New tool/internal/services/merchant_portfolio_service.go:178.30,180.3 1 1
/Users/petercrawford/New tool/internal/services/merchant_portfolio_service.go:183.2,183.27 1 1
/Users/petercrawford/New tool/internal/services/merchant_portfolio_service.go:183.27,185.3 1 1
/Users/petercrawford/New tool/internal/services/merchant_portfolio_service.go:188.2,191.59 2 1
/Users/petercrawford/New tool/internal/services/merchant_portfolio_service.go:191.59,193.3 1 0
/Users/petercrawford/New tool/internal/services/merchant_portfolio_service.go:196.2,196.138 1 1
/Users/petercrawford/New tool/internal/services/merchant_portfolio_service.go:196.138,198.3 1 0
/Users/petercrawford/New tool/internal/services/merchant_portfolio_service.go:200.2,201.22 2 1
/Users/petercrawford/New tool/internal/services/merchant_portfolio_service.go:205.107,209.16 3 1
/Users/petercrawford/New tool/internal/services/merchant_portfolio_service.go:209.16,210.47 1 1
/Users/petercrawford/New tool/internal/services/merchant_portfolio_service.go:210.47,212.4 1 1
/Users/petercrawford/New tool/internal/services/merchant_portfolio_service.go:213.3,213.79 1 0
/Users/petercrawford/New tool/internal/services/merchant_portfolio_service.go:216.2,217.22 2 1
/Users/petercrawford/New tool/internal/services/merchant_portfolio_service.go:221.126,225.53 2 1
/Users/petercrawford/New tool/internal/services/merchant_portfolio_service.go:225.53,227.3 1 0
/Users/petercrawford/New tool/internal/services/merchant_portfolio_service.go:230.2,231.16 2 1
/Users/petercrawford/New tool/internal/services/merchant_portfolio_service.go:231.16,233.3 1 1
/Users/petercrawford/New tool/internal/services/merchant_portfolio_service.go:236.2,244.59 5 1
/Users/petercrawford/New tool/internal/services/merchant_portfolio_service.go:244.59,246.3 1 0
/Users/petercrawford/New tool/internal/services/merchant_portfolio_service.go:249.2,249.138 1 1
/Users/petercrawford/New tool/internal/services/merchant_portfolio_service.go:249.138,251.3 1 0
/Users/petercrawford/New tool/internal/services/merchant_portfolio_service.go:253.2,254.22 2 1
/Users/petercrawford/New tool/internal/services/merchant_portfolio_service.go:258.112,263.16 3 1
/Users/petercrawford/New tool/internal/services/merchant_portfolio_service.go:263.16,265.3 1 1
/Users/petercrawford/New tool/internal/services/merchant_portfolio_service.go:268.2,268.61 1 1
/Users/petercrawford/New tool/internal/services/merchant_portfolio_service.go:268.61,270.3 1 0
/Users/petercrawford/New tool/internal/services/merchant_portfolio_service.go:273.2,273.136 1 1
/Users/petercrawford/New tool/internal/services/merchant_portfolio_service.go:273.136,275.3 1 0
/Users/petercrawford/New tool/internal/services/merchant_portfolio_service.go:277.2,278.12 2 1
/Users/petercrawford/New tool/internal/services/merchant_portfolio_service.go:286.154,290.44 2 1
/Users/petercrawford/New tool/internal/services/merchant_portfolio_service.go:290.44,292.3 1 1
/Users/petercrawford/New tool/internal/services/merchant_portfolio_service.go:295.2,296.16 2 1
/Users/petercrawford/New tool/internal/services/merchant_portfolio_service.go:296.16,298.3 1 1
/Users/petercrawford/New tool/internal/services/merchant_portfolio_service.go:301.2,306.16 4 1
/Users/petercrawford/New tool/internal/services/merchant_portfolio_service.go:306.16,308.3 1 0
/Users/petercrawford/New tool/internal/services/merchant_portfolio_service.go:311.2,312.83 1 1
/Users/petercrawford/New tool/internal/services/merchant_portfolio_service.go:312.83,314.3 1 0
/Users/petercrawford/New tool/internal/services/merchant_portfolio_service.go:316.2,317.12 2 1
/Users/petercrawford/New tool/internal/services/merchant_portfolio_service.go:321.163,325.44 2 1
/Users/petercrawford/New tool/internal/services/merchant_portfolio_service.go:325.44,327.3 1 1
/Users/petercrawford/New tool/internal/services/merchant_portfolio_service.go:331.2,332.16 2 1
/Users/petercrawford/New tool/internal/services/merchant_portfolio_service.go:332.16,334.3 1 0
/Users/petercrawford/New tool/internal/services/merchant_portfolio_service.go:337.2,338.38 2 1
/Users/petercrawford/New tool/internal/services/merchant_portfolio_service.go:338.38,340.46 2 1
/Users/petercrawford/New tool/internal/services/merchant_portfolio_service.go:340.46,342.4 1 1
/Users/petercrawford/New tool/internal/services/merchant_portfolio_service.go:346.2,348.37 3 1
/Users/petercrawford/New tool/internal/services/merchant_portfolio_service.go:348.37,356.3 1 0
/Users/petercrawford/New tool/internal/services/merchant_portfolio_service.go:358.2,358.34 1 1
/Users/petercrawford/New tool/internal/services/merchant_portfolio_service.go:358.34,360.3 1 1
/Users/petercrawford/New tool/internal/services/merchant_portfolio_service.go:362.2,371.20 3 1
/Users/petercrawford/New tool/internal/services/merchant_portfolio_service.go:379.142,383.36 2 1
/Users/petercrawford/New tool/internal/services/merchant_portfolio_service.go:383.36,385.3 1 1
/Users/petercrawford/New tool/internal/services/merchant_portfolio_service.go:388.2,389.16 2 1
/Users/petercrawford/New tool/internal/services/merchant_portfolio_service.go:389.16,391.3 1 1
/Users/petercrawford/New tool/internal/services/merchant_portfolio_service.go:394.2,399.16 4 1
/Users/petercrawford/New tool/internal/services/merchant_portfolio_service.go:399.16,401.3 1 0
/Users/petercrawford/New tool/internal/services/merchant_portfolio_service.go:404.2,405.75 1 1
/Users/petercrawford/New tool/internal/services/merchant_portfolio_service.go:405.75,407.3 1 0
/Users/petercrawford/New tool/internal/services/merchant_portfolio_service.go:409.2,410.12 2 1
/Users/petercrawford/New tool/internal/services/merchant_portfolio_service.go:414.151,418.36 2 1
/Users/petercrawford/New tool/internal/services/merchant_portfolio_service.go:418.36,420.3 1 1
/Users/petercrawford/New tool/internal/services/merchant_portfolio_service.go:423.2,424.16 2 1
/Users/petercrawford/New tool/internal/services/merchant_portfolio_service.go:424.16,426.3 1 0
/Users/petercrawford/New tool/internal/services/merchant_portfolio_service.go:429.2,430.38 2 1
/Users/petercrawford/New tool/internal/services/merchant_portfolio_service.go:430.38,432.38 2 1
/Users/petercrawford/New tool/internal/services/merchant_portfolio_service.go:432.38,434.4 1 1
/Users/petercrawford/New tool/internal/services/merchant_portfolio_service.go:438.2,440.37 3 1
/Users/petercrawford/New tool/internal/services/merchant_portfolio_service.go:440.37,448.3 1 0
/Users/petercrawford/New tool/internal/services/merchant_portfolio_service.go:450.2,450.34 1 1
/Users/petercrawford/New tool/internal/services/merchant_portfolio_service.go:450.34,452.3 1 1
/Users/petercrawford/New tool/internal/services/merchant_portfolio_service.go:454.2,463.20 3 1
/Users/petercrawford/New tool/internal/services/merchant_portfolio_service.go:471.131,479.55 5 1
/Users/petercrawford/New tool/internal/services/merchant_portfolio_service.go:479.55,481.3 1 0
/Users/petercrawford/New tool/internal/services/merchant_portfolio_service.go:483.2,483.28 1 1
/Users/petercrawford/New tool/internal/services/merchant_portfolio_service.go:483.28,485.70 1 0
/Users/petercrawford/New tool/internal/services/merchant_portfolio_service.go:485.70,487.4 1 0
/Users/petercrawford/New tool/internal/services/merchant_portfolio_service.go:491.2,492.16 2 1
/Users/petercrawford/New tool/internal/services/merchant_portfolio_service.go:492.16,494.3 1 1
/Users/petercrawford/New tool/internal/services/merchant_portfolio_service.go:497.2,510.52 2 1
/Users/petercrawford/New tool/internal/services/merchant_portfolio_service.go:510.52,512.3 1 0
/Users/petercrawford/New tool/internal/services/merchant_portfolio_service.go:515.2,516.51 1 1
/Users/petercrawford/New tool/internal/services/merchant_portfolio_service.go:516.51,518.3 1 0
/Users/petercrawford/New tool/internal/services/merchant_portfolio_service.go:520.2,521.21 2 1
/Users/petercrawford/New tool/internal/services/merchant_portfolio_service.go:525.123,532.16 5 1
/Users/petercrawford/New tool/internal/services/merchant_portfolio_service.go:532.16,534.3 1 1
/Users/petercrawford/New tool/internal/services/merchant_portfolio_service.go:537.2,538.52 2 1
/Users/petercrawford/New tool/internal/services/merchant_portfolio_service.go:538.52,540.3 1 0
/Users/petercrawford/New tool/internal/services/merchant_portfolio_service.go:542.2,542.21 1 1
/Users/petercrawford/New tool/internal/services/merchant_portfolio_service.go:546.97,553.16 5 1
/Users/petercrawford/New tool/internal/services/merchant_portfolio_service.go:553.16,555.3 1 1
/Users/petercrawford/New tool/internal/services/merchant_portfolio_service.go:558.2,558.61 1 1
/Users/petercrawford/New tool/internal/services/merchant_portfolio_service.go:558.61,560.3 1 0
/Users/petercrawford/New tool/internal/services/merchant_portfolio_service.go:563.2,564.49 1 1
/Users/petercrawford/New tool/internal/services/merchant_portfolio_service.go:564.49,566.3 1 0
/Users/petercrawford/New tool/internal/services/merchant_portfolio_service.go:568.2,569.12 2 1
/Users/petercrawford/New tool/internal/services/merchant_portfolio_service.go:577.154,582.16 3 1
/Users/petercrawford/New tool/internal/services/merchant_portfolio_service.go:582.16,584.3 1 0
/Users/petercrawford/New tool/internal/services/merchant_portfolio_service.go:587.2,588.38 2 1
/Users/petercrawford/New tool/internal/services/merchant_portfolio_service.go:588.38,591.3 2 1
/Users/petercrawford/New tool/internal/services/merchant_portfolio_service.go:594.2,599.37 4 1
/Users/petercrawford/New tool/internal/services/merchant_portfolio_service.go:599.37,607.3 1 0
/Users/petercrawford/New tool/internal/services/merchant_portfolio_service.go:609.2,609.34 1 1
/Users/petercrawford/New tool/internal/services/merchant_portfolio_service.go:609.34,611.3 1 1
/Users/petercrawford/New tool/internal/services/merchant_portfolio_service.go:613.2,622.20 3 1
/Users/petercrawford/New tool/internal/services/merchant_portfolio_service.go:630.177,634.44 2 1
/Users/petercrawford/New tool/internal/services/merchant_portfolio_service.go:634.44,636.3 1 1
/Users/petercrawford/New tool/internal/services/merchant_portfolio_service.go:638.2,653.41 3 1
/Users/petercrawford/New tool/internal/services/merchant_portfolio_service.go:653.41,660.17 3 1
/Users/petercrawford/New tool/internal/services/merchant_portfolio_service.go:660.17,665.4 4 1
/Users/petercrawford/New tool/internal/services/merchant_portfolio_service.go:665.9,668.4 2 1
/Users/petercrawford/New tool/internal/services/merchant_portfolio_service.go:670.3,671.21 2 1
/Users/petercrawford/New tool/internal/services/merchant_portfolio_service.go:675.2,680.20 5 1
/Users/petercrawford/New tool/internal/services/merchant_portfolio_service.go:684.165,688.36 2 1
/Users/petercrawford/New tool/internal/services/merchant_portfolio_service.go:688.36,690.3 1 1
/Users/petercrawford/New tool/internal/services/merchant_portfolio_service.go:692.2,707.41 3 1
/Users/petercrawford/New tool/internal/services/merchant_portfolio_service.go:707.41,714.17 3 1
/Users/petercrawford/New tool/internal/services/merchant_portfolio_service.go:714.17,719.4 4 0
/Users/petercrawford/New tool/internal/services/merchant_portfolio_service.go:719.9,722.4 2 1
/Users/petercrawford/New tool/internal/services/merchant_portfolio_service.go:724.3,725.21 2 1
/Users/petercrawford/New tool/internal/services/merchant_portfolio_service.go:729.2,734.20 5 1
/Users/petercrawford/New tool/internal/services/merchant_portfolio_service.go:742.79,743.21 1 1
/Users/petercrawford/New tool/internal/services/merchant_portfolio_service.go:743.21,745.3 1 1
/Users/petercrawford/New tool/internal/services/merchant_portfolio_service.go:747.2,747.44 1 1
/Users/petercrawford/New tool/internal/services/merchant_portfolio_service.go:747.44,749.3 1 1
/Users/petercrawford/New tool/internal/services/merchant_portfolio_service.go:751.2,751.85 1 1
/Users/petercrawford/New tool/internal/services/merchant_portfolio_service.go:751.85,753.3 1 1
/Users/petercrawford/New tool/internal/services/merchant_portfolio_service.go:755.2,755.73 1 1
/Users/petercrawford/New tool/internal/services/merchant_portfolio_service.go:755.73,757.3 1 1
/Users/petercrawford/New tool/internal/services/merchant_portfolio_service.go:759.2,759.12 1 1
/Users/petercrawford/New tool/internal/services/merchant_portfolio_service.go:763.91,764.23 1 1
/Users/petercrawford/New tool/internal/services/merchant_portfolio_service.go:765.104,766.14 1 1
/Users/petercrawford/New tool/internal/services/merchant_portfolio_service.go:767.10,768.15 1 1
/Users/petercrawford/New tool/internal/services/merchant_portfolio_service.go:773.79,774.19 1 1
/Users/petercrawford/New tool/internal/services/merchant_portfolio_service.go:775.52,776.14 1 1
/Users/petercrawford/New tool/internal/services/merchant_portfolio_service.go:777.10,778.15 1 1
/Users/petercrawford/New tool/internal/services/merchant_portfolio_service.go:783.116,784.20 1 1
/Users/petercrawford/New tool/internal/services/merchant_portfolio_service.go:784.20,786.3 1 1
/Users/petercrawford/New tool/internal/services/merchant_portfolio_service.go:788.2,789.37 2 1
/Users/petercrawford/New tool/internal/services/merchant_portfolio_service.go:789.37,791.87 1 1
/Users/petercrawford/New tool/internal/services/merchant_portfolio_service.go:791.87,792.12 1 1
/Users/petercrawford/New tool/internal/services/merchant_portfolio_service.go:796.3,796.75 1 1
/Users/petercrawford/New tool/internal/services/merchant_portfolio_service.go:796.75,797.12 1 1
/Users/petercrawford/New tool/internal/services/merchant_portfolio_service.go:801.3,801.121 1 1
/Users/petercrawford/New tool/internal/services/merchant_portfolio_service.go:801.121,802.12 1 1
/Users/petercrawford/New tool/internal/services/merchant_portfolio_service.go:806.3,806.64 1 1
/Users/petercrawford/New tool/internal/services/merchant_portfolio_service.go:806.64,807.12 1 0
/Users/petercrawford/New tool/internal/services/merchant_portfolio_service.go:811.3,811.32 1 1
/Users/petercrawford/New tool/internal/services/merchant_portfolio_service.go:811.32,815.72 2 1
/Users/petercrawford/New tool/internal/services/merchant_portfolio_service.go:815.72,816.13 1 1
/Users/petercrawford/New tool/internal/services/merchant_portfolio_service.go:820.3,820.40 1 1
/Users/petercrawford/New tool/internal/services/merchant_portfolio_service.go:823.2,823.17 1 1
/Users/petercrawford/New tool/internal/services/merchant_portfolio_service.go:827.94,830.18 2 1
/Users/petercrawford/New tool/internal/services/merchant_portfolio_service.go:830.18,832.3 1 0
/Users/petercrawford/New tool/internal/services/merchant_portfolio_service.go:834.2,854.3 1 1
/Users/petercrawford/New tool/internal/services/merchant_portfolio_service.go:858.94,865.16 3 1
/Users/petercrawford/New tool/internal/services/merchant_portfolio_service.go:866.19,867.41 1 1
/Users/petercrawford/New tool/internal/services/merchant_portfolio_service.go:868.21,869.43 1 0
/Users/petercrawford/New tool/internal/services/merchant_portfolio_service.go:870.17,871.39 1 1
/Users/petercrawford/New tool/internal/services/merchant_portfolio_service.go:872.10,873.43 1 1
/Users/petercrawford/New tool/internal/services/merchant_portfolio_service.go:877.2,878.45 2 1
/Users/petercrawford/New tool/internal/services/merchant_portfolio_service.go:879.14,880.28 1 1
/Users/petercrawford/New tool/internal/services/merchant_portfolio_service.go:881.16,882.30 1 1
/Users/petercrawford/New tool/internal/services/merchant_portfolio_service.go:883.13,884.27 1 1
/Users/petercrawford/New tool/internal/services/merchant_portfolio_service.go:887.2,908.3 1 1
/Users/petercrawford/New tool/internal/services/merchant_portfolio_service.go:912.56,914.2 1 1
/Users/petercrawford/New tool/internal/services/merchant_portfolio_service.go:917.169,932.2 2 1
/Users/petercrawford/New tool/internal/services/merchant_portfolio_service.go:939.101,944.2 4 1
/Users/petercrawford/New tool/internal/services/merchant_portfolio_service.go:947.123,951.41 3 1
/Users/petercrawford/New tool/internal/services/merchant_portfolio_service.go:951.41,952.51 1 1
/Users/petercrawford/New tool/internal/services/merchant_portfolio_service.go:952.51,954.4 1 1
/Users/petercrawford/New tool/internal/services/merchant_portfolio_service.go:957.2,957.32 1 1
/Users/petercrawford/New tool/internal/services/merchant_portfolio_service.go:961.99,965.58 3 1
/Users/petercrawford/New tool/internal/services/merchant_portfolio_service.go:965.58,969.3 3 1
/Users/petercrawford/New tool/internal/services/merchant_portfolio_service.go:971.2,971.12 1 1
