mode: set
kyb-platform/services/classification-service/internal/cache/redis_cache.go:30.84,39.20 2 1
kyb-platform/services/classification-service/internal/cache/redis_cache.go:39.20,41.17 2 0
kyb-platform/services/classification-service/internal/cache/redis_cache.go:41.17,46.4 2 0
kyb-platform/services/classification-service/internal/cache/redis_cache.go:48.3,54.51 4 0
kyb-platform/services/classification-service/internal/cache/redis_cache.go:54.51,59.4 3 0
kyb-platform/services/classification-service/internal/cache/redis_cache.go:61.3,63.33 2 0
kyb-platform/services/classification-service/internal/cache/redis_cache.go:64.8,66.3 1 1
kyb-platform/services/classification-service/internal/cache/redis_cache.go:68.2,68.11 1 1
kyb-platform/services/classification-service/internal/cache/redis_cache.go:73.75,77.36 2 1
kyb-platform/services/classification-service/internal/cache/redis_cache.go:77.36,79.17 2 0
kyb-platform/services/classification-service/internal/cache/redis_cache.go:79.17,83.4 2 0
kyb-platform/services/classification-service/internal/cache/redis_cache.go:83.9,83.30 1 0
kyb-platform/services/classification-service/internal/cache/redis_cache.go:83.30,87.4 1 0
kyb-platform/services/classification-service/internal/cache/redis_cache.go:91.2,95.13 4 1
kyb-platform/services/classification-service/internal/cache/redis_cache.go:95.13,97.3 1 1
kyb-platform/services/classification-service/internal/cache/redis_cache.go:99.2,99.39 1 1
kyb-platform/services/classification-service/internal/cache/redis_cache.go:99.39,107.3 6 1
kyb-platform/services/classification-service/internal/cache/redis_cache.go:109.2,111.25 2 1
kyb-platform/services/classification-service/internal/cache/redis_cache.go:116.92,120.36 2 1
kyb-platform/services/classification-service/internal/cache/redis_cache.go:120.36,121.70 1 0
kyb-platform/services/classification-service/internal/cache/redis_cache.go:121.70,125.4 1 0
kyb-platform/services/classification-service/internal/cache/redis_cache.go:125.9,129.4 1 0
kyb-platform/services/classification-service/internal/cache/redis_cache.go:133.2,141.26 4 1
kyb-platform/services/classification-service/internal/cache/redis_cache.go:145.63,149.36 2 1
kyb-platform/services/classification-service/internal/cache/redis_cache.go:149.36,150.59 1 0
kyb-platform/services/classification-service/internal/cache/redis_cache.go:150.59,154.4 1 0
kyb-platform/services/classification-service/internal/cache/redis_cache.go:158.2,160.27 3 1
kyb-platform/services/classification-service/internal/cache/redis_cache.go:164.56,166.36 1 0
kyb-platform/services/classification-service/internal/cache/redis_cache.go:166.36,169.22 3 0
kyb-platform/services/classification-service/internal/cache/redis_cache.go:169.22,170.63 1 0
kyb-platform/services/classification-service/internal/cache/redis_cache.go:170.63,174.5 1 0
kyb-platform/services/classification-service/internal/cache/redis_cache.go:176.3,176.36 1 0
kyb-platform/services/classification-service/internal/cache/redis_cache.go:176.36,178.4 1 0
kyb-platform/services/classification-service/internal/cache/redis_cache.go:182.2,186.12 4 0
kyb-platform/services/classification-service/internal/cache/redis_cache.go:190.57,191.37 1 1
kyb-platform/services/classification-service/internal/cache/redis_cache.go:191.37,193.3 1 1
kyb-platform/services/classification-service/internal/cache/redis_cache.go:194.2,194.34 1 0
kyb-platform/services/classification-service/internal/cache/redis_cache.go:198.37,199.22 1 0
kyb-platform/services/classification-service/internal/cache/redis_cache.go:199.22,201.3 1 0
kyb-platform/services/classification-service/internal/cache/redis_cache.go:202.2,202.12 1 0
kyb-platform/services/classification-service/internal/cache/redis_cache.go:206.53,207.21 1 1
kyb-platform/services/classification-service/internal/cache/redis_cache.go:207.21,209.3 1 0
kyb-platform/services/classification-service/internal/cache/redis_cache.go:210.2,210.45 1 1
kyb-platform/services/classification-service/internal/cache/website_content_cache.go:35.116,37.13 2 1
kyb-platform/services/classification-service/internal/cache/website_content_cache.go:37.13,41.53 3 0
kyb-platform/services/classification-service/internal/cache/website_content_cache.go:41.53,45.4 2 0
kyb-platform/services/classification-service/internal/cache/website_content_cache.go:48.2,54.3 1 1
kyb-platform/services/classification-service/internal/cache/website_content_cache.go:58.100,59.44 1 1
kyb-platform/services/classification-service/internal/cache/website_content_cache.go:59.44,61.3 1 1
kyb-platform/services/classification-service/internal/cache/website_content_cache.go:63.2,65.22 3 0
kyb-platform/services/classification-service/internal/cache/website_content_cache.go:65.22,67.3 1 0
kyb-platform/services/classification-service/internal/cache/website_content_cache.go:68.2,68.16 1 0
kyb-platform/services/classification-service/internal/cache/website_content_cache.go:68.16,73.3 2 0
kyb-platform/services/classification-service/internal/cache/website_content_cache.go:75.2,76.54 2 0
kyb-platform/services/classification-service/internal/cache/website_content_cache.go:76.54,81.3 2 0
kyb-platform/services/classification-service/internal/cache/website_content_cache.go:83.2,86.22 2 0
kyb-platform/services/classification-service/internal/cache/website_content_cache.go:90.107,91.44 1 1
kyb-platform/services/classification-service/internal/cache/website_content_cache.go:91.44,93.3 1 1
kyb-platform/services/classification-service/internal/cache/website_content_cache.go:95.2,97.16 3 0
kyb-platform/services/classification-service/internal/cache/website_content_cache.go:97.16,99.3 1 0
kyb-platform/services/classification-service/internal/cache/website_content_cache.go:101.2,101.75 1 0
kyb-platform/services/classification-service/internal/cache/website_content_cache.go:101.75,106.3 2 0
kyb-platform/services/classification-service/internal/cache/website_content_cache.go:108.2,111.12 2 0
kyb-platform/services/classification-service/internal/cache/website_content_cache.go:115.79,116.44 1 1
kyb-platform/services/classification-service/internal/cache/website_content_cache.go:116.44,118.3 1 1
kyb-platform/services/classification-service/internal/cache/website_content_cache.go:120.2,121.60 2 0
kyb-platform/services/classification-service/internal/cache/website_content_cache.go:121.60,126.3 2 0
kyb-platform/services/classification-service/internal/cache/website_content_cache.go:128.2,128.12 1 0
kyb-platform/services/classification-service/internal/cache/website_content_cache.go:132.59,134.2 1 0
kyb-platform/services/classification-service/internal/cache/website_content_cache.go:137.50,139.2 1 1
kyb-platform/services/classification-service/internal/handlers/classification.go:74.26,98.80 5 1
kyb-platform/services/classification-service/internal/handlers/classification.go:98.80,105.3 2 0
kyb-platform/services/classification-service/internal/handlers/classification.go:105.8,107.3 1 1
kyb-platform/services/classification-service/internal/handlers/classification.go:110.2,110.40 1 1
kyb-platform/services/classification-service/internal/handlers/classification.go:110.40,112.3 1 1
kyb-platform/services/classification-service/internal/handlers/classification.go:115.2,117.16 2 1
kyb-platform/services/classification-service/internal/handlers/classification.go:121.48,125.21 3 1
kyb-platform/services/classification-service/internal/handlers/classification.go:125.21,128.35 3 0
kyb-platform/services/classification-service/internal/handlers/classification.go:128.35,129.34 1 0
kyb-platform/services/classification-service/internal/handlers/classification.go:129.34,131.5 1 0
kyb-platform/services/classification-service/internal/handlers/classification.go:133.3,133.24 1 0
kyb-platform/services/classification-service/internal/handlers/classification.go:138.59,142.21 3 1
kyb-platform/services/classification-service/internal/handlers/classification.go:142.21,146.18 4 0
kyb-platform/services/classification-service/internal/handlers/classification.go:146.18,148.4 1 0
kyb-platform/services/classification-service/internal/handlers/classification.go:150.3,150.44 1 0
kyb-platform/services/classification-service/internal/handlers/classification.go:150.44,152.20 2 0
kyb-platform/services/classification-service/internal/handlers/classification.go:152.20,159.5 3 0
kyb-platform/services/classification-service/internal/handlers/classification.go:161.3,161.27 1 0
kyb-platform/services/classification-service/internal/handlers/classification.go:166.80,171.2 3 1
kyb-platform/services/classification-service/internal/handlers/classification.go:174.95,175.43 1 1
kyb-platform/services/classification-service/internal/handlers/classification.go:175.43,177.3 1 0
kyb-platform/services/classification-service/internal/handlers/classification.go:180.2,180.25 1 1
kyb-platform/services/classification-service/internal/handlers/classification.go:180.25,185.12 4 0
kyb-platform/services/classification-service/internal/handlers/classification.go:185.12,187.58 2 0
kyb-platform/services/classification-service/internal/handlers/classification.go:187.58,191.5 2 0
kyb-platform/services/classification-service/internal/handlers/classification.go:196.2,200.13 4 1
kyb-platform/services/classification-service/internal/handlers/classification.go:200.13,202.3 1 1
kyb-platform/services/classification-service/internal/handlers/classification.go:204.2,204.39 1 0
kyb-platform/services/classification-service/internal/handlers/classification.go:204.39,206.3 1 0
kyb-platform/services/classification-service/internal/handlers/classification.go:208.2,208.29 1 0
kyb-platform/services/classification-service/internal/handlers/classification.go:212.97,213.43 1 0
kyb-platform/services/classification-service/internal/handlers/classification.go:213.43,215.3 1 0
kyb-platform/services/classification-service/internal/handlers/classification.go:218.2,218.25 1 0
kyb-platform/services/classification-service/internal/handlers/classification.go:218.25,223.17 4 0
kyb-platform/services/classification-service/internal/handlers/classification.go:223.17,228.4 2 0
kyb-platform/services/classification-service/internal/handlers/classification.go:228.9,232.4 1 0
kyb-platform/services/classification-service/internal/handlers/classification.go:233.3,233.11 1 0
kyb-platform/services/classification-service/internal/handlers/classification.go:237.2,243.3 3 0
kyb-platform/services/classification-service/internal/handlers/classification.go:351.94,363.12 4 1
kyb-platform/services/classification-service/internal/handlers/classification.go:363.12,366.3 2 0
kyb-platform/services/classification-service/internal/handlers/classification.go:369.2,373.61 3 1
kyb-platform/services/classification-service/internal/handlers/classification.go:373.61,377.3 3 0
kyb-platform/services/classification-service/internal/handlers/classification.go:380.2,380.28 1 1
kyb-platform/services/classification-service/internal/handlers/classification.go:380.28,383.3 2 0
kyb-platform/services/classification-service/internal/handlers/classification.go:386.2,387.27 2 1
kyb-platform/services/classification-service/internal/handlers/classification.go:387.27,389.3 1 1
kyb-platform/services/classification-service/internal/handlers/classification.go:390.2,390.26 1 1
kyb-platform/services/classification-service/internal/handlers/classification.go:390.26,392.3 1 1
kyb-platform/services/classification-service/internal/handlers/classification.go:395.2,395.25 1 1
kyb-platform/services/classification-service/internal/handlers/classification.go:395.25,397.3 1 1
kyb-platform/services/classification-service/internal/handlers/classification.go:400.2,403.42 2 1
kyb-platform/services/classification-service/internal/handlers/classification.go:403.42,404.68 1 1
kyb-platform/services/classification-service/internal/handlers/classification.go:404.68,412.4 5 0
kyb-platform/services/classification-service/internal/handlers/classification.go:413.3,413.36 1 1
kyb-platform/services/classification-service/internal/handlers/classification.go:417.2,418.48 2 1
kyb-platform/services/classification-service/internal/handlers/classification.go:418.48,420.3 1 0
kyb-platform/services/classification-service/internal/handlers/classification.go:423.2,435.12 8 1
kyb-platform/services/classification-service/internal/handlers/classification.go:435.12,438.57 2 0
kyb-platform/services/classification-service/internal/handlers/classification.go:438.57,449.4 4 0
kyb-platform/services/classification-service/internal/handlers/classification.go:449.9,458.24 3 0
kyb-platform/services/classification-service/internal/handlers/classification.go:458.24,460.5 1 0
kyb-platform/services/classification-service/internal/handlers/classification.go:462.4,465.11 3 0
kyb-platform/services/classification-service/internal/handlers/classification.go:466.41,467.26 1 0
kyb-platform/services/classification-service/internal/handlers/classification.go:467.26,473.6 3 0
kyb-platform/services/classification-service/internal/handlers/classification.go:474.5,480.11 4 0
kyb-platform/services/classification-service/internal/handlers/classification.go:481.26,488.29 4 0
kyb-platform/services/classification-service/internal/handlers/classification.go:490.22,494.11 3 0
kyb-platform/services/classification-service/internal/handlers/classification.go:500.2,512.15 6 1
kyb-platform/services/classification-service/internal/handlers/classification.go:512.15,516.3 3 1
kyb-platform/services/classification-service/internal/handlers/classification.go:519.2,522.9 2 1
kyb-platform/services/classification-service/internal/handlers/classification.go:523.79,523.79 0 1
kyb-platform/services/classification-service/internal/handlers/classification.go:525.10,525.10 0 0
kyb-platform/services/classification-service/internal/handlers/classification.go:529.2,529.16 1 1
kyb-platform/services/classification-service/internal/handlers/classification.go:529.16,535.3 3 1
kyb-platform/services/classification-service/internal/handlers/classification.go:538.2,538.56 1 0
kyb-platform/services/classification-service/internal/handlers/classification.go:538.56,540.3 1 0
kyb-platform/services/classification-service/internal/handlers/classification.go:543.2,543.42 1 0
kyb-platform/services/classification-service/internal/handlers/classification.go:543.42,546.3 2 0
kyb-platform/services/classification-service/internal/handlers/classification.go:549.2,550.16 2 0
kyb-platform/services/classification-service/internal/handlers/classification.go:550.16,556.3 3 0
kyb-platform/services/classification-service/internal/handlers/classification.go:559.2,568.48 3 0
kyb-platform/services/classification-service/internal/handlers/classification.go:568.48,569.27 1 0
kyb-platform/services/classification-service/internal/handlers/classification.go:569.27,571.5 1 0
kyb-platform/services/classification-service/internal/handlers/classification.go:572.4,572.32 1 0
kyb-platform/services/classification-service/internal/handlers/classification.go:582.2,590.50 3 0
kyb-platform/services/classification-service/internal/handlers/classification.go:590.50,598.3 2 0
kyb-platform/services/classification-service/internal/handlers/classification.go:600.2,607.85 2 0
kyb-platform/services/classification-service/internal/handlers/classification.go:612.124,621.9 6 0
kyb-platform/services/classification-service/internal/handlers/classification.go:621.9,625.3 3 0
kyb-platform/services/classification-service/internal/handlers/classification.go:628.2,629.61 2 0
kyb-platform/services/classification-service/internal/handlers/classification.go:629.61,633.3 3 0
kyb-platform/services/classification-service/internal/handlers/classification.go:636.2,636.28 1 0
kyb-platform/services/classification-service/internal/handlers/classification.go:636.28,639.3 2 0
kyb-platform/services/classification-service/internal/handlers/classification.go:642.2,642.25 1 0
kyb-platform/services/classification-service/internal/handlers/classification.go:642.25,644.3 1 0
kyb-platform/services/classification-service/internal/handlers/classification.go:647.2,664.42 7 0
kyb-platform/services/classification-service/internal/handlers/classification.go:664.42,665.60 1 0
kyb-platform/services/classification-service/internal/handlers/classification.go:665.60,681.4 4 0
kyb-platform/services/classification-service/internal/handlers/classification.go:685.2,695.16 3 0
kyb-platform/services/classification-service/internal/handlers/classification.go:695.16,699.3 3 0
kyb-platform/services/classification-service/internal/handlers/classification.go:702.2,717.25 4 0
kyb-platform/services/classification-service/internal/handlers/classification.go:717.25,733.24 3 0
kyb-platform/services/classification-service/internal/handlers/classification.go:733.24,737.4 1 0
kyb-platform/services/classification-service/internal/handlers/classification.go:737.9,741.4 3 0
kyb-platform/services/classification-service/internal/handlers/classification.go:745.2,752.30 1 0
kyb-platform/services/classification-service/internal/handlers/classification.go:752.30,753.46 1 0
kyb-platform/services/classification-service/internal/handlers/classification.go:753.46,755.6 1 0
kyb-platform/services/classification-service/internal/handlers/classification.go:756.5,756.13 1 0
kyb-platform/services/classification-service/internal/handlers/classification.go:763.2,763.25 1 0
kyb-platform/services/classification-service/internal/handlers/classification.go:763.25,774.3 1 0
kyb-platform/services/classification-service/internal/handlers/classification.go:777.2,793.12 7 0
kyb-platform/services/classification-service/internal/handlers/classification.go:793.12,796.3 2 0
kyb-platform/services/classification-service/internal/handlers/classification.go:799.2,800.12 2 0
kyb-platform/services/classification-service/internal/handlers/classification.go:800.12,803.3 2 0
kyb-platform/services/classification-service/internal/handlers/classification.go:806.2,807.12 2 0
kyb-platform/services/classification-service/internal/handlers/classification.go:807.12,810.3 2 0
kyb-platform/services/classification-service/internal/handlers/classification.go:812.2,812.9 1 0
kyb-platform/services/classification-service/internal/handlers/classification.go:813.14,813.14 0 0
kyb-platform/services/classification-service/internal/handlers/classification.go:815.20,817.9 2 0
kyb-platform/services/classification-service/internal/handlers/classification.go:818.38,821.28 2 0
kyb-platform/services/classification-service/internal/handlers/classification.go:821.28,826.4 1 0
kyb-platform/services/classification-service/internal/handlers/classification.go:827.3,827.32 1 0
kyb-platform/services/classification-service/internal/handlers/classification.go:827.32,831.4 1 0
kyb-platform/services/classification-service/internal/handlers/classification.go:835.2,858.36 5 0
kyb-platform/services/classification-service/internal/handlers/classification.go:858.36,859.69 1 0
kyb-platform/services/classification-service/internal/handlers/classification.go:859.69,861.4 1 0
kyb-platform/services/classification-service/internal/handlers/classification.go:862.3,862.77 1 0
kyb-platform/services/classification-service/internal/handlers/classification.go:862.77,864.4 1 0
kyb-platform/services/classification-service/internal/handlers/classification.go:865.3,865.78 1 0
kyb-platform/services/classification-service/internal/handlers/classification.go:865.78,867.4 1 0
kyb-platform/services/classification-service/internal/handlers/classification.go:868.3,868.75 1 0
kyb-platform/services/classification-service/internal/handlers/classification.go:868.75,870.4 1 0
kyb-platform/services/classification-service/internal/handlers/classification.go:872.2,872.23 1 0
kyb-platform/services/classification-service/internal/handlers/classification.go:872.23,874.3 1 0
kyb-platform/services/classification-service/internal/handlers/classification.go:877.2,895.43 1 0
kyb-platform/services/classification-service/internal/handlers/classification.go:895.43,905.38 2 0
kyb-platform/services/classification-service/internal/handlers/classification.go:905.38,906.69 1 0
kyb-platform/services/classification-service/internal/handlers/classification.go:906.69,908.6 1 0
kyb-platform/services/classification-service/internal/handlers/classification.go:909.5,909.47 1 0
kyb-platform/services/classification-service/internal/handlers/classification.go:909.47,910.109 1 0
kyb-platform/services/classification-service/internal/handlers/classification.go:910.109,912.7 1 0
kyb-platform/services/classification-service/internal/handlers/classification.go:915.4,915.19 1 0
kyb-platform/services/classification-service/internal/handlers/classification.go:920.2,920.42 1 0
kyb-platform/services/classification-service/internal/handlers/classification.go:920.42,922.3 1 0
kyb-platform/services/classification-service/internal/handlers/classification.go:925.2,937.85 3 0
kyb-platform/services/classification-service/internal/handlers/classification.go:941.105,943.16 2 0
kyb-platform/services/classification-service/internal/handlers/classification.go:943.16,946.3 2 0
kyb-platform/services/classification-service/internal/handlers/classification.go:949.2,949.74 1 0
kyb-platform/services/classification-service/internal/handlers/classification.go:949.74,952.3 2 0
kyb-platform/services/classification-service/internal/handlers/classification.go:955.2,955.17 1 0
kyb-platform/services/classification-service/internal/handlers/classification.go:959.103,968.2 2 0
kyb-platform/services/classification-service/internal/handlers/classification.go:971.158,974.16 2 1
kyb-platform/services/classification-service/internal/handlers/classification.go:974.16,976.3 1 0
kyb-platform/services/classification-service/internal/handlers/classification.go:979.2,986.30 1 1
kyb-platform/services/classification-service/internal/handlers/classification.go:986.30,987.46 1 1
kyb-platform/services/classification-service/internal/handlers/classification.go:987.46,989.6 1 1
kyb-platform/services/classification-service/internal/handlers/classification.go:990.5,990.13 1 0
kyb-platform/services/classification-service/internal/handlers/classification.go:997.2,1005.12 6 1
kyb-platform/services/classification-service/internal/handlers/classification.go:1005.12,1008.3 2 1
kyb-platform/services/classification-service/internal/handlers/classification.go:1011.2,1012.12 2 1
kyb-platform/services/classification-service/internal/handlers/classification.go:1012.12,1015.3 2 1
kyb-platform/services/classification-service/internal/handlers/classification.go:1018.2,1019.12 2 1
kyb-platform/services/classification-service/internal/handlers/classification.go:1019.12,1022.3 2 1
kyb-platform/services/classification-service/internal/handlers/classification.go:1024.2,1024.9 1 1
kyb-platform/services/classification-service/internal/handlers/classification.go:1025.14,1028.44 1 0
kyb-platform/services/classification-service/internal/handlers/classification.go:1029.20,1031.73 1 1
kyb-platform/services/classification-service/internal/handlers/classification.go:1032.38,1037.28 2 0
kyb-platform/services/classification-service/internal/handlers/classification.go:1037.28,1042.4 1 0
kyb-platform/services/classification-service/internal/handlers/classification.go:1043.3,1043.32 1 0
kyb-platform/services/classification-service/internal/handlers/classification.go:1043.32,1047.4 1 0
kyb-platform/services/classification-service/internal/handlers/classification.go:1051.2,1053.36 3 0
kyb-platform/services/classification-service/internal/handlers/classification.go:1053.36,1054.69 1 0
kyb-platform/services/classification-service/internal/handlers/classification.go:1054.69,1056.4 1 0
kyb-platform/services/classification-service/internal/handlers/classification.go:1057.3,1057.77 1 0
kyb-platform/services/classification-service/internal/handlers/classification.go:1057.77,1059.4 1 0
kyb-platform/services/classification-service/internal/handlers/classification.go:1060.3,1060.78 1 0
kyb-platform/services/classification-service/internal/handlers/classification.go:1060.78,1062.4 1 0
kyb-platform/services/classification-service/internal/handlers/classification.go:1063.3,1063.75 1 0
kyb-platform/services/classification-service/internal/handlers/classification.go:1063.75,1065.4 1 0
kyb-platform/services/classification-service/internal/handlers/classification.go:1068.2,1068.23 1 0
kyb-platform/services/classification-service/internal/handlers/classification.go:1068.23,1070.3 1 0
kyb-platform/services/classification-service/internal/handlers/classification.go:1073.2,1091.43 1 0
kyb-platform/services/classification-service/internal/handlers/classification.go:1091.43,1101.38 2 0
kyb-platform/services/classification-service/internal/handlers/classification.go:1101.38,1102.69 1 0
kyb-platform/services/classification-service/internal/handlers/classification.go:1102.69,1104.6 1 0
kyb-platform/services/classification-service/internal/handlers/classification.go:1106.5,1106.47 1 0
kyb-platform/services/classification-service/internal/handlers/classification.go:1106.47,1107.109 1 0
kyb-platform/services/classification-service/internal/handlers/classification.go:1107.109,1109.7 1 0
kyb-platform/services/classification-service/internal/handlers/classification.go:1112.4,1112.19 1 0
kyb-platform/services/classification-service/internal/handlers/classification.go:1117.2,1123.22 2 0
kyb-platform/services/classification-service/internal/handlers/classification.go:1127.182,1176.2 9 1
kyb-platform/services/classification-service/internal/handlers/classification.go:1180.41,1181.17 1 1
kyb-platform/services/classification-service/internal/handlers/classification.go:1181.17,1183.3 1 0
kyb-platform/services/classification-service/internal/handlers/classification.go:1186.2,1198.44 5 1
kyb-platform/services/classification-service/internal/handlers/classification.go:1198.44,1200.3 1 1
kyb-platform/services/classification-service/internal/handlers/classification.go:1202.2,1202.18 1 1
kyb-platform/services/classification-service/internal/handlers/classification.go:1205.60,1207.2 1 1
kyb-platform/services/classification-service/internal/handlers/classification.go:1210.83,1216.43 4 1
kyb-platform/services/classification-service/internal/handlers/classification.go:1216.43,1217.38 1 1
kyb-platform/services/classification-service/internal/handlers/classification.go:1217.38,1219.4 1 0
kyb-platform/services/classification-service/internal/handlers/classification.go:1223.2,1225.45 3 1
kyb-platform/services/classification-service/internal/handlers/classification.go:1225.45,1226.38 1 1
kyb-platform/services/classification-service/internal/handlers/classification.go:1226.38,1228.4 1 1
kyb-platform/services/classification-service/internal/handlers/classification.go:1230.2,1230.25 1 1
kyb-platform/services/classification-service/internal/handlers/classification.go:1230.25,1232.3 1 0
kyb-platform/services/classification-service/internal/handlers/classification.go:1235.2,1237.42 3 1
kyb-platform/services/classification-service/internal/handlers/classification.go:1237.42,1238.38 1 1
kyb-platform/services/classification-service/internal/handlers/classification.go:1238.38,1240.4 1 1
kyb-platform/services/classification-service/internal/handlers/classification.go:1242.2,1242.22 1 1
kyb-platform/services/classification-service/internal/handlers/classification.go:1242.22,1244.3 1 0
kyb-platform/services/classification-service/internal/handlers/classification.go:1246.2,1246.27 1 1
kyb-platform/services/classification-service/internal/handlers/classification.go:1246.27,1248.3 1 1
kyb-platform/services/classification-service/internal/handlers/classification.go:1250.2,1250.20 1 1
kyb-platform/services/classification-service/internal/handlers/classification.go:1254.103,1259.50 3 0
kyb-platform/services/classification-service/internal/handlers/classification.go:1259.50,1260.52 1 0
kyb-platform/services/classification-service/internal/handlers/classification.go:1260.52,1262.4 1 0
kyb-platform/services/classification-service/internal/handlers/classification.go:1266.2,1267.52 2 0
kyb-platform/services/classification-service/internal/handlers/classification.go:1267.52,1268.52 1 0
kyb-platform/services/classification-service/internal/handlers/classification.go:1268.52,1270.4 1 0
kyb-platform/services/classification-service/internal/handlers/classification.go:1274.2,1275.49 2 0
kyb-platform/services/classification-service/internal/handlers/classification.go:1275.49,1276.52 1 0
kyb-platform/services/classification-service/internal/handlers/classification.go:1276.52,1278.4 1 0
kyb-platform/services/classification-service/internal/handlers/classification.go:1281.2,1281.13 1 0
kyb-platform/services/classification-service/internal/handlers/classification.go:1285.117,1286.22 1 1
kyb-platform/services/classification-service/internal/handlers/classification.go:1286.22,1288.3 1 1
kyb-platform/services/classification-service/internal/handlers/classification.go:1291.2,1292.43 2 1
kyb-platform/services/classification-service/internal/handlers/classification.go:1292.43,1293.43 1 1
kyb-platform/services/classification-service/internal/handlers/classification.go:1293.43,1295.4 1 0
kyb-platform/services/classification-service/internal/handlers/classification.go:1299.2,1299.28 1 1
kyb-platform/services/classification-service/internal/handlers/classification.go:1299.28,1300.43 1 1
kyb-platform/services/classification-service/internal/handlers/classification.go:1300.43,1302.4 1 0
kyb-platform/services/classification-service/internal/handlers/classification.go:1303.3,1303.45 1 1
kyb-platform/services/classification-service/internal/handlers/classification.go:1303.45,1305.4 1 1
kyb-platform/services/classification-service/internal/handlers/classification.go:1306.3,1306.14 1 0
kyb-platform/services/classification-service/internal/handlers/classification.go:1309.2,1309.13 1 0
kyb-platform/services/classification-service/internal/handlers/classification.go:1313.132,1317.84 2 1
kyb-platform/services/classification-service/internal/handlers/classification.go:1317.84,1319.3 1 0
kyb-platform/services/classification-service/internal/handlers/classification.go:1322.2,1322.37 1 1
kyb-platform/services/classification-service/internal/handlers/classification.go:1322.37,1323.58 1 1
kyb-platform/services/classification-service/internal/handlers/classification.go:1323.58,1325.4 1 0
kyb-platform/services/classification-service/internal/handlers/classification.go:1329.2,1329.20 1 1
kyb-platform/services/classification-service/internal/handlers/classification.go:1329.20,1331.3 1 0
kyb-platform/services/classification-service/internal/handlers/classification.go:1333.2,1333.17 1 1
kyb-platform/services/classification-service/internal/handlers/classification.go:1337.134,1341.83 2 1
kyb-platform/services/classification-service/internal/handlers/classification.go:1341.83,1343.3 1 0
kyb-platform/services/classification-service/internal/handlers/classification.go:1346.2,1346.37 1 1
kyb-platform/services/classification-service/internal/handlers/classification.go:1346.37,1347.63 1 1
kyb-platform/services/classification-service/internal/handlers/classification.go:1347.63,1349.4 1 0
kyb-platform/services/classification-service/internal/handlers/classification.go:1352.2,1352.17 1 1
kyb-platform/services/classification-service/internal/handlers/classification.go:1356.133,1361.49 3 1
kyb-platform/services/classification-service/internal/handlers/classification.go:1361.49,1362.82 1 1
kyb-platform/services/classification-service/internal/handlers/classification.go:1362.82,1364.4 1 0
kyb-platform/services/classification-service/internal/handlers/classification.go:1367.2,1367.17 1 1
kyb-platform/services/classification-service/internal/handlers/classification.go:1371.135,1375.85 2 1
kyb-platform/services/classification-service/internal/handlers/classification.go:1375.85,1377.3 1 0
kyb-platform/services/classification-service/internal/handlers/classification.go:1380.2,1383.20 2 1
kyb-platform/services/classification-service/internal/handlers/classification.go:1383.20,1385.3 1 0
kyb-platform/services/classification-service/internal/handlers/classification.go:1386.2,1386.18 1 1
kyb-platform/services/classification-service/internal/handlers/classification.go:1386.18,1388.3 1 0
kyb-platform/services/classification-service/internal/handlers/classification.go:1390.2,1390.17 1 1
kyb-platform/services/classification-service/internal/handlers/classification.go:1394.74,1395.9 1 1
kyb-platform/services/classification-service/internal/handlers/classification.go:1396.19,1397.20 1 0
kyb-platform/services/classification-service/internal/handlers/classification.go:1398.19,1399.23 1 1
kyb-platform/services/classification-service/internal/handlers/classification.go:1400.19,1401.21 1 0
kyb-platform/services/classification-service/internal/handlers/classification.go:1402.10,1403.26 1 0
kyb-platform/services/classification-service/internal/handlers/classification.go:1408.119,1412.34 2 1
kyb-platform/services/classification-service/internal/handlers/classification.go:1412.34,1415.3 2 0
kyb-platform/services/classification-service/internal/handlers/classification.go:1418.2,1418.36 1 1
kyb-platform/services/classification-service/internal/handlers/classification.go:1418.36,1421.3 2 0
kyb-platform/services/classification-service/internal/handlers/classification.go:1424.2,1424.35 1 1
kyb-platform/services/classification-service/internal/handlers/classification.go:1424.35,1427.3 2 0
kyb-platform/services/classification-service/internal/handlers/classification.go:1430.2,1430.38 1 1
kyb-platform/services/classification-service/internal/handlers/classification.go:1430.38,1433.3 2 0
kyb-platform/services/classification-service/internal/handlers/classification.go:1436.2,1436.31 1 1
kyb-platform/services/classification-service/internal/handlers/classification.go:1436.31,1439.3 2 1
kyb-platform/services/classification-service/internal/handlers/classification.go:1441.2,1441.24 1 1
kyb-platform/services/classification-service/internal/handlers/classification.go:1445.79,1459.41 3 1
kyb-platform/services/classification-service/internal/handlers/classification.go:1459.41,1460.43 1 1
kyb-platform/services/classification-service/internal/handlers/classification.go:1460.43,1462.4 1 0
kyb-platform/services/classification-service/internal/handlers/classification.go:1465.2,1465.13 1 1
kyb-platform/services/classification-service/internal/handlers/classification.go:1469.130,1476.43 4 1
kyb-platform/services/classification-service/internal/handlers/classification.go:1476.43,1477.51 1 1
kyb-platform/services/classification-service/internal/handlers/classification.go:1477.51,1479.4 1 0
kyb-platform/services/classification-service/internal/handlers/classification.go:1483.2,1483.103 1 1
kyb-platform/services/classification-service/internal/handlers/classification.go:1483.103,1485.3 1 1
kyb-platform/services/classification-service/internal/handlers/classification.go:1488.2,1488.84 1 1
kyb-platform/services/classification-service/internal/handlers/classification.go:1488.84,1490.3 1 0
kyb-platform/services/classification-service/internal/handlers/classification.go:1492.2,1492.21 1 1
kyb-platform/services/classification-service/internal/handlers/classification.go:1492.21,1494.3 1 1
kyb-platform/services/classification-service/internal/handlers/classification.go:1496.2,1496.14 1 1
kyb-platform/services/classification-service/internal/handlers/classification.go:1500.100,1505.45 4 1
kyb-platform/services/classification-service/internal/handlers/classification.go:1505.45,1506.38 1 1
kyb-platform/services/classification-service/internal/handlers/classification.go:1506.38,1508.4 1 0
kyb-platform/services/classification-service/internal/handlers/classification.go:1511.2,1511.14 1 1
kyb-platform/services/classification-service/internal/handlers/classification.go:1515.184,1534.26 1 1
kyb-platform/services/classification-service/internal/handlers/classification.go:1534.26,1535.29 1 1
kyb-platform/services/classification-service/internal/handlers/classification.go:1535.29,1537.6 1 1
kyb-platform/services/classification-service/internal/handlers/classification.go:1538.5,1538.18 1 1
kyb-platform/services/classification-service/internal/handlers/classification.go:1540.31,1541.46 1 1
kyb-platform/services/classification-service/internal/handlers/classification.go:1541.46,1543.6 1 1
kyb-platform/services/classification-service/internal/handlers/classification.go:1544.5,1544.15 1 0
kyb-platform/services/classification-service/internal/handlers/classification.go:1546.27,1547.29 1 1
kyb-platform/services/classification-service/internal/handlers/classification.go:1547.29,1549.6 1 1
kyb-platform/services/classification-service/internal/handlers/classification.go:1550.5,1550.33 1 1
kyb-platform/services/classification-service/internal/handlers/classification.go:1571.2,1573.31 3 1
kyb-platform/services/classification-service/internal/handlers/classification.go:1573.31,1574.29 1 1
kyb-platform/services/classification-service/internal/handlers/classification.go:1574.29,1577.4 2 1
kyb-platform/services/classification-service/internal/handlers/classification.go:1580.2,1581.21 2 1
kyb-platform/services/classification-service/internal/handlers/classification.go:1581.21,1583.3 1 1
kyb-platform/services/classification-service/internal/handlers/classification.go:1586.2,1587.24 2 1
kyb-platform/services/classification-service/internal/handlers/classification.go:1587.24,1589.3 1 1
kyb-platform/services/classification-service/internal/handlers/classification.go:1589.8,1589.31 1 1
kyb-platform/services/classification-service/internal/handlers/classification.go:1589.31,1591.3 1 1
kyb-platform/services/classification-service/internal/handlers/classification.go:1593.2,1600.3 1 1
kyb-platform/services/classification-service/internal/handlers/classification.go:1637.152,1639.31 1 1
kyb-platform/services/classification-service/internal/handlers/classification.go:1639.31,1643.3 2 0
kyb-platform/services/classification-service/internal/handlers/classification.go:1644.2,1644.28 1 1
kyb-platform/services/classification-service/internal/handlers/classification.go:1644.28,1648.3 2 0
kyb-platform/services/classification-service/internal/handlers/classification.go:1653.2,1665.26 4 1
kyb-platform/services/classification-service/internal/handlers/classification.go:1665.26,1667.78 2 1
kyb-platform/services/classification-service/internal/handlers/classification.go:1667.78,1672.4 2 0
kyb-platform/services/classification-service/internal/handlers/classification.go:1672.9,1672.24 1 1
kyb-platform/services/classification-service/internal/handlers/classification.go:1672.24,1676.4 1 0
kyb-platform/services/classification-service/internal/handlers/classification.go:1680.2,1680.38 1 1
kyb-platform/services/classification-service/internal/handlers/classification.go:1680.38,1682.25 2 1
kyb-platform/services/classification-service/internal/handlers/classification.go:1682.25,1684.25 2 1
kyb-platform/services/classification-service/internal/handlers/classification.go:1684.25,1689.5 2 1
kyb-platform/services/classification-service/internal/handlers/classification.go:1695.2,1697.17 3 1
kyb-platform/services/classification-service/internal/handlers/classification.go:1697.17,1699.36 2 1
kyb-platform/services/classification-service/internal/handlers/classification.go:1699.36,1704.4 2 1
kyb-platform/services/classification-service/internal/handlers/classification.go:1706.2,1714.87 4 1
kyb-platform/services/classification-service/internal/handlers/classification.go:1714.87,1716.21 2 0
kyb-platform/services/classification-service/internal/handlers/classification.go:1716.21,1718.4 1 0
kyb-platform/services/classification-service/internal/handlers/classification.go:1719.3,1719.44 1 0
kyb-platform/services/classification-service/internal/handlers/classification.go:1719.44,1725.4 2 0
kyb-platform/services/classification-service/internal/handlers/classification.go:1730.2,1732.65 3 1
kyb-platform/services/classification-service/internal/handlers/classification.go:1732.65,1735.23 3 0
kyb-platform/services/classification-service/internal/handlers/classification.go:1735.23,1741.41 4 0
kyb-platform/services/classification-service/internal/handlers/classification.go:1741.41,1747.5 2 0
kyb-platform/services/classification-service/internal/handlers/classification.go:1747.10,1752.5 1 0
kyb-platform/services/classification-service/internal/handlers/classification.go:1759.2,1762.23 3 1
kyb-platform/services/classification-service/internal/handlers/classification.go:1762.23,1766.3 1 0
kyb-platform/services/classification-service/internal/handlers/classification.go:1769.2,1769.18 1 1
kyb-platform/services/classification-service/internal/handlers/classification.go:1769.18,1774.28 2 0
kyb-platform/services/classification-service/internal/handlers/classification.go:1774.28,1776.4 1 0
kyb-platform/services/classification-service/internal/handlers/classification.go:1777.3,1777.78 1 0
kyb-platform/services/classification-service/internal/handlers/classification.go:1781.2,1781.70 1 1
kyb-platform/services/classification-service/internal/handlers/classification.go:1781.70,1790.3 2 0
kyb-platform/services/classification-service/internal/handlers/classification.go:1793.2,1793.21 1 1
kyb-platform/services/classification-service/internal/handlers/classification.go:1793.21,1795.3 1 1
kyb-platform/services/classification-service/internal/handlers/classification.go:1797.2,1797.71 1 0
kyb-platform/services/classification-service/internal/handlers/classification.go:1801.184,1817.17 4 0
kyb-platform/services/classification-service/internal/handlers/classification.go:1817.17,1819.36 2 0
kyb-platform/services/classification-service/internal/handlers/classification.go:1819.36,1824.4 2 0
kyb-platform/services/classification-service/internal/handlers/classification.go:1828.2,1829.52 2 0
kyb-platform/services/classification-service/internal/handlers/classification.go:1829.52,1834.3 2 0
kyb-platform/services/classification-service/internal/handlers/classification.go:1837.2,1837.21 1 0
kyb-platform/services/classification-service/internal/handlers/classification.go:1837.21,1839.80 1 0
kyb-platform/services/classification-service/internal/handlers/classification.go:1839.80,1842.49 1 0
kyb-platform/services/classification-service/internal/handlers/classification.go:1842.49,1847.5 2 0
kyb-platform/services/classification-service/internal/handlers/classification.go:1852.2,1855.20 3 0
kyb-platform/services/classification-service/internal/handlers/classification.go:1855.20,1859.17 3 0
kyb-platform/services/classification-service/internal/handlers/classification.go:1859.17,1866.4 3 0
kyb-platform/services/classification-service/internal/handlers/classification.go:1867.8,1870.3 1 0
kyb-platform/services/classification-service/internal/handlers/classification.go:1871.2,1871.64 1 0
kyb-platform/services/classification-service/internal/handlers/classification.go:1871.64,1873.3 1 0
kyb-platform/services/classification-service/internal/handlers/classification.go:1876.2,1877.43 2 0
kyb-platform/services/classification-service/internal/handlers/classification.go:1877.43,1879.3 1 0
kyb-platform/services/classification-service/internal/handlers/classification.go:1881.2,1897.16 4 0
kyb-platform/services/classification-service/internal/handlers/classification.go:1897.16,1906.3 2 0
kyb-platform/services/classification-service/internal/handlers/classification.go:1909.2,1909.87 1 0
kyb-platform/services/classification-service/internal/handlers/classification.go:1914.198,1924.55 3 1
kyb-platform/services/classification-service/internal/handlers/classification.go:1924.55,1929.3 2 1
kyb-platform/services/classification-service/internal/handlers/classification.go:1930.2,1930.16 1 1
kyb-platform/services/classification-service/internal/handlers/classification.go:1930.16,1942.3 2 0
kyb-platform/services/classification-service/internal/handlers/classification.go:1942.8,1965.22 5 1
kyb-platform/services/classification-service/internal/handlers/classification.go:1965.22,1995.4 2 0
kyb-platform/services/classification-service/internal/handlers/classification.go:2001.2,2010.26 5 1
kyb-platform/services/classification-service/internal/handlers/classification.go:2010.26,2023.3 2 0
kyb-platform/services/classification-service/internal/handlers/classification.go:2023.8,2026.66 2 1
kyb-platform/services/classification-service/internal/handlers/classification.go:2026.66,2029.28 2 0
kyb-platform/services/classification-service/internal/handlers/classification.go:2029.28,2034.5 2 0
kyb-platform/services/classification-service/internal/handlers/classification.go:2037.3,2051.24 3 1
kyb-platform/services/classification-service/internal/handlers/classification.go:2051.24,2061.4 2 0
kyb-platform/services/classification-service/internal/handlers/classification.go:2061.9,2067.4 1 1
kyb-platform/services/classification-service/internal/handlers/classification.go:2072.2,2075.32 3 1
kyb-platform/services/classification-service/internal/handlers/classification.go:2075.32,2077.3 1 0
kyb-platform/services/classification-service/internal/handlers/classification.go:2078.2,2083.37 4 1
kyb-platform/services/classification-service/internal/handlers/classification.go:2083.37,2084.27 1 0
kyb-platform/services/classification-service/internal/handlers/classification.go:2084.27,2085.9 1 0
kyb-platform/services/classification-service/internal/handlers/classification.go:2087.3,2094.29 2 0
kyb-platform/services/classification-service/internal/handlers/classification.go:2094.29,2097.4 2 0
kyb-platform/services/classification-service/internal/handlers/classification.go:2097.9,2100.4 2 0
kyb-platform/services/classification-service/internal/handlers/classification.go:2102.3,2102.44 1 0
kyb-platform/services/classification-service/internal/handlers/classification.go:2105.2,2106.32 2 1
kyb-platform/services/classification-service/internal/handlers/classification.go:2106.32,2108.3 1 0
kyb-platform/services/classification-service/internal/handlers/classification.go:2109.2,2111.37 2 1
kyb-platform/services/classification-service/internal/handlers/classification.go:2111.37,2112.27 1 0
kyb-platform/services/classification-service/internal/handlers/classification.go:2112.27,2113.9 1 0
kyb-platform/services/classification-service/internal/handlers/classification.go:2115.3,2121.29 2 0
kyb-platform/services/classification-service/internal/handlers/classification.go:2121.29,2124.4 2 0
kyb-platform/services/classification-service/internal/handlers/classification.go:2124.9,2127.4 2 0
kyb-platform/services/classification-service/internal/handlers/classification.go:2129.3,2129.44 1 0
kyb-platform/services/classification-service/internal/handlers/classification.go:2132.2,2133.34 2 1
kyb-platform/services/classification-service/internal/handlers/classification.go:2133.34,2135.3 1 0
kyb-platform/services/classification-service/internal/handlers/classification.go:2136.2,2138.39 2 1
kyb-platform/services/classification-service/internal/handlers/classification.go:2138.39,2139.27 1 0
kyb-platform/services/classification-service/internal/handlers/classification.go:2139.27,2140.9 1 0
kyb-platform/services/classification-service/internal/handlers/classification.go:2142.3,2148.29 2 0
kyb-platform/services/classification-service/internal/handlers/classification.go:2148.29,2151.4 2 0
kyb-platform/services/classification-service/internal/handlers/classification.go:2151.9,2154.4 2 0
kyb-platform/services/classification-service/internal/handlers/classification.go:2156.3,2156.48 1 0
kyb-platform/services/classification-service/internal/handlers/classification.go:2160.2,2161.28 2 1
kyb-platform/services/classification-service/internal/handlers/classification.go:2161.28,2163.3 1 1
kyb-platform/services/classification-service/internal/handlers/classification.go:2163.8,2163.36 1 0
kyb-platform/services/classification-service/internal/handlers/classification.go:2163.36,2165.3 1 0
kyb-platform/services/classification-service/internal/handlers/classification.go:2167.2,2207.26 7 1
kyb-platform/services/classification-service/internal/handlers/classification.go:2207.26,2209.3 1 1
kyb-platform/services/classification-service/internal/handlers/classification.go:2210.2,2210.38 1 1
kyb-platform/services/classification-service/internal/handlers/classification.go:2210.38,2212.3 1 0
kyb-platform/services/classification-service/internal/handlers/classification.go:2218.2,2228.68 3 1
kyb-platform/services/classification-service/internal/handlers/classification.go:2228.68,2230.74 1 1
kyb-platform/services/classification-service/internal/handlers/classification.go:2230.74,2236.4 1 0
kyb-platform/services/classification-service/internal/handlers/classification.go:2239.2,2266.28 3 1
kyb-platform/services/classification-service/internal/handlers/classification.go:2266.28,2268.3 1 1
kyb-platform/services/classification-service/internal/handlers/classification.go:2269.2,2278.20 2 1
kyb-platform/services/classification-service/internal/handlers/classification.go:2283.170,2300.81 7 1
kyb-platform/services/classification-service/internal/handlers/classification.go:2300.81,2307.3 3 1
kyb-platform/services/classification-service/internal/handlers/classification.go:2307.8,2312.31 3 1
kyb-platform/services/classification-service/internal/handlers/classification.go:2312.31,2314.4 1 1
kyb-platform/services/classification-service/internal/handlers/classification.go:2314.9,2316.4 1 0
kyb-platform/services/classification-service/internal/handlers/classification.go:2317.3,2321.46 1 1
kyb-platform/services/classification-service/internal/handlers/classification.go:2325.2,2326.27 2 1
kyb-platform/services/classification-service/internal/handlers/classification.go:2326.27,2328.3 1 0
kyb-platform/services/classification-service/internal/handlers/classification.go:2331.2,2333.45 3 1
kyb-platform/services/classification-service/internal/handlers/classification.go:2333.45,2335.27 2 1
kyb-platform/services/classification-service/internal/handlers/classification.go:2335.27,2338.4 2 1
kyb-platform/services/classification-service/internal/handlers/classification.go:2340.2,2340.39 1 1
kyb-platform/services/classification-service/internal/handlers/classification.go:2340.39,2342.27 2 1
kyb-platform/services/classification-service/internal/handlers/classification.go:2342.27,2345.4 2 1
kyb-platform/services/classification-service/internal/handlers/classification.go:2350.2,2358.24 5 1
kyb-platform/services/classification-service/internal/handlers/classification.go:2358.24,2360.3 1 1
kyb-platform/services/classification-service/internal/handlers/classification.go:2360.8,2362.3 1 1
kyb-platform/services/classification-service/internal/handlers/classification.go:2363.2,2374.28 4 1
kyb-platform/services/classification-service/internal/handlers/classification.go:2374.28,2376.3 1 1
kyb-platform/services/classification-service/internal/handlers/classification.go:2379.2,2380.36 2 1
kyb-platform/services/classification-service/internal/handlers/classification.go:2380.36,2381.45 1 0
kyb-platform/services/classification-service/internal/handlers/classification.go:2381.45,2383.4 1 0
kyb-platform/services/classification-service/internal/handlers/classification.go:2385.2,2385.30 1 1
kyb-platform/services/classification-service/internal/handlers/classification.go:2385.30,2386.39 1 0
kyb-platform/services/classification-service/internal/handlers/classification.go:2386.39,2388.4 1 0
kyb-platform/services/classification-service/internal/handlers/classification.go:2390.2,2412.3 6 1
kyb-platform/services/classification-service/internal/handlers/classification.go:2416.94,2420.31 2 1
kyb-platform/services/classification-service/internal/handlers/classification.go:2420.31,2422.3 1 1
kyb-platform/services/classification-service/internal/handlers/classification.go:2425.2,2425.33 1 1
kyb-platform/services/classification-service/internal/handlers/classification.go:2425.33,2426.47 1 1
kyb-platform/services/classification-service/internal/handlers/classification.go:2426.47,2428.4 1 0
kyb-platform/services/classification-service/internal/handlers/classification.go:2432.2,2433.31 2 1
kyb-platform/services/classification-service/internal/handlers/classification.go:2433.31,2435.3 1 1
kyb-platform/services/classification-service/internal/handlers/classification.go:2438.2,2438.21 1 1
kyb-platform/services/classification-service/internal/handlers/classification.go:2438.21,2440.38 1 0
kyb-platform/services/classification-service/internal/handlers/classification.go:2440.38,2441.41 1 0
kyb-platform/services/classification-service/internal/handlers/classification.go:2441.41,2442.52 1 0
kyb-platform/services/classification-service/internal/handlers/classification.go:2442.52,2444.6 1 0
kyb-platform/services/classification-service/internal/handlers/classification.go:2447.3,2447.22 1 0
kyb-platform/services/classification-service/internal/handlers/classification.go:2450.2,2450.15 1 1
kyb-platform/services/classification-service/internal/handlers/classification.go:2454.98,2457.91 2 1
kyb-platform/services/classification-service/internal/handlers/classification.go:2457.91,2459.3 1 0
kyb-platform/services/classification-service/internal/handlers/classification.go:2460.2,2460.48 1 1
kyb-platform/services/classification-service/internal/handlers/classification.go:2460.48,2462.3 1 0
kyb-platform/services/classification-service/internal/handlers/classification.go:2463.2,2463.98 1 1
kyb-platform/services/classification-service/internal/handlers/classification.go:2463.98,2465.3 1 1
kyb-platform/services/classification-service/internal/handlers/classification.go:2466.2,2466.93 1 1
kyb-platform/services/classification-service/internal/handlers/classification.go:2466.93,2468.3 1 0
kyb-platform/services/classification-service/internal/handlers/classification.go:2469.2,2469.50 1 1
kyb-platform/services/classification-service/internal/handlers/classification.go:2469.50,2471.3 1 0
kyb-platform/services/classification-service/internal/handlers/classification.go:2472.2,2472.19 1 1
kyb-platform/services/classification-service/internal/handlers/classification.go:2482.3,2483.35 1 0
kyb-platform/services/classification-service/internal/handlers/classification.go:2483.35,2485.3 1 0
kyb-platform/services/classification-service/internal/handlers/classification.go:2488.2,2490.20 3 0
kyb-platform/services/classification-service/internal/handlers/classification.go:2490.20,2492.3 1 0
kyb-platform/services/classification-service/internal/handlers/classification.go:2497.2,2504.16 2 0
kyb-platform/services/classification-service/internal/handlers/classification.go:2504.16,2509.3 2 0
kyb-platform/services/classification-service/internal/handlers/classification.go:2512.2,2512.26 1 0
kyb-platform/services/classification-service/internal/handlers/classification.go:2512.26,2521.37 1 0
kyb-platform/services/classification-service/internal/handlers/classification.go:2521.37,2522.54 1 0
kyb-platform/services/classification-service/internal/handlers/classification.go:2522.54,2524.6 1 0
kyb-platform/services/classification-service/internal/handlers/classification.go:2525.5,2525.13 1 0
kyb-platform/services/classification-service/internal/handlers/classification.go:2531.3,2531.81 1 0
kyb-platform/services/classification-service/internal/handlers/classification.go:2531.81,2536.4 1 0
kyb-platform/services/classification-service/internal/handlers/classification.go:2539.2,2546.48 2 0
kyb-platform/services/classification-service/internal/handlers/classification.go:2546.48,2551.17 3 0
kyb-platform/services/classification-service/internal/handlers/classification.go:2551.17,2556.4 2 0
kyb-platform/services/classification-service/internal/handlers/classification.go:2558.3,2563.62 1 0
kyb-platform/services/classification-service/internal/handlers/classification.go:2572.63,2575.2 2 0
kyb-platform/services/classification-service/internal/handlers/classification.go:2578.64,2580.2 1 1
kyb-platform/services/classification-service/internal/handlers/classification.go:2583.84,2585.29 2 0
kyb-platform/services/classification-service/internal/handlers/classification.go:2585.29,2592.3 1 0
kyb-platform/services/classification-service/internal/handlers/classification.go:2593.2,2593.15 1 0
kyb-platform/services/classification-service/internal/handlers/classification.go:2597.84,2599.29 2 0
kyb-platform/services/classification-service/internal/handlers/classification.go:2599.29,2606.3 1 0
kyb-platform/services/classification-service/internal/handlers/classification.go:2607.2,2607.15 1 0
kyb-platform/services/classification-service/internal/handlers/classification.go:2611.88,2613.29 2 0
kyb-platform/services/classification-service/internal/handlers/classification.go:2613.29,2620.3 1 0
kyb-platform/services/classification-service/internal/handlers/classification.go:2621.2,2621.15 1 0
kyb-platform/services/classification-service/internal/handlers/classification.go:2630.33,2633.43 2 0
kyb-platform/services/classification-service/internal/handlers/classification.go:2633.43,2635.3 1 0
kyb-platform/services/classification-service/internal/handlers/classification.go:2638.2,2639.62 2 0
kyb-platform/services/classification-service/internal/handlers/classification.go:2639.62,2641.3 1 0
kyb-platform/services/classification-service/internal/handlers/classification.go:2644.2,2698.15 8 0
kyb-platform/services/classification-service/internal/handlers/classification.go:2702.79,2717.29 5 1
kyb-platform/services/classification-service/internal/handlers/classification.go:2717.29,2720.55 2 1
kyb-platform/services/classification-service/internal/handlers/classification.go:2720.55,2723.4 2 1
kyb-platform/services/classification-service/internal/handlers/classification.go:2725.2,2725.17 1 1
kyb-platform/services/classification-service/internal/handlers/classification.go:2729.107,2731.29 2 0
kyb-platform/services/classification-service/internal/handlers/classification.go:2731.29,2732.17 1 0
kyb-platform/services/classification-service/internal/handlers/classification.go:2732.17,2733.9 1 0
kyb-platform/services/classification-service/internal/handlers/classification.go:2735.3,2740.5 1 0
kyb-platform/services/classification-service/internal/handlers/classification.go:2742.2,2742.15 1 0
kyb-platform/services/classification-service/internal/handlers/classification.go:2746.107,2748.29 2 0
kyb-platform/services/classification-service/internal/handlers/classification.go:2748.29,2749.17 1 0
kyb-platform/services/classification-service/internal/handlers/classification.go:2749.17,2750.9 1 0
kyb-platform/services/classification-service/internal/handlers/classification.go:2752.3,2757.5 1 0
kyb-platform/services/classification-service/internal/handlers/classification.go:2759.2,2759.15 1 0
kyb-platform/services/classification-service/internal/handlers/classification.go:2763.111,2765.29 2 0
kyb-platform/services/classification-service/internal/handlers/classification.go:2765.29,2766.17 1 0
kyb-platform/services/classification-service/internal/handlers/classification.go:2766.17,2767.9 1 0
kyb-platform/services/classification-service/internal/handlers/classification.go:2769.3,2774.5 1 0
kyb-platform/services/classification-service/internal/handlers/classification.go:2776.2,2776.15 1 0
kyb-platform/services/classification-service/internal/handlers/classification.go:2780.86,2793.58 7 0
kyb-platform/services/classification-service/internal/handlers/classification.go:2793.58,2796.3 2 0
kyb-platform/services/classification-service/internal/handlers/classification.go:2799.2,2800.16 2 0
kyb-platform/services/classification-service/internal/handlers/classification.go:2800.16,2802.3 1 0
kyb-platform/services/classification-service/internal/handlers/classification.go:2805.2,2806.30 2 0
kyb-platform/services/classification-service/internal/handlers/classification.go:2806.30,2808.73 1 0
kyb-platform/services/classification-service/internal/handlers/classification.go:2808.73,2831.37 7 0
kyb-platform/services/classification-service/internal/handlers/classification.go:2831.37,2835.5 2 0
kyb-platform/services/classification-service/internal/handlers/classification.go:2835.10,2835.25 1 0
kyb-platform/services/classification-service/internal/handlers/classification.go:2835.25,2837.5 1 0
kyb-platform/services/classification-service/internal/handlers/classification.go:2838.9,2844.4 1 0
kyb-platform/services/classification-service/internal/handlers/classification.go:2845.8,2850.3 1 0
kyb-platform/services/classification-service/internal/handlers/classification.go:2853.2,2876.22 3 0
kyb-platform/services/classification-service/internal/handlers/classification.go:2876.22,2879.3 2 0
kyb-platform/services/classification-service/internal/handlers/classification.go:2881.2,2882.35 2 0
kyb-platform/services/classification-service/internal/handlers/validation.go:34.90,40.61 3 0
kyb-platform/services/classification-service/internal/handlers/validation.go:40.61,44.3 3 0
kyb-platform/services/classification-service/internal/handlers/validation.go:47.2,47.25 1 0
kyb-platform/services/classification-service/internal/handlers/validation.go:47.25,50.3 2 0
kyb-platform/services/classification-service/internal/handlers/validation.go:52.2,52.30 1 0
kyb-platform/services/classification-service/internal/handlers/validation.go:52.30,55.3 2 0
kyb-platform/services/classification-service/internal/handlers/validation.go:58.2,58.27 1 0
kyb-platform/services/classification-service/internal/handlers/validation.go:58.27,60.3 1 0
kyb-platform/services/classification-service/internal/handlers/validation.go:63.2,68.26 4 0
kyb-platform/services/classification-service/internal/handlers/validation.go:68.26,72.3 3 0
kyb-platform/services/classification-service/internal/handlers/validation.go:75.2,82.16 2 0
kyb-platform/services/classification-service/internal/handlers/validation.go:82.16,89.60 2 0
kyb-platform/services/classification-service/internal/handlers/validation.go:89.60,92.4 2 0
kyb-platform/services/classification-service/internal/handlers/validation.go:94.3,95.9 2 0
kyb-platform/services/classification-service/internal/handlers/validation.go:104.2,117.37 4 0
kyb-platform/internal/classification/repository/accuracy_tracking.go:12.133,13.21 1 0
kyb-platform/internal/classification/repository/accuracy_tracking.go:13.21,15.3 1 0
kyb-platform/internal/classification/repository/accuracy_tracking.go:18.2,19.28 2 0
kyb-platform/internal/classification/repository/accuracy_tracking.go:19.28,21.3 1 0
kyb-platform/internal/classification/repository/accuracy_tracking.go:24.2,38.35 2 0
kyb-platform/internal/classification/repository/accuracy_tracking.go:38.35,40.3 1 0
kyb-platform/internal/classification/repository/accuracy_tracking.go:43.2,43.35 1 0
kyb-platform/internal/classification/repository/accuracy_tracking.go:43.35,45.3 1 0
kyb-platform/internal/classification/repository/accuracy_tracking.go:48.2,48.31 1 0
kyb-platform/internal/classification/repository/accuracy_tracking.go:48.31,50.3 1 0
kyb-platform/internal/classification/repository/accuracy_tracking.go:53.2,53.33 1 0
kyb-platform/internal/classification/repository/accuracy_tracking.go:53.33,55.3 1 0
kyb-platform/internal/classification/repository/accuracy_tracking.go:58.2,58.32 1 0
kyb-platform/internal/classification/repository/accuracy_tracking.go:58.32,60.3 1 0
kyb-platform/internal/classification/repository/accuracy_tracking.go:65.2,70.16 3 0
kyb-platform/internal/classification/repository/accuracy_tracking.go:70.16,73.3 2 0
kyb-platform/internal/classification/repository/accuracy_tracking.go:75.2,76.12 2 0
kyb-platform/internal/classification/repository/accuracy_tracking.go:86.9,87.21 1 0
kyb-platform/internal/classification/repository/accuracy_tracking.go:87.21,89.3 1 0
kyb-platform/internal/classification/repository/accuracy_tracking.go:92.2,93.28 2 0
kyb-platform/internal/classification/repository/accuracy_tracking.go:93.28,95.3 1 0
kyb-platform/internal/classification/repository/accuracy_tracking.go:98.2,117.16 4 0
kyb-platform/internal/classification/repository/accuracy_tracking.go:117.16,119.3 1 0
kyb-platform/internal/classification/repository/accuracy_tracking.go:121.2,121.66 1 0
kyb-platform/internal/classification/repository/accuracy_tracking.go:121.66,123.3 1 0
kyb-platform/internal/classification/repository/accuracy_tracking.go:126.2,131.16 4 0
kyb-platform/internal/classification/repository/accuracy_tracking.go:131.16,133.3 1 0
kyb-platform/internal/classification/repository/accuracy_tracking.go:136.2,141.16 2 0
kyb-platform/internal/classification/repository/accuracy_tracking.go:141.16,144.3 2 0
kyb-platform/internal/classification/repository/accuracy_tracking.go:146.2,148.12 2 0
kyb-platform/internal/classification/repository/accuracy_tracking.go:157.40,158.21 1 0
kyb-platform/internal/classification/repository/accuracy_tracking.go:158.21,160.3 1 0
kyb-platform/internal/classification/repository/accuracy_tracking.go:163.2,164.28 2 0
kyb-platform/internal/classification/repository/accuracy_tracking.go:164.28,166.3 1 0
kyb-platform/internal/classification/repository/accuracy_tracking.go:171.2,175.16 2 0
kyb-platform/internal/classification/repository/accuracy_tracking.go:175.16,177.3 1 0
kyb-platform/internal/classification/repository/accuracy_tracking.go:179.2,188.59 2 0
kyb-platform/internal/classification/repository/accuracy_tracking.go:188.59,190.3 1 0
kyb-platform/internal/classification/repository/accuracy_tracking.go:193.2,194.33 2 0
kyb-platform/internal/classification/repository/accuracy_tracking.go:194.33,203.3 1 0
kyb-platform/internal/classification/repository/accuracy_tracking.go:205.2,205.24 1 0
kyb-platform/internal/classification/repository/adapter.go:17.88,19.2 1 0
kyb-platform/internal/classification/repository/adapter.go:22.68,24.2 1 0
kyb-platform/internal/classification/repository/adapter.go:27.47,29.2 1 0
kyb-platform/internal/classification/repository/adapter.go:32.65,34.2 1 0
kyb-platform/internal/classification/repository/adapter.go:37.57,39.2 1 0
kyb-platform/internal/classification/repository/adapter.go:42.79,44.2 1 0
kyb-platform/internal/classification/repository/adapter.go:52.77,54.52 1 0
kyb-platform/internal/classification/repository/adapter.go:54.52,56.3 1 0
kyb-platform/internal/classification/repository/adapter.go:58.2,58.31 1 0
kyb-platform/internal/classification/repository/adapter.go:68.95,71.2 2 0
kyb-platform/internal/classification/repository/adapter.go:73.129,76.2 2 0
kyb-platform/internal/classification/repository/adapter.go:78.104,81.2 2 0
kyb-platform/internal/classification/repository/adapter.go:83.79,84.20 1 0
kyb-platform/internal/classification/repository/adapter.go:84.20,88.10 1 0
kyb-platform/internal/classification/repository/adapter.go:88.10,90.4 1 0
kyb-platform/internal/classification/repository/adapter.go:92.2,92.10 1 0
kyb-platform/internal/classification/repository/adapter.go:95.82,96.20 1 0
kyb-platform/internal/classification/repository/adapter.go:96.20,100.10 1 0
kyb-platform/internal/classification/repository/adapter.go:100.10,102.4 1 0
kyb-platform/internal/classification/repository/adapter.go:104.2,104.10 1 0
kyb-platform/internal/classification/repository/adapter.go:107.90,108.20 1 0
kyb-platform/internal/classification/repository/adapter.go:108.20,112.10 1 0
kyb-platform/internal/classification/repository/adapter.go:112.10,114.4 1 0
kyb-platform/internal/classification/repository/adapter.go:116.2,116.10 1 0
kyb-platform/internal/classification/repository/adapter.go:119.105,120.20 1 0
kyb-platform/internal/classification/repository/adapter.go:120.20,124.10 1 0
kyb-platform/internal/classification/repository/adapter.go:124.10,126.4 1 0
kyb-platform/internal/classification/repository/adapter.go:128.2,128.10 1 0
kyb-platform/internal/classification/repository/adapter.go:131.92,132.20 1 0
kyb-platform/internal/classification/repository/adapter.go:132.20,134.73 1 0
kyb-platform/internal/classification/repository/adapter.go:134.73,136.4 1 0
kyb-platform/internal/classification/repository/adapter.go:138.2,138.10 1 0
kyb-platform/internal/classification/repository/adapter.go:141.63,142.20 1 0
kyb-platform/internal/classification/repository/adapter.go:142.20,144.63 1 0
kyb-platform/internal/classification/repository/adapter.go:144.63,146.4 1 0
kyb-platform/internal/classification/repository/adapter.go:148.2,148.10 1 0
kyb-platform/internal/classification/repository/adapter.go:151.64,152.20 1 0
kyb-platform/internal/classification/repository/adapter.go:152.20,156.10 1 0
kyb-platform/internal/classification/repository/adapter.go:156.10,158.4 1 0
kyb-platform/internal/classification/repository/adapter.go:160.2,160.26 1 0
kyb-platform/internal/classification/repository/adapter.go:166.96,168.2 1 0
kyb-platform/internal/classification/repository/adapter.go:169.130,171.2 1 0
kyb-platform/internal/classification/repository/adapter.go:172.105,174.2 1 0
kyb-platform/internal/classification/repository/adapter.go:175.91,175.103 1 0
kyb-platform/internal/classification/repository/adapter.go:176.91,176.103 1 0
kyb-platform/internal/classification/repository/adapter.go:177.91,177.103 1 0
kyb-platform/internal/classification/repository/adapter.go:178.106,180.2 1 0
kyb-platform/internal/classification/repository/adapter.go:181.93,181.105 1 0
kyb-platform/internal/classification/repository/adapter.go:182.93,182.105 1 0
kyb-platform/internal/classification/repository/adapter.go:183.93,183.121 1 0
kyb-platform/internal/classification/repository/brand_matcher.go:15.56,183.2 2 1
kyb-platform/internal/classification/repository/brand_matcher.go:187.97,188.24 1 1
kyb-platform/internal/classification/repository/brand_matcher.go:188.24,190.3 1 0
kyb-platform/internal/classification/repository/brand_matcher.go:193.2,194.22 2 1
kyb-platform/internal/classification/repository/brand_matcher.go:194.22,196.3 1 0
kyb-platform/internal/classification/repository/brand_matcher.go:199.2,199.32 1 1
kyb-platform/internal/classification/repository/brand_matcher.go:199.32,202.3 2 1
kyb-platform/internal/classification/repository/brand_matcher.go:205.2,205.36 1 1
kyb-platform/internal/classification/repository/brand_matcher.go:205.36,206.81 1 1
kyb-platform/internal/classification/repository/brand_matcher.go:206.81,208.47 1 0
kyb-platform/internal/classification/repository/brand_matcher.go:208.47,211.5 2 0
kyb-platform/internal/classification/repository/brand_matcher.go:215.2,215.23 1 1
kyb-platform/internal/classification/repository/brand_matcher.go:219.67,234.34 3 1
kyb-platform/internal/classification/repository/brand_matcher.go:234.34,235.44 1 1
kyb-platform/internal/classification/repository/brand_matcher.go:235.44,238.4 2 1
kyb-platform/internal/classification/repository/brand_matcher.go:241.2,241.19 1 1
kyb-platform/internal/classification/repository/brand_matcher.go:245.59,247.2 1 1
kyb-platform/internal/classification/repository/classification_metrics.go:34.56,35.17 1 0
kyb-platform/internal/classification/repository/classification_metrics.go:35.17,100.3 1 0
kyb-platform/internal/classification/repository/classification_metrics.go:102.2,102.16 1 0
kyb-platform/internal/classification/repository/classification_metrics.go:106.79,107.14 1 0
kyb-platform/internal/classification/repository/classification_metrics.go:107.14,109.3 1 0
kyb-platform/internal/classification/repository/classification_metrics.go:110.2,110.29 1 0
kyb-platform/internal/classification/repository/classification_metrics.go:110.29,112.3 1 0
kyb-platform/internal/classification/repository/classification_metrics.go:116.71,117.14 1 0
kyb-platform/internal/classification/repository/classification_metrics.go:117.14,119.3 1 0
kyb-platform/internal/classification/repository/classification_metrics.go:120.2,121.11 2 0
kyb-platform/internal/classification/repository/classification_metrics.go:121.11,123.3 1 0
kyb-platform/internal/classification/repository/classification_metrics.go:124.2,124.60 1 0
kyb-platform/internal/classification/repository/classification_metrics.go:128.67,129.14 1 0
kyb-platform/internal/classification/repository/classification_metrics.go:129.14,131.3 1 0
kyb-platform/internal/classification/repository/classification_metrics.go:132.2,132.20 1 0
kyb-platform/internal/classification/repository/classification_metrics.go:132.20,134.3 1 0
kyb-platform/internal/classification/repository/classification_metrics.go:135.2,135.53 1 0
kyb-platform/internal/classification/repository/classification_metrics.go:139.95,140.14 1 0
kyb-platform/internal/classification/repository/classification_metrics.go:140.14,142.3 1 0
kyb-platform/internal/classification/repository/classification_metrics.go:143.2,143.79 1 0
kyb-platform/internal/classification/repository/classification_metrics.go:147.101,148.14 1 0
kyb-platform/internal/classification/repository/classification_metrics.go:148.14,150.3 1 0
kyb-platform/internal/classification/repository/classification_metrics.go:151.2,151.20 1 0
kyb-platform/internal/classification/repository/classification_metrics.go:151.20,153.3 1 0
kyb-platform/internal/classification/repository/classification_metrics.go:154.2,154.85 1 0
kyb-platform/internal/classification/repository/classification_metrics.go:158.72,159.14 1 0
kyb-platform/internal/classification/repository/classification_metrics.go:159.14,161.3 1 0
kyb-platform/internal/classification/repository/classification_metrics.go:162.2,162.48 1 0
kyb-platform/internal/classification/repository/classification_metrics.go:166.61,167.14 1 0
kyb-platform/internal/classification/repository/classification_metrics.go:167.14,169.3 1 0
kyb-platform/internal/classification/repository/classification_metrics.go:170.2,170.40 1 0
kyb-platform/internal/classification/repository/classification_metrics.go:174.67,176.2 1 0
kyb-platform/internal/classification/repository/code_metadata_repository.go:22.109,23.19 1 1
kyb-platform/internal/classification/repository/code_metadata_repository.go:23.19,25.3 1 0
kyb-platform/internal/classification/repository/code_metadata_repository.go:26.2,29.3 1 1
kyb-platform/internal/classification/repository/code_metadata_repository.go:51.117,52.21 1 1
kyb-platform/internal/classification/repository/code_metadata_repository.go:52.21,54.3 1 1
kyb-platform/internal/classification/repository/code_metadata_repository.go:56.2,57.28 2 0
kyb-platform/internal/classification/repository/code_metadata_repository.go:57.28,59.3 1 0
kyb-platform/internal/classification/repository/code_metadata_repository.go:61.2,70.16 2 0
kyb-platform/internal/classification/repository/code_metadata_repository.go:70.16,72.93 1 0
kyb-platform/internal/classification/repository/code_metadata_repository.go:72.93,74.4 1 0
kyb-platform/internal/classification/repository/code_metadata_repository.go:75.3,75.65 1 0
kyb-platform/internal/classification/repository/code_metadata_repository.go:78.2,79.60 2 0
kyb-platform/internal/classification/repository/code_metadata_repository.go:79.60,81.3 1 0
kyb-platform/internal/classification/repository/code_metadata_repository.go:83.2,83.23 1 0
kyb-platform/internal/classification/repository/code_metadata_repository.go:87.151,91.29 2 1
kyb-platform/internal/classification/repository/code_metadata_repository.go:91.29,93.17 2 1
kyb-platform/internal/classification/repository/code_metadata_repository.go:93.17,95.12 2 1
kyb-platform/internal/classification/repository/code_metadata_repository.go:97.3,97.22 1 0
kyb-platform/internal/classification/repository/code_metadata_repository.go:97.22,100.4 2 0
kyb-platform/internal/classification/repository/code_metadata_repository.go:103.2,103.20 1 1
kyb-platform/internal/classification/repository/code_metadata_repository.go:112.11,114.35 2 1
kyb-platform/internal/classification/repository/code_metadata_repository.go:114.35,116.3 1 1
kyb-platform/internal/classification/repository/code_metadata_repository.go:118.2,125.78 2 0
kyb-platform/internal/classification/repository/code_metadata_repository.go:125.78,126.43 1 0
kyb-platform/internal/classification/repository/code_metadata_repository.go:126.43,127.45 1 0
kyb-platform/internal/classification/repository/code_metadata_repository.go:127.45,131.25 3 0
kyb-platform/internal/classification/repository/code_metadata_repository.go:131.25,133.6 1 0
kyb-platform/internal/classification/repository/code_metadata_repository.go:134.5,138.31 1 0
kyb-platform/internal/classification/repository/code_metadata_repository.go:143.2,143.76 1 0
kyb-platform/internal/classification/repository/code_metadata_repository.go:143.76,144.41 1 0
kyb-platform/internal/classification/repository/code_metadata_repository.go:144.41,145.43 1 0
kyb-platform/internal/classification/repository/code_metadata_repository.go:145.43,148.23 3 0
kyb-platform/internal/classification/repository/code_metadata_repository.go:148.23,150.6 1 0
kyb-platform/internal/classification/repository/code_metadata_repository.go:151.5,155.29 1 0
kyb-platform/internal/classification/repository/code_metadata_repository.go:160.2,160.76 1 0
kyb-platform/internal/classification/repository/code_metadata_repository.go:160.76,161.41 1 0
kyb-platform/internal/classification/repository/code_metadata_repository.go:161.41,162.43 1 0
kyb-platform/internal/classification/repository/code_metadata_repository.go:162.43,165.23 3 0
kyb-platform/internal/classification/repository/code_metadata_repository.go:165.23,167.6 1 0
kyb-platform/internal/classification/repository/code_metadata_repository.go:168.5,172.29 1 0
kyb-platform/internal/classification/repository/code_metadata_repository.go:177.2,177.28 1 0
kyb-platform/internal/classification/repository/code_metadata_repository.go:181.156,183.35 2 0
kyb-platform/internal/classification/repository/code_metadata_repository.go:183.35,185.3 1 0
kyb-platform/internal/classification/repository/code_metadata_repository.go:188.2,188.70 1 0
kyb-platform/internal/classification/repository/code_metadata_repository.go:188.70,189.71 1 0
kyb-platform/internal/classification/repository/code_metadata_repository.go:189.71,191.4 1 0
kyb-platform/internal/classification/repository/code_metadata_repository.go:195.2,195.77 1 0
kyb-platform/internal/classification/repository/code_metadata_repository.go:195.77,196.40 1 0
kyb-platform/internal/classification/repository/code_metadata_repository.go:196.40,197.45 1 0
kyb-platform/internal/classification/repository/code_metadata_repository.go:197.45,199.25 2 0
kyb-platform/internal/classification/repository/code_metadata_repository.go:199.25,201.6 1 0
kyb-platform/internal/classification/repository/code_metadata_repository.go:206.2,206.30 1 0
kyb-platform/internal/classification/repository/code_metadata_repository.go:210.144,211.21 1 0
kyb-platform/internal/classification/repository/code_metadata_repository.go:211.21,213.3 1 0
kyb-platform/internal/classification/repository/code_metadata_repository.go:215.2,216.28 2 0
kyb-platform/internal/classification/repository/code_metadata_repository.go:216.28,218.3 1 0
kyb-platform/internal/classification/repository/code_metadata_repository.go:222.2,231.16 2 0
kyb-platform/internal/classification/repository/code_metadata_repository.go:231.16,233.3 1 0
kyb-platform/internal/classification/repository/code_metadata_repository.go:235.2,236.63 2 0
kyb-platform/internal/classification/repository/code_metadata_repository.go:236.63,238.3 1 0
kyb-platform/internal/classification/repository/code_metadata_repository.go:241.2,242.29 2 0
kyb-platform/internal/classification/repository/code_metadata_repository.go:242.29,246.76 2 0
kyb-platform/internal/classification/repository/code_metadata_repository.go:246.76,247.48 1 0
kyb-platform/internal/classification/repository/code_metadata_repository.go:247.48,249.13 2 0
kyb-platform/internal/classification/repository/code_metadata_repository.go:254.3,254.91 1 0
kyb-platform/internal/classification/repository/code_metadata_repository.go:254.91,255.36 1 0
[...]
kyb-platform/internal/classification/repository/supabase_repository.go:4176.49,4178.3 1 1
kyb-platform/internal/classification/repository/supabase_repository.go:4180.2,4180.14 1 1
kyb-platform/internal/classification/repository/supabase_repository.go:4184.126,4186.35 2 1
kyb-platform/internal/classification/repository/supabase_repository.go:4186.35,4188.58 2 1
kyb-platform/internal/classification/repository/supabase_repository.go:4188.58,4189.24 1 1
kyb-platform/internal/classification/repository/supabase_repository.go:4189.24,4191.5 1 1
kyb-platform/internal/classification/repository/supabase_repository.go:4193.3,4193.28 1 1
kyb-platform/internal/classification/repository/supabase_repository.go:4193.28,4195.4 1 1
kyb-platform/internal/classification/repository/supabase_repository.go:4198.2,4198.40 1 1
kyb-platform/internal/classification/repository/supabase_repository.go:4198.40,4200.3 1 1
kyb-platform/internal/classification/repository/supabase_repository.go:4202.2,4202.13 1 1
kyb-platform/internal/classification/repository/supabase_repository.go:4206.93,4207.29 1 1
kyb-platform/internal/classification/repository/supabase_repository.go:4207.29,4208.19 1 1
kyb-platform/internal/classification/repository/supabase_repository.go:4208.19,4210.4 1 1
kyb-platform/internal/classification/repository/supabase_repository.go:4212.2,4212.14 1 1
kyb-platform/internal/classification/repository/supabase_repository.go:4216.103,4225.29 5 1
kyb-platform/internal/classification/repository/supabase_repository.go:4225.29,4227.45 2 1
kyb-platform/internal/classification/repository/supabase_repository.go:4227.45,4233.4 2 1
kyb-platform/internal/classification/repository/supabase_repository.go:4237.2,4238.33 2 1
kyb-platform/internal/classification/repository/supabase_repository.go:4238.33,4239.20 1 1
kyb-platform/internal/classification/repository/supabase_repository.go:4239.20,4245.4 2 1
kyb-platform/internal/classification/repository/supabase_repository.go:4249.2,4250.34 2 1
kyb-platform/internal/classification/repository/supabase_repository.go:4250.34,4251.20 1 1
kyb-platform/internal/classification/repository/supabase_repository.go:4251.20,4257.4 2 1
kyb-platform/internal/classification/repository/supabase_repository.go:4260.2,4260.17 1 1
kyb-platform/internal/classification/repository/supabase_repository.go:4265.107,4271.16 4 1
kyb-platform/internal/classification/repository/supabase_repository.go:4271.16,4273.94 1 0
kyb-platform/internal/classification/repository/supabase_repository.go:4273.94,4275.4 1 0
kyb-platform/internal/classification/repository/supabase_repository.go:4276.3,4276.17 1 0
kyb-platform/internal/classification/repository/supabase_repository.go:4276.17,4279.4 2 0
kyb-platform/internal/classification/repository/supabase_repository.go:4282.2,4283.18 2 1
kyb-platform/internal/classification/repository/supabase_repository.go:4283.18,4286.19 2 1
kyb-platform/internal/classification/repository/supabase_repository.go:4286.19,4289.4 2 0
kyb-platform/internal/classification/repository/supabase_repository.go:4293.2,4293.35 1 1
kyb-platform/internal/classification/repository/supabase_repository.go:4293.35,4295.3 1 0
kyb-platform/internal/classification/repository/supabase_repository.go:4298.2,4299.27 2 1
kyb-platform/internal/classification/repository/supabase_repository.go:4299.27,4302.3 2 0
kyb-platform/internal/classification/repository/supabase_repository.go:4305.2,4306.29 2 1
kyb-platform/internal/classification/repository/supabase_repository.go:4306.29,4307.36 1 1
kyb-platform/internal/classification/repository/supabase_repository.go:4307.36,4313.4 2 1
kyb-platform/internal/classification/repository/supabase_repository.go:4317.2,4318.34 2 1
kyb-platform/internal/classification/repository/supabase_repository.go:4318.34,4320.50 2 1
kyb-platform/internal/classification/repository/supabase_repository.go:4320.50,4326.4 2 1
kyb-platform/internal/classification/repository/supabase_repository.go:4330.2,4330.26 1 1
kyb-platform/internal/classification/repository/supabase_repository.go:4330.26,4332.35 2 1
kyb-platform/internal/classification/repository/supabase_repository.go:4332.35,4334.51 2 1
kyb-platform/internal/classification/repository/supabase_repository.go:4334.51,4340.5 2 1
kyb-platform/internal/classification/repository/supabase_repository.go:4345.2,4346.33 2 1
kyb-platform/internal/classification/repository/supabase_repository.go:4346.33,4347.16 1 1
kyb-platform/internal/classification/repository/supabase_repository.go:4347.16,4353.4 2 1
kyb-platform/internal/classification/repository/supabase_repository.go:4357.2,4358.38 2 1
kyb-platform/internal/classification/repository/supabase_repository.go:4358.38,4359.16 1 1
kyb-platform/internal/classification/repository/supabase_repository.go:4359.16,4365.4 2 1
kyb-platform/internal/classification/repository/supabase_repository.go:4368.2,4368.17 1 1
kyb-platform/internal/classification/repository/supabase_repository.go:4373.77,4374.18 1 1
kyb-platform/internal/classification/repository/supabase_repository.go:4374.18,4376.3 1 0
kyb-platform/internal/classification/repository/supabase_repository.go:4380.2,4383.24 2 1
kyb-platform/internal/classification/repository/supabase_repository.go:4383.24,4386.22 2 1
kyb-platform/internal/classification/repository/supabase_repository.go:4386.22,4388.4 1 0
kyb-platform/internal/classification/repository/supabase_repository.go:4389.3,4392.41 2 1
kyb-platform/internal/classification/repository/supabase_repository.go:4392.41,4394.4 1 0
kyb-platform/internal/classification/repository/supabase_repository.go:4397.3,4403.35 5 1
kyb-platform/internal/classification/repository/supabase_repository.go:4403.35,4407.4 2 1
kyb-platform/internal/classification/repository/supabase_repository.go:4410.3,4410.21 1 1
kyb-platform/internal/classification/repository/supabase_repository.go:4410.21,4412.4 1 1
kyb-platform/internal/classification/repository/supabase_repository.go:4415.2,4415.17 1 1
kyb-platform/internal/classification/repository/supabase_repository.go:4420.74,4421.20 1 1
kyb-platform/internal/classification/repository/supabase_repository.go:4421.20,4423.3 1 0
kyb-platform/internal/classification/repository/supabase_repository.go:4425.2,4429.33 4 1
kyb-platform/internal/classification/repository/supabase_repository.go:4429.33,4432.58 2 1
kyb-platform/internal/classification/repository/supabase_repository.go:4432.58,4435.4 2 0
kyb-platform/internal/classification/repository/supabase_repository.go:4436.3,4436.30 1 1
kyb-platform/internal/classification/repository/supabase_repository.go:4440.2,4440.27 1 1
kyb-platform/internal/classification/repository/supabase_repository.go:4440.27,4442.3 1 1
kyb-platform/internal/classification/repository/supabase_repository.go:4445.2,4445.21 1 1
kyb-platform/internal/classification/repository/supabase_repository.go:4445.21,4447.3 1 0
kyb-platform/internal/classification/repository/supabase_repository.go:4449.2,4449.14 1 1
kyb-platform/internal/classification/repository/supabase_repository.go:4453.78,4463.29 3 1
kyb-platform/internal/classification/repository/supabase_repository.go:4463.29,4465.51 2 1
kyb-platform/internal/classification/repository/supabase_repository.go:4465.51,4467.4 1 1
kyb-platform/internal/classification/repository/supabase_repository.go:4469.2,4469.17 1 1
kyb-platform/internal/classification/repository/supabase_repository.go:4473.85,4475.20 2 1
kyb-platform/internal/classification/repository/supabase_repository.go:4475.20,4477.3 1 1
kyb-platform/internal/classification/repository/supabase_repository.go:4479.2,4479.37 1 1
kyb-platform/internal/classification/repository/supabase_repository.go:4479.37,4482.3 2 1
kyb-platform/internal/classification/repository/supabase_repository.go:4484.2,4484.16 1 1
kyb-platform/internal/classification/repository/supabase_repository.go:4488.82,4494.20 4 1
kyb-platform/internal/classification/repository/supabase_repository.go:4494.20,4496.3 1 1
kyb-platform/internal/classification/repository/supabase_repository.go:4497.2,4525.40 3 1
kyb-platform/internal/classification/repository/supabase_repository.go:4525.40,4527.3 1 1
kyb-platform/internal/classification/repository/supabase_repository.go:4529.2,4529.14 1 1
kyb-platform/internal/classification/repository/supabase_repository.go:4533.85,4567.54 4 1
kyb-platform/internal/classification/repository/supabase_repository.go:4567.54,4568.45 1 1
kyb-platform/internal/classification/repository/supabase_repository.go:4568.45,4570.4 1 1
kyb-platform/internal/classification/repository/supabase_repository.go:4573.2,4573.17 1 1
kyb-platform/internal/classification/repository/supabase_repository.go:4577.82,4578.17 1 0
kyb-platform/internal/classification/repository/supabase_repository.go:4579.23,4580.13 1 0
kyb-platform/internal/classification/repository/supabase_repository.go:4581.21,4582.13 1 0
kyb-platform/internal/classification/repository/supabase_repository.go:4583.21,4584.13 1 0
kyb-platform/internal/classification/repository/supabase_repository.go:4585.10,4586.13 1 0
kyb-platform/internal/classification/repository/supabase_repository.go:4591.127,4604.29 6 0
kyb-platform/internal/classification/repository/supabase_repository.go:4604.29,4606.3 1 0
kyb-platform/internal/classification/repository/supabase_repository.go:4609.2,4610.25 2 0
kyb-platform/internal/classification/repository/supabase_repository.go:4610.25,4612.3 1 0
kyb-platform/internal/classification/repository/supabase_repository.go:4615.2,4618.22 2 0
kyb-platform/internal/classification/repository/supabase_repository.go:4618.22,4620.3 1 0
kyb-platform/internal/classification/repository/supabase_repository.go:4621.2,4621.22 1 0
kyb-platform/internal/classification/repository/supabase_repository.go:4621.22,4623.3 1 0
kyb-platform/internal/classification/repository/supabase_repository.go:4625.2,4625.19 1 0
kyb-platform/internal/classification/repository/supabase_repository.go:4629.85,4638.29 5 1
kyb-platform/internal/classification/repository/supabase_repository.go:4638.29,4640.45 2 1
kyb-platform/internal/classification/repository/supabase_repository.go:4640.45,4643.4 2 1
kyb-platform/internal/classification/repository/supabase_repository.go:4647.2,4648.33 2 1
kyb-platform/internal/classification/repository/supabase_repository.go:4648.33,4649.20 1 1
kyb-platform/internal/classification/repository/supabase_repository.go:4649.20,4652.4 2 1
kyb-platform/internal/classification/repository/supabase_repository.go:4656.2,4657.34 2 1
kyb-platform/internal/classification/repository/supabase_repository.go:4657.34,4658.20 1 1
kyb-platform/internal/classification/repository/supabase_repository.go:4658.20,4661.4 2 1
kyb-platform/internal/classification/repository/supabase_repository.go:4664.2,4664.17 1 1
kyb-platform/internal/classification/repository/supabase_repository.go:4668.92,4674.29 4 1
kyb-platform/internal/classification/repository/supabase_repository.go:4674.29,4676.25 2 1
kyb-platform/internal/classification/repository/supabase_repository.go:4676.25,4678.4 1 1
kyb-platform/internal/classification/repository/supabase_repository.go:4682.2,4682.53 1 1
kyb-platform/internal/classification/repository/supabase_repository.go:4682.53,4684.30 2 1
kyb-platform/internal/classification/repository/supabase_repository.go:4684.30,4686.4 1 1
kyb-platform/internal/classification/repository/supabase_repository.go:4689.2,4689.16 1 1
kyb-platform/internal/classification/repository/supabase_repository.go:4693.71,4695.21 1 1
kyb-platform/internal/classification/repository/supabase_repository.go:4695.21,4697.3 1 1
kyb-platform/internal/classification/repository/supabase_repository.go:4700.2,4703.29 3 1
kyb-platform/internal/classification/repository/supabase_repository.go:4703.29,4704.45 1 1
kyb-platform/internal/classification/repository/supabase_repository.go:4704.45,4706.4 1 1
kyb-platform/internal/classification/repository/supabase_repository.go:4710.2,4710.44 1 1
kyb-platform/internal/classification/repository/supabase_repository.go:4714.68,4765.2 2 1
kyb-platform/internal/classification/repository/supabase_repository.go:4768.84,4774.31 4 1
kyb-platform/internal/classification/repository/supabase_repository.go:4774.31,4775.47 1 1
kyb-platform/internal/classification/repository/supabase_repository.go:4775.47,4776.33 1 1
kyb-platform/internal/classification/repository/supabase_repository.go:4776.33,4777.67 1 1
kyb-platform/internal/classification/repository/supabase_repository.go:4777.67,4779.11 2 1
kyb-platform/internal/classification/repository/supabase_repository.go:4786.2,4786.21 1 1
kyb-platform/internal/classification/repository/supabase_repository.go:4790.123,4791.24 1 0
kyb-platform/internal/classification/repository/supabase_repository.go:4791.24,4794.3 2 0
kyb-platform/internal/classification/repository/supabase_repository.go:4797.2,4798.60 2 0
kyb-platform/internal/classification/repository/supabase_repository.go:4798.60,4800.3 1 0
kyb-platform/internal/classification/repository/supabase_repository.go:4802.2,4803.35 2 0
kyb-platform/internal/classification/repository/supabase_repository.go:4803.35,4807.44 2 0
kyb-platform/internal/classification/repository/supabase_repository.go:4807.44,4809.4 1 0
kyb-platform/internal/classification/repository/supabase_repository.go:4812.3,4812.61 1 0
kyb-platform/internal/classification/repository/supabase_repository.go:4812.61,4814.4 1 0
kyb-platform/internal/classification/repository/supabase_repository.go:4817.3,4817.56 1 0
kyb-platform/internal/classification/repository/supabase_repository.go:4817.56,4819.4 1 0
kyb-platform/internal/classification/repository/supabase_repository.go:4822.3,4822.50 1 0
kyb-platform/internal/classification/repository/supabase_repository.go:4822.50,4824.4 1 0
kyb-platform/internal/classification/repository/supabase_repository.go:4827.3,4827.61 1 0
kyb-platform/internal/classification/repository/supabase_repository.go:4827.61,4829.4 1 0
kyb-platform/internal/classification/repository/supabase_repository.go:4832.3,4832.54 1 0
kyb-platform/internal/classification/repository/supabase_repository.go:4832.54,4834.4 1 0
kyb-platform/internal/classification/repository/supabase_repository.go:4837.3,4837.58 1 0
kyb-platform/internal/classification/repository/supabase_repository.go:4837.58,4839.4 1 0
kyb-platform/internal/classification/repository/supabase_repository.go:4842.3,4842.58 1 0
kyb-platform/internal/classification/repository/supabase_repository.go:4842.58,4844.4 1 0
kyb-platform/internal/classification/repository/supabase_repository.go:4846.3,4846.32 1 0
kyb-platform/internal/classification/repository/supabase_repository.go:4849.2,4849.12 1 0
kyb-platform/internal/classification/repository/supabase_repository.go:4853.114,4854.27 1 0
kyb-platform/internal/classification/repository/supabase_repository.go:4854.27,4856.3 1 0
kyb-platform/internal/classification/repository/supabase_repository.go:4859.2,4862.22 2 0
kyb-platform/internal/classification/repository/supabase_repository.go:4862.22,4864.3 1 0
kyb-platform/internal/classification/repository/supabase_repository.go:4864.8,4864.29 1 0
kyb-platform/internal/classification/repository/supabase_repository.go:4864.29,4866.3 1 0
kyb-platform/internal/classification/repository/supabase_repository.go:4866.8,4866.29 1 0
kyb-platform/internal/classification/repository/supabase_repository.go:4866.29,4868.3 1 0
kyb-platform/internal/classification/repository/supabase_repository.go:4868.8,4870.3 1 0
kyb-platform/internal/classification/repository/supabase_repository.go:4874.122,4891.13 3 0
kyb-platform/internal/classification/repository/supabase_repository.go:4891.13,4893.3 1 0
kyb-platform/internal/classification/repository/supabase_repository.go:4896.2,4897.30 2 0
kyb-platform/internal/classification/repository/supabase_repository.go:4897.30,4899.3 1 0
kyb-platform/internal/classification/repository/supabase_repository.go:4899.8,4899.37 1 0
kyb-platform/internal/classification/repository/supabase_repository.go:4899.37,4901.3 1 0
kyb-platform/internal/classification/repository/supabase_repository.go:4903.2,4903.36 1 0
kyb-platform/internal/classification/repository/supabase_repository.go:4907.101,4908.31 1 0
kyb-platform/internal/classification/repository/supabase_repository.go:4908.31,4910.3 1 0
kyb-platform/internal/classification/repository/supabase_repository.go:4913.2,4916.42 3 0
kyb-platform/internal/classification/repository/supabase_repository.go:4916.42,4918.32 2 0
kyb-platform/internal/classification/repository/supabase_repository.go:4918.32,4920.4 1 0
kyb-platform/internal/classification/repository/supabase_repository.go:4923.2,4927.25 3 0
kyb-platform/internal/classification/repository/supabase_repository.go:4927.25,4929.3 1 0
kyb-platform/internal/classification/repository/supabase_repository.go:4929.8,4929.32 1 0
kyb-platform/internal/classification/repository/supabase_repository.go:4929.32,4931.3 1 0
kyb-platform/internal/classification/repository/supabase_repository.go:4931.8,4931.32 1 0
kyb-platform/internal/classification/repository/supabase_repository.go:4931.32,4933.3 1 0
kyb-platform/internal/classification/repository/supabase_repository.go:4933.8,4935.3 1 0
kyb-platform/internal/classification/repository/supabase_repository.go:4940.146,4957.64 3 0
kyb-platform/internal/classification/repository/supabase_repository.go:4957.64,4962.45 3 0
kyb-platform/internal/classification/repository/supabase_repository.go:4962.45,4967.42 2 0
kyb-platform/internal/classification/repository/supabase_repository.go:4967.42,4970.39 2 0
kyb-platform/internal/classification/repository/supabase_repository.go:4970.39,4971.49 1 0
kyb-platform/internal/classification/repository/supabase_repository.go:4971.49,4974.7 2 0
kyb-platform/internal/classification/repository/supabase_repository.go:4975.11,4977.58 1 0
kyb-platform/internal/classification/repository/supabase_repository.go:4977.58,4979.49 1 0
kyb-platform/internal/classification/repository/supabase_repository.go:4979.49,4982.7 2 0
kyb-platform/internal/classification/repository/supabase_repository.go:4989.3,4989.29 1 0
kyb-platform/internal/classification/repository/supabase_repository.go:4989.29,4991.4 1 0
kyb-platform/internal/classification/repository/supabase_repository.go:4991.9,4991.36 1 0
kyb-platform/internal/classification/repository/supabase_repository.go:4991.36,4993.4 1 0
kyb-platform/internal/classification/repository/supabase_repository.go:4993.9,4993.36 1 0
kyb-platform/internal/classification/repository/supabase_repository.go:4993.36,4995.4 1 0
kyb-platform/internal/classification/repository/supabase_repository.go:4997.3,4997.28 1 0
kyb-platform/internal/classification/repository/supabase_repository.go:4997.28,4999.4 1 0
kyb-platform/internal/classification/repository/supabase_repository.go:5005.2,5005.59 1 0
kyb-platform/internal/classification/repository/supabase_repository.go:5005.59,5006.32 1 0
kyb-platform/internal/classification/repository/supabase_repository.go:5006.32,5013.39 4 0
kyb-platform/internal/classification/repository/supabase_repository.go:5013.39,5015.119 2 0
kyb-platform/internal/classification/repository/supabase_repository.go:5015.119,5017.6 1 0
kyb-platform/internal/classification/repository/supabase_repository.go:5018.5,5018.120 1 0
kyb-platform/internal/classification/repository/supabase_repository.go:5018.120,5020.6 1 0
kyb-platform/internal/classification/repository/supabase_repository.go:5021.5,5021.123 1 0
kyb-platform/internal/classification/repository/supabase_repository.go:5021.123,5023.6 1 0
kyb-platform/internal/classification/repository/supabase_repository.go:5027.4,5027.63 1 0
kyb-platform/internal/classification/repository/supabase_repository.go:5027.63,5030.5 2 0
kyb-platform/internal/classification/repository/supabase_repository.go:5033.4,5033.63 1 0
kyb-platform/internal/classification/repository/supabase_repository.go:5033.63,5036.5 2 0
kyb-platform/internal/classification/repository/supabase_repository.go:5040.2,5040.15 1 0
