mode: set
github.com/pcraw4d/business-verification/internal/datasource/datasource.go:41.77,42.18 1 0
github.com/pcraw4d/business-verification/internal/datasource/datasource.go:42.18,44.3 1 0
github.com/pcraw4d/business-verification/internal/datasource/datasource.go:45.2,45.56 1 0
github.com/pcraw4d/business-verification/internal/datasource/datasource.go:49.57,51.2 1 0
github.com/pcraw4d/business-verification/internal/datasource/datasource.go:54.160,69.2 2 0
github.com/pcraw4d/business-verification/internal/datasource/datasource.go:72.99,73.25 1 0
github.com/pcraw4d/business-verification/internal/datasource/datasource.go:73.25,75.3 1 0
github.com/pcraw4d/business-verification/internal/datasource/datasource.go:76.2,87.32 7 0
github.com/pcraw4d/business-verification/internal/datasource/datasource.go:87.32,89.13 2 0
github.com/pcraw4d/business-verification/internal/datasource/datasource.go:89.13,92.11 3 0
github.com/pcraw4d/business-verification/internal/datasource/datasource.go:93.39,93.39 0 0
github.com/pcraw4d/business-verification/internal/datasource/datasource.go:94.22,94.22 0 0
github.com/pcraw4d/business-verification/internal/datasource/datasource.go:99.2,99.12 1 0
github.com/pcraw4d/business-verification/internal/datasource/datasource.go:99.12,102.3 2 0
github.com/pcraw4d/business-verification/internal/datasource/datasource.go:104.2,105.20 2 0
github.com/pcraw4d/business-verification/internal/datasource/datasource.go:105.20,106.19 1 0
github.com/pcraw4d/business-verification/internal/datasource/datasource.go:106.19,107.12 1 0
github.com/pcraw4d/business-verification/internal/datasource/datasource.go:109.3,109.70 1 0
github.com/pcraw4d/business-verification/internal/datasource/datasource.go:109.70,111.4 1 0
github.com/pcraw4d/business-verification/internal/datasource/datasource.go:112.3,112.52 1 0
github.com/pcraw4d/business-verification/internal/datasource/datasource.go:112.52,114.4 1 0
github.com/pcraw4d/business-verification/internal/datasource/datasource.go:115.3,115.58 1 0
github.com/pcraw4d/business-verification/internal/datasource/datasource.go:115.58,117.4 1 0
github.com/pcraw4d/business-verification/internal/datasource/datasource.go:118.3,118.30 1 0
github.com/pcraw4d/business-verification/internal/datasource/datasource.go:118.30,121.38 2 0
github.com/pcraw4d/business-verification/internal/datasource/datasource.go:121.38,123.5 1 0
github.com/pcraw4d/business-verification/internal/datasource/datasource.go:124.4,124.37 1 0
github.com/pcraw4d/business-verification/internal/datasource/datasource.go:124.37,125.31 1 0
github.com/pcraw4d/business-verification/internal/datasource/datasource.go:125.31,128.6 2 0
github.com/pcraw4d/business-verification/internal/datasource/datasource.go:132.2,132.20 1 0
github.com/pcraw4d/business-verification/internal/datasource/db_source.go:14.50,16.2 1 0
github.com/pcraw4d/business-verification/internal/datasource/db_source.go:18.34,18.56 1 0
github.com/pcraw4d/business-verification/internal/datasource/db_source.go:20.59,22.2 1 0
github.com/pcraw4d/business-verification/internal/datasource/db_source.go:24.97,26.34 1 0
github.com/pcraw4d/business-verification/internal/datasource/db_source.go:26.34,27.106 1 0
github.com/pcraw4d/business-verification/internal/datasource/db_source.go:27.106,29.4 1 0
github.com/pcraw4d/business-verification/internal/datasource/db_source.go:32.2,32.28 1 0
github.com/pcraw4d/business-verification/internal/datasource/db_source.go:32.28,34.99 1 0
github.com/pcraw4d/business-verification/internal/datasource/db_source.go:34.99,36.4 1 0
github.com/pcraw4d/business-verification/internal/datasource/db_source.go:38.2,38.32 1 0
github.com/pcraw4d/business-verification/internal/datasource/db_source.go:41.69,49.22 3 0
github.com/pcraw4d/business-verification/internal/datasource/db_source.go:49.22,51.3 1 0
github.com/pcraw4d/business-verification/internal/datasource/db_source.go:52.2,52.26 1 0
github.com/pcraw4d/business-verification/internal/datasource/db_source.go:52.26,54.3 1 0
github.com/pcraw4d/business-verification/internal/datasource/db_source.go:55.2,56.12 2 0
github.com/pcraw4d/business-verification/internal/datasource/health.go:18.70,20.25 2 0
github.com/pcraw4d/business-verification/internal/datasource/health.go:20.25,22.3 1 0
github.com/pcraw4d/business-verification/internal/datasource/health.go:23.2,23.32 1 0
github.com/pcraw4d/business-verification/internal/datasource/health.go:23.32,32.17 4 0
github.com/pcraw4d/business-verification/internal/datasource/health.go:32.17,34.4 1 0
github.com/pcraw4d/business-verification/internal/datasource/health.go:36.2,36.17 1 0
github.com/pcraw4d/business-verification/internal/api/middleware/audit.go:24.133,30.2 1 0
github.com/pcraw4d/business-verification/internal/api/middleware/audit.go:33.82,34.71 1 0
github.com/pcraw4d/business-verification/internal/api/middleware/audit.go:34.71,35.17 1 0
github.com/pcraw4d/business-verification/internal/api/middleware/audit.go:35.17,38.4 2 0
github.com/pcraw4d/business-verification/internal/api/middleware/audit.go:40.3,111.13 18 0
github.com/pcraw4d/business-verification/internal/api/middleware/audit.go:111.13,112.86 1 0
github.com/pcraw4d/business-verification/internal/api/middleware/audit.go:112.86,114.5 1 0
github.com/pcraw4d/business-verification/internal/api/middleware/audit.go:125.59,128.2 2 0
github.com/pcraw4d/business-verification/internal/api/middleware/audit.go:130.63,132.2 1 0
github.com/pcraw4d/business-verification/internal/api/middleware/audit.go:136.48,137.53 1 0
github.com/pcraw4d/business-verification/internal/api/middleware/audit.go:137.53,139.3 1 0
github.com/pcraw4d/business-verification/internal/api/middleware/audit.go:140.2,140.20 1 0
github.com/pcraw4d/business-verification/internal/api/middleware/audit.go:143.50,144.57 1 0
github.com/pcraw4d/business-verification/internal/api/middleware/audit.go:144.57,146.3 1 0
github.com/pcraw4d/business-verification/internal/api/middleware/audit.go:147.2,147.25 1 0
github.com/pcraw4d/business-verification/internal/api/middleware/audit.go:150.50,151.57 1 0
github.com/pcraw4d/business-verification/internal/api/middleware/audit.go:151.57,153.3 1 0
github.com/pcraw4d/business-verification/internal/api/middleware/audit.go:154.2,154.16 1 0
github.com/pcraw4d/business-verification/internal/api/middleware/audit.go:157.51,158.59 1 0
github.com/pcraw4d/business-verification/internal/api/middleware/audit.go:158.59,160.3 1 0
github.com/pcraw4d/business-verification/internal/api/middleware/audit.go:161.2,161.32 1 0
github.com/pcraw4d/business-verification/internal/api/middleware/audit.go:164.48,166.70 1 0
github.com/pcraw4d/business-verification/internal/api/middleware/audit.go:166.70,168.3 1 0
github.com/pcraw4d/business-verification/internal/api/middleware/audit.go:171.2,171.81 1 0
github.com/pcraw4d/business-verification/internal/api/middleware/audit.go:171.81,173.3 1 0
github.com/pcraw4d/business-verification/internal/api/middleware/audit.go:176.2,176.45 1 0
github.com/pcraw4d/business-verification/internal/api/middleware/audit.go:176.45,177.67 1 0
github.com/pcraw4d/business-verification/internal/api/middleware/audit.go:177.67,179.4 1 0
github.com/pcraw4d/business-verification/internal/api/middleware/audit.go:182.2,182.18 1 0
github.com/pcraw4d/business-verification/internal/api/middleware/audit.go:185.56,188.16 2 0
github.com/pcraw4d/business-verification/internal/api/middleware/audit.go:188.16,190.3 1 0
github.com/pcraw4d/business-verification/internal/api/middleware/audit.go:193.2,197.52 3 0
github.com/pcraw4d/business-verification/internal/api/middleware/audit.go:197.52,199.3 1 0
github.com/pcraw4d/business-verification/internal/api/middleware/audit.go:202.2,202.56 1 0
github.com/pcraw4d/business-verification/internal/api/middleware/audit.go:202.56,204.3 1 0
github.com/pcraw4d/business-verification/internal/api/middleware/audit.go:206.2,206.11 1 0
github.com/pcraw4d/business-verification/internal/api/middleware/audit.go:209.54,213.32 1 0
github.com/pcraw4d/business-verification/internal/api/middleware/audit.go:213.32,217.3 1 0
github.com/pcraw4d/business-verification/internal/api/middleware/audit.go:218.2,218.11 1 0
github.com/pcraw4d/business-verification/internal/api/middleware/audit.go:221.47,223.67 1 0
github.com/pcraw4d/business-verification/internal/api/middleware/audit.go:223.67,225.3 1 0
github.com/pcraw4d/business-verification/internal/api/middleware/audit.go:226.2,226.55 1 0
github.com/pcraw4d/business-verification/internal/api/middleware/audit.go:226.55,228.3 1 0
github.com/pcraw4d/business-verification/internal/api/middleware/audit.go:229.2,229.21 1 0
github.com/pcraw4d/business-verification/internal/api/middleware/audit.go:232.51,233.59 1 0
github.com/pcraw4d/business-verification/internal/api/middleware/audit.go:233.59,235.3 1 0
github.com/pcraw4d/business-verification/internal/api/middleware/audit.go:236.2,236.11 1 0
github.com/pcraw4d/business-verification/internal/api/middleware/audit.go:239.51,240.59 1 0
github.com/pcraw4d/business-verification/internal/api/middleware/audit.go:240.59,242.3 1 0
github.com/pcraw4d/business-verification/internal/api/middleware/audit.go:243.2,243.11 1 0
github.com/pcraw4d/business-verification/internal/api/middleware/audit.go:246.46,247.23 1 0
github.com/pcraw4d/business-verification/internal/api/middleware/audit.go:247.23,248.10 1 0
github.com/pcraw4d/business-verification/internal/api/middleware/audit.go:249.26,250.25 1 0
github.com/pcraw4d/business-verification/internal/api/middleware/audit.go:251.26,252.25 1 0
github.com/pcraw4d/business-verification/internal/api/middleware/audit.go:253.11,254.26 1 0
github.com/pcraw4d/business-verification/internal/api/middleware/audit.go:257.2,257.11 1 0
github.com/pcraw4d/business-verification/internal/api/middleware/audit.go:260.49,261.23 1 0
github.com/pcraw4d/business-verification/internal/api/middleware/audit.go:261.23,262.21 1 0
github.com/pcraw4d/business-verification/internal/api/middleware/audit.go:263.12,264.24 1 0
github.com/pcraw4d/business-verification/internal/api/middleware/audit.go:265.12,266.25 1 0
github.com/pcraw4d/business-verification/internal/api/middleware/audit.go:267.12,268.22 1 0
github.com/pcraw4d/business-verification/internal/api/middleware/audit.go:269.12,270.22 1 0
github.com/pcraw4d/business-verification/internal/api/middleware/audit.go:271.12,272.34 1 0
github.com/pcraw4d/business-verification/internal/api/middleware/audit.go:273.11,274.26 1 0
github.com/pcraw4d/business-verification/internal/api/middleware/audit.go:277.2,277.11 1 0
github.com/pcraw4d/business-verification/internal/api/middleware/audit.go:282.53,283.9 1 0
github.com/pcraw4d/business-verification/internal/api/middleware/audit.go:284.38,285.28 1 0
github.com/pcraw4d/business-verification/internal/api/middleware/audit.go:286.39,287.24 1 0
github.com/pcraw4d/business-verification/internal/api/middleware/audit.go:288.39,289.29 1 0
github.com/pcraw4d/business-verification/internal/api/middleware/audit.go:290.38,291.24 1 0
github.com/pcraw4d/business-verification/internal/api/middleware/audit.go:292.23,293.23 1 0
github.com/pcraw4d/business-verification/internal/api/middleware/audit.go:294.24,295.25 1 0
github.com/pcraw4d/business-verification/internal/api/middleware/audit.go:296.23,297.23 1 0
github.com/pcraw4d/business-verification/internal/api/middleware/audit.go:298.26,299.25 1 0
github.com/pcraw4d/business-verification/internal/api/middleware/audit.go:300.10,301.23 1 0
github.com/pcraw4d/business-verification/internal/api/middleware/audit.go:305.49,306.9 1 0
github.com/pcraw4d/business-verification/internal/api/middleware/audit.go:307.38,308.22 1 0
github.com/pcraw4d/business-verification/internal/api/middleware/audit.go:309.33,310.17 1 0
github.com/pcraw4d/business-verification/internal/api/middleware/audit.go:311.32,312.16 1 0
github.com/pcraw4d/business-verification/internal/api/middleware/audit.go:313.32,314.26 1 0
github.com/pcraw4d/business-verification/internal/api/middleware/audit.go:315.33,316.26 1 0
github.com/pcraw4d/business-verification/internal/api/middleware/audit.go:317.10,318.19 1 0
github.com/pcraw4d/business-verification/internal/api/middleware/audit.go:322.46,323.9 1 0
github.com/pcraw4d/business-verification/internal/api/middleware/audit.go:324.38,325.22 1 0
github.com/pcraw4d/business-verification/internal/api/middleware/audit.go:326.33,327.17 1 0
github.com/pcraw4d/business-verification/internal/api/middleware/audit.go:328.32,329.16 1 0
github.com/pcraw4d/business-verification/internal/api/middleware/audit.go:330.32,331.26 1 0
github.com/pcraw4d/business-verification/internal/api/middleware/audit.go:332.33,333.26 1 0
github.com/pcraw4d/business-verification/internal/api/middleware/audit.go:334.10,335.15 1 0
github.com/pcraw4d/business-verification/internal/api/middleware/audit.go:339.42,343.2 1 0
github.com/pcraw4d/business-verification/internal/api/middleware/audit.go:345.65,346.16 1 0
github.com/pcraw4d/business-verification/internal/api/middleware/audit.go:347.13,348.36 1 0
github.com/pcraw4d/business-verification/internal/api/middleware/audit.go:349.14,350.38 1 0
github.com/pcraw4d/business-verification/internal/api/middleware/audit.go:351.13,352.38 1 0
github.com/pcraw4d/business-verification/internal/api/middleware/audit.go:353.16,354.38 1 0
github.com/pcraw4d/business-verification/internal/api/middleware/audit.go:355.10,356.36 1 0
github.com/pcraw4d/business-verification/internal/api/middleware/audit.go:360.68,362.31 1 0
github.com/pcraw4d/business-verification/internal/api/middleware/audit.go:362.31,364.3 1 0
github.com/pcraw4d/business-verification/internal/api/middleware/audit.go:367.2,367.30 1 0
github.com/pcraw4d/business-verification/internal/api/middleware/audit.go:367.30,369.3 1 0
github.com/pcraw4d/business-verification/internal/api/middleware/audit.go:372.2,372.36 1 0
github.com/pcraw4d/business-verification/internal/api/middleware/audit.go:372.36,374.3 1 0
github.com/pcraw4d/business-verification/internal/api/middleware/audit.go:377.2,377.23 1 0
github.com/pcraw4d/business-verification/internal/api/middleware/audit.go:377.23,379.3 1 0
github.com/pcraw4d/business-verification/internal/api/middleware/audit.go:382.2,382.21 1 0
github.com/pcraw4d/business-verification/internal/api/middleware/audit.go:382.21,384.3 1 0
github.com/pcraw4d/business-verification/internal/api/middleware/audit.go:386.2,386.17 1 0
github.com/pcraw4d/business-verification/internal/api/middleware/audit.go:389.50,391.31 1 0
github.com/pcraw4d/business-verification/internal/api/middleware/audit.go:391.31,393.3 1 0
github.com/pcraw4d/business-verification/internal/api/middleware/audit.go:396.2,396.36 1 0
github.com/pcraw4d/business-verification/internal/api/middleware/audit.go:396.36,398.3 1 0
github.com/pcraw4d/business-verification/internal/api/middleware/audit.go:401.2,401.63 1 0
github.com/pcraw4d/business-verification/internal/api/middleware/audit.go:401.63,403.3 1 0
github.com/pcraw4d/business-verification/internal/api/middleware/audit.go:406.2,406.14 1 0
github.com/pcraw4d/business-verification/internal/api/middleware/audit.go:409.40,412.36 2 0
github.com/pcraw4d/business-verification/internal/api/middleware/audit.go:412.36,414.3 1 0
github.com/pcraw4d/business-verification/internal/api/middleware/audit.go:415.2,415.31 1 0
github.com/pcraw4d/business-verification/internal/api/middleware/audit.go:415.31,417.3 1 0
github.com/pcraw4d/business-verification/internal/api/middleware/audit.go:418.2,418.30 1 0
github.com/pcraw4d/business-verification/internal/api/middleware/audit.go:418.30,420.3 1 0
github.com/pcraw4d/business-verification/internal/api/middleware/audit.go:421.2,421.30 1 0
github.com/pcraw4d/business-verification/internal/api/middleware/audit.go:421.30,423.3 1 0
github.com/pcraw4d/business-verification/internal/api/middleware/audit.go:424.2,424.31 1 0
github.com/pcraw4d/business-verification/internal/api/middleware/audit.go:424.31,426.3 1 0
github.com/pcraw4d/business-verification/internal/api/middleware/audit.go:428.2,428.13 1 0
github.com/pcraw4d/business-verification/internal/api/middleware/audit.go:433.38,435.2 1 0
github.com/pcraw4d/business-verification/internal/api/middleware/audit.go:437.47,438.43 1 0
github.com/pcraw4d/business-verification/internal/api/middleware/audit.go:438.43,439.35 1 0
github.com/pcraw4d/business-verification/internal/api/middleware/audit.go:439.35,441.4 1 0
github.com/pcraw4d/business-verification/internal/api/middleware/audit.go:443.2,443.14 1 0
github.com/pcraw4d/business-verification/internal/api/middleware/audit.go:446.31,448.2 1 0
github.com/pcraw4d/business-verification/internal/api/middleware/auth.go:19.101,24.2 1 0
github.com/pcraw4d/business-verification/internal/api/middleware/auth.go:27.70,28.71 1 0
github.com/pcraw4d/business-verification/internal/api/middleware/auth.go:28.71,33.23 3 0
github.com/pcraw4d/business-verification/internal/api/middleware/auth.go:33.23,37.4 3 0
github.com/pcraw4d/business-verification/internal/api/middleware/auth.go:40.3,41.70 2 0
github.com/pcraw4d/business-verification/internal/api/middleware/auth.go:41.70,43.4 1 0
github.com/pcraw4d/business-verification/internal/api/middleware/auth.go:43.9,47.4 3 0
github.com/pcraw4d/business-verification/internal/api/middleware/auth.go:50.3,51.17 2 0
github.com/pcraw4d/business-verification/internal/api/middleware/auth.go:51.17,55.4 3 0
github.com/pcraw4d/business-verification/internal/api/middleware/auth.go:58.3,63.40 4 0
github.com/pcraw4d/business-verification/internal/api/middleware/auth.go:68.83,69.46 1 0
github.com/pcraw4d/business-verification/internal/api/middleware/auth.go:69.46,70.72 1 0
github.com/pcraw4d/business-verification/internal/api/middleware/auth.go:70.72,75.11 3 0
github.com/pcraw4d/business-verification/internal/api/middleware/auth.go:75.11,79.5 3 0
github.com/pcraw4d/business-verification/internal/api/middleware/auth.go:82.4,82.47 1 0
github.com/pcraw4d/business-verification/internal/api/middleware/auth.go:82.47,87.5 4 0
github.com/pcraw4d/business-verification/internal/api/middleware/auth.go:90.4,90.24 1 0
github.com/pcraw4d/business-verification/internal/api/middleware/auth.go:96.79,97.71 1 0
github.com/pcraw4d/business-verification/internal/api/middleware/auth.go:97.71,102.10 3 0
github.com/pcraw4d/business-verification/internal/api/middleware/auth.go:102.10,106.4 3 0
github.com/pcraw4d/business-verification/internal/api/middleware/auth.go:109.3,110.17 2 0
github.com/pcraw4d/business-verification/internal/api/middleware/auth.go:110.17,114.4 3 0
github.com/pcraw4d/business-verification/internal/api/middleware/auth.go:117.3,117.26 1 0
github.com/pcraw4d/business-verification/internal/api/middleware/auth.go:117.26,121.4 3 0
github.com/pcraw4d/business-verification/internal/api/middleware/auth.go:124.3,124.23 1 0
github.com/pcraw4d/business-verification/internal/api/middleware/auth.go:129.71,130.71 1 0
github.com/pcraw4d/business-verification/internal/api/middleware/auth.go:130.71,135.23 3 0
github.com/pcraw4d/business-verification/internal/api/middleware/auth.go:135.23,137.71 1 0
github.com/pcraw4d/business-verification/internal/api/middleware/auth.go:137.71,142.19 3 0
github.com/pcraw4d/business-verification/internal/api/middleware/auth.go:142.19,147.6 3 0
github.com/pcraw4d/business-verification/internal/api/middleware/auth.go:152.3,152.40 1 0
github.com/pcraw4d/business-verification/internal/api/middleware/auth_rate_limit.go:44.101,56.2 3 0
github.com/pcraw4d/business-verification/internal/api/middleware/auth_rate_limit.go:59.72,60.71 1 0
github.com/pcraw4d/business-verification/internal/api/middleware/auth_rate_limit.go:60.71,61.26 1 0
github.com/pcraw4d/business-verification/internal/api/middleware/auth_rate_limit.go:61.26,64.4 2 0
github.com/pcraw4d/business-verification/internal/api/middleware/auth_rate_limit.go:67.3,67.38 1 0
github.com/pcraw4d/business-verification/internal/api/middleware/auth_rate_limit.go:67.38,70.4 2 0
github.com/pcraw4d/business-verification/internal/api/middleware/auth_rate_limit.go:72.3,76.32 3 0
github.com/pcraw4d/business-verification/internal/api/middleware/auth_rate_limit.go:76.32,87.4 6 0
github.com/pcraw4d/business-verification/internal/api/middleware/auth_rate_limit.go:90.3,90.48 1 0
github.com/pcraw4d/business-verification/internal/api/middleware/auth_rate_limit.go:90.48,102.4 6 0
github.com/pcraw4d/business-verification/internal/api/middleware/auth_rate_limit.go:105.3,109.23 4 0
github.com/pcraw4d/business-verification/internal/api/middleware/auth_rate_limit.go:114.62,123.41 2 0
github.com/pcraw4d/business-verification/internal/api/middleware/auth_rate_limit.go:123.41,124.40 1 0
github.com/pcraw4d/business-verification/internal/api/middleware/auth_rate_limit.go:124.40,126.4 1 0
github.com/pcraw4d/business-verification/internal/api/middleware/auth_rate_limit.go:128.2,128.14 1 0
github.com/pcraw4d/business-verification/internal/api/middleware/auth_rate_limit.go:132.65,133.9 1 0
github.com/pcraw4d/business-verification/internal/api/middleware/auth_rate_limit.go:134.49,135.17 1 0
github.com/pcraw4d/business-verification/internal/api/middleware/auth_rate_limit.go:136.52,137.20 1 0
github.com/pcraw4d/business-verification/internal/api/middleware/auth_rate_limit.go:138.66,139.26 1 0
github.com/pcraw4d/business-verification/internal/api/middleware/auth_rate_limit.go:140.58,141.26 1 0
github.com/pcraw4d/business-verification/internal/api/middleware/auth_rate_limit.go:142.56,143.30 1 0
github.com/pcraw4d/business-verification/internal/api/middleware/auth_rate_limit.go:144.10,145.19 1 0
github.com/pcraw4d/business-verification/internal/api/middleware/auth_rate_limit.go:150.77,151.22 1 0
github.com/pcraw4d/business-verification/internal/api/middleware/auth_rate_limit.go:152.15,153.51 1 0
github.com/pcraw4d/business-verification/internal/api/middleware/auth_rate_limit.go:154.18,155.54 1 0
github.com/pcraw4d/business-verification/internal/api/middleware/auth_rate_limit.go:156.24,157.59 1 0
github.com/pcraw4d/business-verification/internal/api/middleware/auth_rate_limit.go:158.10,159.14 1 0
github.com/pcraw4d/business-verification/internal/api/middleware/auth_rate_limit.go:164.63,169.13 4 0
github.com/pcraw4d/business-verification/internal/api/middleware/auth_rate_limit.go:169.13,171.3 1 0
github.com/pcraw4d/business-verification/internal/api/middleware/auth_rate_limit.go:173.2,176.73 3 0
github.com/pcraw4d/business-verification/internal/api/middleware/auth_rate_limit.go:176.73,178.3 1 0
github.com/pcraw4d/business-verification/internal/api/middleware/auth_rate_limit.go:181.2,181.72 1 0
github.com/pcraw4d/business-verification/internal/api/middleware/auth_rate_limit.go:181.72,183.3 1 0
github.com/pcraw4d/business-verification/internal/api/middleware/auth_rate_limit.go:185.2,185.14 1 0
github.com/pcraw4d/business-verification/internal/api/middleware/auth_rate_limit.go:189.78,194.13 4 0
github.com/pcraw4d/business-verification/internal/api/middleware/auth_rate_limit.go:194.13,197.3 2 0
github.com/pcraw4d/business-verification/internal/api/middleware/auth_rate_limit.go:199.2,208.22 5 0
github.com/pcraw4d/business-verification/internal/api/middleware/auth_rate_limit.go:209.15,210.58 1 0
github.com/pcraw4d/business-verification/internal/api/middleware/auth_rate_limit.go:210.58,213.4 2 0
github.com/pcraw4d/business-verification/internal/api/middleware/auth_rate_limit.go:214.3,215.32 2 0
github.com/pcraw4d/business-verification/internal/api/middleware/auth_rate_limit.go:217.18,218.64 1 0
github.com/pcraw4d/business-verification/internal/api/middleware/auth_rate_limit.go:218.64,221.4 2 0
github.com/pcraw4d/business-verification/internal/api/middleware/auth_rate_limit.go:222.3,223.35 2 0
github.com/pcraw4d/business-verification/internal/api/middleware/auth_rate_limit.go:225.24,226.74 1 0
github.com/pcraw4d/business-verification/internal/api/middleware/auth_rate_limit.go:226.74,229.4 2 0
github.com/pcraw4d/business-verification/internal/api/middleware/auth_rate_limit.go:230.3,231.40 2 0
github.com/pcraw4d/business-verification/internal/api/middleware/auth_rate_limit.go:233.10,235.14 1 0
github.com/pcraw4d/business-verification/internal/api/middleware/auth_rate_limit.go:238.2,238.13 1 0
github.com/pcraw4d/business-verification/internal/api/middleware/auth_rate_limit.go:242.86,245.47 2 0
github.com/pcraw4d/business-verification/internal/api/middleware/auth_rate_limit.go:245.47,247.3 1 0
github.com/pcraw4d/business-verification/internal/api/middleware/auth_rate_limit.go:248.2,248.50 1 0
github.com/pcraw4d/business-verification/internal/api/middleware/auth_rate_limit.go:248.50,250.3 1 0
github.com/pcraw4d/business-verification/internal/api/middleware/auth_rate_limit.go:251.2,251.55 1 0
github.com/pcraw4d/business-verification/internal/api/middleware/auth_rate_limit.go:251.55,253.3 1 0
github.com/pcraw4d/business-verification/internal/api/middleware/auth_rate_limit.go:257.78,264.2 3 0
github.com/pcraw4d/business-verification/internal/api/middleware/auth_rate_limit.go:267.77,272.13 4 0
github.com/pcraw4d/business-verification/internal/api/middleware/auth_rate_limit.go:272.13,274.3 1 0
github.com/pcraw4d/business-verification/internal/api/middleware/auth_rate_limit.go:276.2,282.22 4 0
github.com/pcraw4d/business-verification/internal/api/middleware/auth_rate_limit.go:283.15,284.66 1 0
github.com/pcraw4d/business-verification/internal/api/middleware/auth_rate_limit.go:285.18,286.72 1 0
github.com/pcraw4d/business-verification/internal/api/middleware/auth_rate_limit.go:287.24,288.82 1 0
github.com/pcraw4d/business-verification/internal/api/middleware/auth_rate_limit.go:289.10,290.12 1 0
github.com/pcraw4d/business-verification/internal/api/middleware/auth_rate_limit.go:295.78,296.22 1 0
github.com/pcraw4d/business-verification/internal/api/middleware/auth_rate_limit.go:297.15,298.37 1 0
github.com/pcraw4d/business-verification/internal/api/middleware/auth_rate_limit.go:299.18,300.40 1 0
github.com/pcraw4d/business-verification/internal/api/middleware/auth_rate_limit.go:301.24,302.45 1 0
github.com/pcraw4d/business-verification/internal/api/middleware/auth_rate_limit.go:303.10,304.12 1 0
github.com/pcraw4d/business-verification/internal/api/middleware/auth_rate_limit.go:309.65,311.55 1 0
github.com/pcraw4d/business-verification/internal/api/middleware/auth_rate_limit.go:311.55,313.3 1 0
github.com/pcraw4d/business-verification/internal/api/middleware/auth_rate_limit.go:316.2,316.49 1 0
github.com/pcraw4d/business-verification/internal/api/middleware/auth_rate_limit.go:316.49,318.3 1 0
github.com/pcraw4d/business-verification/internal/api/middleware/auth_rate_limit.go:321.2,321.21 1 0
github.com/pcraw4d/business-verification/internal/api/middleware/auth_rate_limit.go:325.39,329.6 3 0
github.com/pcraw4d/business-verification/internal/api/middleware/auth_rate_limit.go:329.6,330.10 1 0
github.com/pcraw4d/business-verification/internal/api/middleware/auth_rate_limit.go:331.19,332.22 1 0
github.com/pcraw4d/business-verification/internal/api/middleware/auth_rate_limit.go:333.24,334.10 1 0
github.com/pcraw4d/business-verification/internal/api/middleware/auth_rate_limit.go:340.44,347.38 5 0
github.com/pcraw4d/business-verification/internal/api/middleware/auth_rate_limit.go:347.38,352.67 3 0
github.com/pcraw4d/business-verification/internal/api/middleware/auth_rate_limit.go:352.67,354.4 1 0
github.com/pcraw4d/business-verification/internal/api/middleware/auth_rate_limit.go:354.9,356.62 1 0
github.com/pcraw4d/business-verification/internal/api/middleware/auth_rate_limit.go:356.62,358.4 1 0
github.com/pcraw4d/business-verification/internal/api/middleware/auth_rate_limit.go:360.3,360.14 1 0
github.com/pcraw4d/business-verification/internal/api/middleware/auth_rate_limit.go:360.14,362.4 1 0
github.com/pcraw4d/business-verification/internal/api/middleware/auth_rate_limit.go:364.3,364.21 1 0
github.com/pcraw4d/business-verification/internal/api/middleware/auth_rate_limit.go:369.36,371.2 1 0
github.com/pcraw4d/business-verification/internal/api/middleware/auth_rate_limit.go:374.24,375.11 1 0
github.com/pcraw4d/business-verification/internal/api/middleware/auth_rate_limit.go:375.11,377.3 1 0
github.com/pcraw4d/business-verification/internal/api/middleware/auth_rate_limit.go:378.2,378.10 1 0
github.com/pcraw4d/business-verification/internal/api/middleware/ip_block.go:35.157,49.2 3 0
github.com/pcraw4d/business-verification/internal/api/middleware/ip_block.go:52.64,53.71 1 0
github.com/pcraw4d/business-verification/internal/api/middleware/ip_block.go:53.71,54.17 1 0
github.com/pcraw4d/business-verification/internal/api/middleware/ip_block.go:54.17,57.4 2 0
github.com/pcraw4d/business-verification/internal/api/middleware/ip_block.go:59.3,60.26 2 0
github.com/pcraw4d/business-verification/internal/api/middleware/ip_block.go:60.26,63.4 2 0
github.com/pcraw4d/business-verification/internal/api/middleware/ip_block.go:64.3,64.45 1 0
github.com/pcraw4d/business-verification/internal/api/middleware/ip_block.go:64.45,68.4 3 0
github.com/pcraw4d/business-verification/internal/api/middleware/ip_block.go:71.3,75.24 3 0
github.com/pcraw4d/business-verification/internal/api/middleware/ip_block.go:75.24,77.4 1 0
github.com/pcraw4d/business-verification/internal/api/middleware/ip_block.go:86.49,89.2 2 0
github.com/pcraw4d/business-verification/internal/api/middleware/ip_block.go:91.51,94.2 2 0
github.com/pcraw4d/business-verification/internal/api/middleware/ip_block.go:96.51,99.2 2 0
github.com/pcraw4d/business-verification/internal/api/middleware/ip_block.go:101.47,105.35 4 0
github.com/pcraw4d/business-verification/internal/api/middleware/ip_block.go:105.35,107.3 1 0
github.com/pcraw4d/business-verification/internal/api/middleware/ip_block.go:108.2,108.41 1 0
github.com/pcraw4d/business-verification/internal/api/middleware/ip_block.go:108.41,110.3 1 0
github.com/pcraw4d/business-verification/internal/api/middleware/ip_block.go:112.2,115.14 4 0
github.com/pcraw4d/business-verification/internal/api/middleware/ip_block.go:118.44,123.9 4 0
github.com/pcraw4d/business-verification/internal/api/middleware/ip_block.go:123.9,126.3 2 0
github.com/pcraw4d/business-verification/internal/api/middleware/ip_block.go:129.2,129.39 1 0
github.com/pcraw4d/business-verification/internal/api/middleware/ip_block.go:129.39,132.3 2 0
github.com/pcraw4d/business-verification/internal/api/middleware/ip_block.go:134.2,135.33 2 0
github.com/pcraw4d/business-verification/internal/api/middleware/ip_block.go:135.33,142.3 3 0
github.com/pcraw4d/business-verification/internal/api/middleware/ip_block.go:143.2,143.15 1 0
github.com/pcraw4d/business-verification/internal/api/middleware/ip_block.go:146.31,149.6 3 0
github.com/pcraw4d/business-verification/internal/api/middleware/ip_block.go:149.6,150.10 1 0
github.com/pcraw4d/business-verification/internal/api/middleware/ip_block.go:151.14,152.10 1 0
github.com/pcraw4d/business-verification/internal/api/middleware/ip_block.go:153.21,154.10 1 0
github.com/pcraw4d/business-verification/internal/api/middleware/ip_block.go:159.26,162.33 3 0
github.com/pcraw4d/business-verification/internal/api/middleware/ip_block.go:162.33,163.68 1 0
github.com/pcraw4d/business-verification/internal/api/middleware/ip_block.go:163.68,165.4 1 0
github.com/pcraw4d/business-verification/internal/api/middleware/ip_block.go:167.2,167.15 1 0
github.com/pcraw4d/business-verification/internal/api/middleware/ip_block.go:170.54,172.27 2 0
github.com/pcraw4d/business-verification/internal/api/middleware/ip_block.go:172.27,173.14 1 0
github.com/pcraw4d/business-verification/internal/api/middleware/ip_block.go:173.14,174.12 1 0
github.com/pcraw4d/business-verification/internal/api/middleware/ip_block.go:176.3,176.20 1 0
github.com/pcraw4d/business-verification/internal/api/middleware/ip_block.go:178.2,178.10 1 0
github.com/pcraw4d/business-verification/internal/api/middleware/ip_block.go:181.39,182.55 1 0
github.com/pcraw4d/business-verification/internal/api/middleware/ip_block.go:182.55,184.3 1 0
github.com/pcraw4d/business-verification/internal/api/middleware/ip_block.go:185.2,185.49 1 0
github.com/pcraw4d/business-verification/internal/api/middleware/ip_block.go:185.49,187.3 1 0
github.com/pcraw4d/business-verification/internal/api/middleware/ip_block.go:188.2,189.16 2 0
github.com/pcraw4d/business-verification/internal/api/middleware/ip_block.go:189.16,191.3 1 0
github.com/pcraw4d/business-verification/internal/api/middleware/ip_block.go:192.2,192.21 1 0
github.com/pcraw4d/business-verification/internal/api/middleware/permission.go:20.121,25.2 1 1
github.com/pcraw4d/business-verification/internal/api/middleware/permission.go:28.76,29.71 1 1
github.com/pcraw4d/business-verification/internal/api/middleware/permission.go:29.71,31.48 1 1
github.com/pcraw4d/business-verification/internal/api/middleware/permission.go:31.48,34.4 2 1
github.com/pcraw4d/business-verification/internal/api/middleware/permission.go:37.3,38.17 2 1
github.com/pcraw4d/business-verification/internal/api/middleware/permission.go:38.17,42.4 3 1
github.com/pcraw4d/business-verification/internal/api/middleware/permission.go:45.3,45.101 1 1
github.com/pcraw4d/business-verification/internal/api/middleware/permission.go:45.101,55.4 3 1
github.com/pcraw4d/business-verification/internal/api/middleware/permission.go:58.3,70.23 5 1
github.com/pcraw4d/business-verification/internal/api/middleware/permission.go:75.76,94.58 2 1
github.com/pcraw4d/business-verification/internal/api/middleware/permission.go:94.58,95.38 1 1
github.com/pcraw4d/business-verification/internal/api/middleware/permission.go:95.38,96.41 1 1
github.com/pcraw4d/business-verification/internal/api/middleware/permission.go:96.41,98.5 1 1
github.com/pcraw4d/business-verification/internal/api/middleware/permission.go:102.2,102.14 1 1
github.com/pcraw4d/business-verification/internal/api/middleware/permission.go:106.96,108.63 1 1
github.com/pcraw4d/business-verification/internal/api/middleware/permission.go:108.63,110.3 1 1
github.com/pcraw4d/business-verification/internal/api/middleware/permission.go:113.2,113.66 1 1
github.com/pcraw4d/business-verification/internal/api/middleware/permission.go:113.66,115.3 1 1
github.com/pcraw4d/business-verification/internal/api/middleware/permission.go:118.2,118.73 1 1
github.com/pcraw4d/business-verification/internal/api/middleware/permission.go:118.73,120.3 1 1
github.com/pcraw4d/business-verification/internal/api/middleware/permission.go:122.2,122.60 1 1
github.com/pcraw4d/business-verification/internal/api/middleware/permission.go:126.92,128.22 2 1
github.com/pcraw4d/business-verification/internal/api/middleware/permission.go:128.22,130.3 1 1
github.com/pcraw4d/business-verification/internal/api/middleware/permission.go:133.2,133.47 1 1
github.com/pcraw4d/business-verification/internal/api/middleware/permission.go:133.47,135.3 1 0
github.com/pcraw4d/business-verification/internal/api/middleware/permission.go:137.2,148.28 2 1
github.com/pcraw4d/business-verification/internal/api/middleware/permission.go:148.28,150.3 1 1
github.com/pcraw4d/business-verification/internal/api/middleware/permission.go:151.2,151.27 1 1
github.com/pcraw4d/business-verification/internal/api/middleware/permission.go:151.27,153.3 1 1
github.com/pcraw4d/business-verification/internal/api/middleware/permission.go:154.2,154.30 1 1
github.com/pcraw4d/business-verification/internal/api/middleware/permission.go:154.30,156.3 1 0
github.com/pcraw4d/business-verification/internal/api/middleware/permission.go:157.2,157.30 1 1
github.com/pcraw4d/business-verification/internal/api/middleware/permission.go:157.30,159.3 1 0
github.com/pcraw4d/business-verification/internal/api/middleware/permission.go:160.2,160.28 1 1
github.com/pcraw4d/business-verification/internal/api/middleware/permission.go:160.28,162.3 1 0
github.com/pcraw4d/business-verification/internal/api/middleware/permission.go:164.2,164.44 1 1
github.com/pcraw4d/business-verification/internal/api/middleware/permission.go:168.95,170.18 2 1
github.com/pcraw4d/business-verification/internal/api/middleware/permission.go:170.18,172.3 1 1
github.com/pcraw4d/business-verification/internal/api/middleware/permission.go:182.2,182.32 1 1
github.com/pcraw4d/business-verification/internal/api/middleware/permission.go:182.32,184.3 1 1
github.com/pcraw4d/business-verification/internal/api/middleware/permission.go:186.2,186.46 1 0
github.com/pcraw4d/business-verification/internal/api/middleware/permission.go:190.102,193.38 2 1
github.com/pcraw4d/business-verification/internal/api/middleware/permission.go:193.38,195.3 1 1
github.com/pcraw4d/business-verification/internal/api/middleware/permission.go:198.2,199.94 2 1
github.com/pcraw4d/business-verification/internal/api/middleware/permission.go:199.94,201.3 1 1
github.com/pcraw4d/business-verification/internal/api/middleware/permission.go:203.2,203.51 1 1
github.com/pcraw4d/business-verification/internal/api/middleware/permission.go:207.63,210.2 2 1
github.com/pcraw4d/business-verification/internal/api/middleware/permission.go:213.68,216.2 2 1
github.com/pcraw4d/business-verification/internal/api/middleware/permission.go:219.111,220.46 1 1
github.com/pcraw4d/business-verification/internal/api/middleware/permission.go:220.46,221.72 1 1
github.com/pcraw4d/business-verification/internal/api/middleware/permission.go:221.72,223.11 2 1
github.com/pcraw4d/business-verification/internal/api/middleware/permission.go:223.11,226.5 2 0
github.com/pcraw4d/business-verification/internal/api/middleware/permission.go:228.4,228.49 1 1
github.com/pcraw4d/business-verification/internal/api/middleware/permission.go:228.49,238.5 3 1
github.com/pcraw4d/business-verification/internal/api/middleware/permission.go:240.4,240.24 1 1
github.com/pcraw4d/business-verification/internal/api/middleware/permission.go:246.93,247.46 1 1
github.com/pcraw4d/business-verification/internal/api/middleware/permission.go:247.46,248.72 1 1
github.com/pcraw4d/business-verification/internal/api/middleware/permission.go:248.72,250.11 2 1
github.com/pcraw4d/business-verification/internal/api/middleware/permission.go:250.11,253.5 2 0
github.com/pcraw4d/business-verification/internal/api/middleware/permission.go:255.4,255.24 1 1
github.com/pcraw4d/business-verification/internal/api/middleware/permission.go:255.24,265.5 3 1
github.com/pcraw4d/business-verification/internal/api/middleware/permission.go:267.4,267.24 1 1
github.com/pcraw4d/business-verification/internal/api/middleware/permission.go:273.103,274.46 1 1
github.com/pcraw4d/business-verification/internal/api/middleware/permission.go:274.46,275.72 1 1
github.com/pcraw4d/business-verification/internal/api/middleware/permission.go:275.72,277.11 2 1
github.com/pcraw4d/business-verification/internal/api/middleware/permission.go:277.11,280.5 2 0
github.com/pcraw4d/business-verification/internal/api/middleware/permission.go:282.4,282.45 1 1
github.com/pcraw4d/business-verification/internal/api/middleware/permission.go:282.45,292.5 3 1
github.com/pcraw4d/business-verification/internal/api/middleware/permission.go:294.4,294.24 1 1
github.com/pcraw4d/business-verification/internal/api/middleware/permission.go:300.82,313.31 4 1
github.com/pcraw4d/business-verification/internal/api/middleware/permission.go:313.31,315.3 1 0
github.com/pcraw4d/business-verification/internal/api/middleware/permission.go:317.2,317.30 1 1
github.com/pcraw4d/business-verification/internal/api/middleware/rate_limit.go:37.89,49.2 3 0
github.com/pcraw4d/business-verification/internal/api/middleware/rate_limit.go:52.67,53.71 1 0
github.com/pcraw4d/business-verification/internal/api/middleware/rate_limit.go:53.71,54.25 1 0
github.com/pcraw4d/business-verification/internal/api/middleware/rate_limit.go:54.25,57.4 2 0
github.com/pcraw4d/business-verification/internal/api/middleware/rate_limit.go:59.3,61.26 2 0
github.com/pcraw4d/business-verification/internal/api/middleware/rate_limit.go:61.26,72.4 6 0
github.com/pcraw4d/business-verification/internal/api/middleware/rate_limit.go:75.3,79.23 4 0
github.com/pcraw4d/business-verification/internal/api/middleware/rate_limit.go:84.52,89.13 4 0
github.com/pcraw4d/business-verification/internal/api/middleware/rate_limit.go:89.13,97.3 2 0
github.com/pcraw4d/business-verification/internal/api/middleware/rate_limit.go:99.2,107.21 6 0
github.com/pcraw4d/business-verification/internal/api/middleware/rate_limit.go:107.21,110.3 2 0
github.com/pcraw4d/business-verification/internal/api/middleware/rate_limit.go:113.2,113.18 1 0
github.com/pcraw4d/business-verification/internal/api/middleware/rate_limit.go:113.18,116.3 2 0
github.com/pcraw4d/business-verification/internal/api/middleware/rate_limit.go:118.2,118.14 1 0
github.com/pcraw4d/business-verification/internal/api/middleware/rate_limit.go:122.58,127.13 4 0
github.com/pcraw4d/business-verification/internal/api/middleware/rate_limit.go:127.13,129.3 1 0
github.com/pcraw4d/business-verification/internal/api/middleware/rate_limit.go:131.2,134.17 3 0
github.com/pcraw4d/business-verification/internal/api/middleware/rate_limit.go:138.60,140.55 1 0
github.com/pcraw4d/business-verification/internal/api/middleware/rate_limit.go:140.55,142.3 1 0
github.com/pcraw4d/business-verification/internal/api/middleware/rate_limit.go:145.2,145.49 1 0
github.com/pcraw4d/business-verification/internal/api/middleware/rate_limit.go:145.49,147.3 1 0
github.com/pcraw4d/business-verification/internal/api/middleware/rate_limit.go:150.2,150.21 1 0
github.com/pcraw4d/business-verification/internal/api/middleware/rate_limit.go:154.34,158.6 3 0
github.com/pcraw4d/business-verification/internal/api/middleware/rate_limit.go:158.6,159.10 1 0
github.com/pcraw4d/business-verification/internal/api/middleware/rate_limit.go:160.19,161.21 1 0
github.com/pcraw4d/business-verification/internal/api/middleware/rate_limit.go:162.23,163.10 1 0
github.com/pcraw4d/business-verification/internal/api/middleware/rate_limit.go:169.39,176.37 5 0
github.com/pcraw4d/business-verification/internal/api/middleware/rate_limit.go:176.37,178.50 2 0
github.com/pcraw4d/business-verification/internal/api/middleware/rate_limit.go:178.50,180.4 1 0
github.com/pcraw4d/business-verification/internal/api/middleware/rate_limit.go:181.3,181.21 1 0
github.com/pcraw4d/business-verification/internal/api/middleware/rate_limit.go:186.31,188.2 1 0
github.com/pcraw4d/business-verification/internal/api/middleware/rate_limit.go:191.24,192.11 1 0
github.com/pcraw4d/business-verification/internal/api/middleware/rate_limit.go:192.11,194.3 1 0
github.com/pcraw4d/business-verification/internal/api/middleware/rate_limit.go:195.2,195.10 1 0
github.com/pcraw4d/business-verification/internal/api/middleware/validation.go:29.86,34.2 1 0
github.com/pcraw4d/business-verification/internal/api/middleware/validation.go:37.64,38.71 1 0
github.com/pcraw4d/business-verification/internal/api/middleware/validation.go:38.71,39.24 1 0
github.com/pcraw4d/business-verification/internal/api/middleware/validation.go:39.24,42.4 2 0
github.com/pcraw4d/business-verification/internal/api/middleware/validation.go:45.3,45.46 1 0
github.com/pcraw4d/business-verification/internal/api/middleware/validation.go:45.46,48.4 2 0
github.com/pcraw4d/business-verification/internal/api/middleware/validation.go:51.3,51.69 1 0
github.com/pcraw4d/business-verification/internal/api/middleware/validation.go:51.69,52.51 1 0
github.com/pcraw4d/business-verification/internal/api/middleware/validation.go:52.51,61.5 3 0
github.com/pcraw4d/business-verification/internal/api/middleware/validation.go:64.4,64.48 1 0
github.com/pcraw4d/business-verification/internal/api/middleware/validation.go:64.48,72.5 3 0
github.com/pcraw4d/business-verification/internal/api/middleware/validation.go:75.4,75.44 1 0
github.com/pcraw4d/business-verification/internal/api/middleware/validation.go:75.44,83.5 3 0
github.com/pcraw4d/business-verification/internal/api/middleware/validation.go:87.3,87.50 1 0
github.com/pcraw4d/business-verification/internal/api/middleware/validation.go:87.50,95.4 3 0
github.com/pcraw4d/business-verification/internal/api/middleware/validation.go:97.3,97.23 1 0
github.com/pcraw4d/business-verification/internal/api/middleware/validation.go:102.62,104.37 1 0
github.com/pcraw4d/business-verification/internal/api/middleware/validation.go:104.37,106.3 1 0
github.com/pcraw4d/business-verification/internal/api/middleware/validation.go:109.2,109.49 1 0
github.com/pcraw4d/business-verification/internal/api/middleware/validation.go:109.49,110.39 1 0
github.com/pcraw4d/business-verification/internal/api/middleware/validation.go:110.39,112.4 1 0
github.com/pcraw4d/business-verification/internal/api/middleware/validation.go:115.2,115.14 1 0
github.com/pcraw4d/business-verification/internal/api/middleware/validation.go:119.64,121.23 2 0
github.com/pcraw4d/business-verification/internal/api/middleware/validation.go:121.23,123.3 1 0
github.com/pcraw4d/business-verification/internal/api/middleware/validation.go:126.2,129.19 3 0
github.com/pcraw4d/business-verification/internal/api/middleware/validation.go:130.26,131.13 1 0
github.com/pcraw4d/business-verification/internal/api/middleware/validation.go:132.43,133.13 1 0
github.com/pcraw4d/business-verification/internal/api/middleware/validation.go:134.29,135.13 1 0
github.com/pcraw4d/business-verification/internal/api/middleware/validation.go:136.10,137.63 1 0
github.com/pcraw4d/business-verification/internal/api/middleware/validation.go:142.61,143.44 1 0
github.com/pcraw4d/business-verification/internal/api/middleware/validation.go:143.44,146.3 1 0
github.com/pcraw4d/business-verification/internal/api/middleware/validation.go:147.2,147.12 1 0
github.com/pcraw4d/business-verification/internal/api/middleware/validation.go:151.57,153.56 2 0
github.com/pcraw4d/business-verification/internal/api/middleware/validation.go:153.56,155.3 1 0
github.com/pcraw4d/business-verification/internal/api/middleware/validation.go:158.2,159.16 2 0
github.com/pcraw4d/business-verification/internal/api/middleware/validation.go:159.16,161.3 1 0
github.com/pcraw4d/business-verification/internal/api/middleware/validation.go:164.2,167.20 2 0
github.com/pcraw4d/business-verification/internal/api/middleware/validation.go:167.20,169.3 1 0
github.com/pcraw4d/business-verification/internal/api/middleware/validation.go:172.2,173.56 2 0
github.com/pcraw4d/business-verification/internal/api/middleware/validation.go:173.56,175.3 1 0
github.com/pcraw4d/business-verification/internal/api/middleware/validation.go:178.2,178.70 1 0
github.com/pcraw4d/business-verification/internal/api/middleware/validation.go:178.70,180.3 1 0
github.com/pcraw4d/business-verification/internal/api/middleware/validation.go:182.2,182.12 1 0
github.com/pcraw4d/business-verification/internal/api/middleware/validation.go:186.80,187.30 1 0
github.com/pcraw4d/business-verification/internal/api/middleware/validation.go:188.30,189.43 1 0
github.com/pcraw4d/business-verification/internal/api/middleware/validation.go:190.21,191.42 1 0
github.com/pcraw4d/business-verification/internal/api/middleware/validation.go:192.10,194.13 1 0
github.com/pcraw4d/business-verification/internal/api/middleware/validation.go:199.87,201.56 1 0
github.com/pcraw4d/business-verification/internal/api/middleware/validation.go:201.56,203.3 1 0
github.com/pcraw4d/business-verification/internal/api/middleware/validation.go:206.2,206.9 1 0
github.com/pcraw4d/business-verification/internal/api/middleware/validation.go:207.43,208.46 1 0
github.com/pcraw4d/business-verification/internal/api/middleware/validation.go:209.48,210.44 1 0
github.com/pcraw4d/business-verification/internal/api/middleware/validation.go:211.45,212.37 1 0
github.com/pcraw4d/business-verification/internal/api/middleware/validation.go:213.10,214.13 1 0
github.com/pcraw4d/business-verification/internal/api/middleware/validation.go:219.77,221.21 1 0
github.com/pcraw4d/business-verification/internal/api/middleware/validation.go:221.21,223.3 1 0
github.com/pcraw4d/business-verification/internal/api/middleware/validation.go:226.2,226.27 1 0
github.com/pcraw4d/business-verification/internal/api/middleware/validation.go:226.27,227.61 1 0
github.com/pcraw4d/business-verification/internal/api/middleware/validation.go:227.61,229.4 1 0
github.com/pcraw4d/business-verification/internal/api/middleware/validation.go:232.2,232.12 1 0
github.com/pcraw4d/business-verification/internal/api/middleware/validation.go:236.101,237.29 1 0
github.com/pcraw4d/business-verification/internal/api/middleware/validation.go:237.29,239.3 1 0
github.com/pcraw4d/business-verification/internal/api/middleware/validation.go:241.2,241.28 1 0
github.com/pcraw4d/business-verification/internal/api/middleware/validation.go:241.28,242.58 1 0
github.com/pcraw4d/business-verification/internal/api/middleware/validation.go:242.58,243.83 1 0
github.com/pcraw4d/business-verification/internal/api/middleware/validation.go:243.83,245.5 1 0
github.com/pcraw4d/business-verification/internal/api/middleware/validation.go:249.2,249.12 1 0
github.com/pcraw4d/business-verification/internal/api/middleware/validation.go:253.85,256.37 2 0
github.com/pcraw4d/business-verification/internal/api/middleware/validation.go:256.37,258.3 1 0
github.com/pcraw4d/business-verification/internal/api/middleware/validation.go:261.2,261.77 1 0
github.com/pcraw4d/business-verification/internal/api/middleware/validation.go:261.77,263.3 1 0
github.com/pcraw4d/business-verification/internal/api/middleware/validation.go:266.2,266.81 1 0
github.com/pcraw4d/business-verification/internal/api/middleware/validation.go:266.81,267.42 1 0
github.com/pcraw4d/business-verification/internal/api/middleware/validation.go:267.42,269.4 1 0
github.com/pcraw4d/business-verification/internal/api/middleware/validation.go:272.2,272.68 1 0
github.com/pcraw4d/business-verification/internal/api/middleware/validation.go:272.68,273.38 1 0
github.com/pcraw4d/business-verification/internal/api/middleware/validation.go:273.38,275.4 1 0
github.com/pcraw4d/business-verification/internal/api/middleware/validation.go:278.2,278.12 1 0
github.com/pcraw4d/business-verification/internal/api/middleware/validation.go:282.83,285.39 2 0
github.com/pcraw4d/business-verification/internal/api/middleware/validation.go:285.39,287.30 2 0
github.com/pcraw4d/business-verification/internal/api/middleware/validation.go:287.30,289.4 1 0
github.com/pcraw4d/business-verification/internal/api/middleware/validation.go:291.3,291.69 1 0
github.com/pcraw4d/business-verification/internal/api/middleware/validation.go:291.69,293.4 1 0
github.com/pcraw4d/business-verification/internal/api/middleware/validation.go:297.2,297.44 1 0
github.com/pcraw4d/business-verification/internal/api/middleware/validation.go:297.44,298.69 1 0
github.com/pcraw4d/business-verification/internal/api/middleware/validation.go:298.69,300.4 1 0
github.com/pcraw4d/business-verification/internal/api/middleware/validation.go:303.2,303.12 1 0
github.com/pcraw4d/business-verification/internal/api/middleware/validation.go:307.76,310.39 2 0
github.com/pcraw4d/business-verification/internal/api/middleware/validation.go:310.39,312.30 2 0
github.com/pcraw4d/business-verification/internal/api/middleware/validation.go:312.30,314.4 1 0
github.com/pcraw4d/business-verification/internal/api/middleware/validation.go:316.3,316.69 1 0
github.com/pcraw4d/business-verification/internal/api/middleware/validation.go:316.69,318.4 1 0
github.com/pcraw4d/business-verification/internal/api/middleware/validation.go:321.2,321.12 1 0
github.com/pcraw4d/business-verification/internal/api/middleware/validation.go:325.64,329.39 2 0
github.com/pcraw4d/business-verification/internal/api/middleware/validation.go:329.39,330.32 1 0
github.com/pcraw4d/business-verification/internal/api/middleware/validation.go:330.32,332.25 1 0
github.com/pcraw4d/business-verification/internal/api/middleware/validation.go:332.25,334.5 1 0
github.com/pcraw4d/business-verification/internal/api/middleware/validation.go:337.4,337.44 1 0
github.com/pcraw4d/business-verification/internal/api/middleware/validation.go:337.44,342.5 1 0
github.com/pcraw4d/business-verification/internal/api/middleware/validation.go:346.2,346.12 1 0
github.com/pcraw4d/business-verification/internal/api/middleware/validation.go:350.57,355.31 3 0
github.com/pcraw4d/business-verification/internal/api/middleware/validation.go:355.31,358.3 2 0
github.com/pcraw4d/business-verification/internal/api/middleware/validation.go:360.2,360.34 1 0
github.com/pcraw4d/business-verification/internal/api/middleware/validation.go:360.34,362.3 1 0
github.com/pcraw4d/business-verification/internal/api/middleware/validation.go:364.2,364.38 1 0
github.com/pcraw4d/business-verification/internal/api/middleware/validation.go:364.38,369.62 3 0
github.com/pcraw4d/business-verification/internal/api/middleware/validation.go:369.62,370.28 1 0
github.com/pcraw4d/business-verification/internal/api/middleware/validation.go:370.28,372.5 1 0
github.com/pcraw4d/business-verification/internal/api/middleware/validation.go:376.2,376.12 1 0
github.com/pcraw4d/business-verification/internal/api/middleware/validation.go:380.57,381.20 1 0
github.com/pcraw4d/business-verification/internal/api/middleware/validation.go:382.22,383.28 1 0
github.com/pcraw4d/business-verification/internal/api/middleware/validation.go:384.78,385.24 1 0
github.com/pcraw4d/business-verification/internal/api/middleware/validation.go:386.83,387.25 1 0
github.com/pcraw4d/business-verification/internal/api/middleware/validation.go:388.40,389.26 1 0
github.com/pcraw4d/business-verification/internal/api/middleware/validation.go:390.20,391.21 1 0
github.com/pcraw4d/business-verification/internal/api/middleware/validation.go:392.94,393.21 1 0
github.com/pcraw4d/business-verification/internal/api/middleware/validation.go:394.10,395.15 1 0
github.com/pcraw4d/business-verification/internal/classification/data_loader.go:19.68,27.55 2 1
github.com/pcraw4d/business-verification/internal/classification/data_loader.go:27.55,29.3 1 1
github.com/pcraw4d/business-verification/internal/classification/data_loader.go:32.2,32.53 1 1
github.com/pcraw4d/business-verification/internal/classification/data_loader.go:32.53,34.3 1 0
github.com/pcraw4d/business-verification/internal/classification/data_loader.go:37.2,37.53 1 1
github.com/pcraw4d/business-verification/internal/classification/data_loader.go:37.53,39.3 1 0
github.com/pcraw4d/business-verification/internal/classification/data_loader.go:41.2,41.18 1 1
github.com/pcraw4d/business-verification/internal/classification/data_loader.go:45.68,48.16 3 1
github.com/pcraw4d/business-verification/internal/classification/data_loader.go:48.16,50.3 1 1
github.com/pcraw4d/business-verification/internal/classification/data_loader.go:51.2,55.16 4 1
github.com/pcraw4d/business-verification/internal/classification/data_loader.go:55.16,57.3 1 0
github.com/pcraw4d/business-verification/internal/classification/data_loader.go:60.2,60.33 1 1
github.com/pcraw4d/business-verification/internal/classification/data_loader.go:60.33,61.51 1 1
github.com/pcraw4d/business-verification/internal/classification/data_loader.go:61.51,62.12 1 1
github.com/pcraw4d/business-verification/internal/classification/data_loader.go:65.3,68.32 3 1
github.com/pcraw4d/business-verification/internal/classification/data_loader.go:68.32,70.4 1 1
github.com/pcraw4d/business-verification/internal/classification/data_loader.go:73.2,73.12 1 1
github.com/pcraw4d/business-verification/internal/classification/data_loader.go:77.66,80.16 3 1
github.com/pcraw4d/business-verification/internal/classification/data_loader.go:80.16,82.3 1 0
github.com/pcraw4d/business-verification/internal/classification/data_loader.go:83.2,87.16 4 1
github.com/pcraw4d/business-verification/internal/classification/data_loader.go:87.16,89.3 1 0
github.com/pcraw4d/business-verification/internal/classification/data_loader.go:92.2,92.33 1 1
github.com/pcraw4d/business-verification/internal/classification/data_loader.go:92.33,93.32 1 1
github.com/pcraw4d/business-verification/internal/classification/data_loader.go:93.32,94.12 1 1
github.com/pcraw4d/business-verification/internal/classification/data_loader.go:97.3,100.38 3 1
github.com/pcraw4d/business-verification/internal/classification/data_loader.go:100.38,102.4 1 1
github.com/pcraw4d/business-verification/internal/classification/data_loader.go:105.2,105.12 1 1
github.com/pcraw4d/business-verification/internal/classification/data_loader.go:109.66,112.16 3 1
github.com/pcraw4d/business-verification/internal/classification/data_loader.go:112.16,114.3 1 0
github.com/pcraw4d/business-verification/internal/classification/data_loader.go:115.2,119.16 4 1
github.com/pcraw4d/business-verification/internal/classification/data_loader.go:119.16,121.3 1 0
github.com/pcraw4d/business-verification/internal/classification/data_loader.go:124.2,124.33 1 1
github.com/pcraw4d/business-verification/internal/classification/data_loader.go:124.33,125.32 1 1
github.com/pcraw4d/business-verification/internal/classification/data_loader.go:125.32,126.12 1 1
github.com/pcraw4d/business-verification/internal/classification/data_loader.go:129.3,135.41 6 1
github.com/pcraw4d/business-verification/internal/classification/data_loader.go:135.41,139.4 2 1
github.com/pcraw4d/business-verification/internal/classification/data_loader.go:142.2,142.12 1 1
github.com/pcraw4d/business-verification/internal/classification/data_loader.go:146.61,147.43 1 1
github.com/pcraw4d/business-verification/internal/classification/data_loader.go:147.43,149.3 1 1
github.com/pcraw4d/business-verification/internal/classification/data_loader.go:150.2,150.33 1 1
github.com/pcraw4d/business-verification/internal/classification/data_loader.go:154.66,155.48 1 1
github.com/pcraw4d/business-verification/internal/classification/data_loader.go:155.48,157.3 1 1
github.com/pcraw4d/business-verification/internal/classification/data_loader.go:158.2,158.31 1 1
github.com/pcraw4d/business-verification/internal/classification/data_loader.go:162.66,163.48 1 1
github.com/pcraw4d/business-verification/internal/classification/data_loader.go:163.48,165.3 1 1
github.com/pcraw4d/business-verification/internal/classification/data_loader.go:166.2,166.31 1 1
github.com/pcraw4d/business-verification/internal/classification/data_loader.go:170.74,174.35 3 1
github.com/pcraw4d/business-verification/internal/classification/data_loader.go:174.35,175.56 1 1
github.com/pcraw4d/business-verification/internal/classification/data_loader.go:175.56,177.4 1 1
github.com/pcraw4d/business-verification/internal/classification/data_loader.go:180.2,180.16 1 1
github.com/pcraw4d/business-verification/internal/classification/data_loader.go:185.89,187.17 2 1
github.com/pcraw4d/business-verification/internal/classification/data_loader.go:187.17,189.3 1 0
github.com/pcraw4d/business-verification/internal/classification/data_loader.go:190.2,190.35 1 1
github.com/pcraw4d/business-verification/internal/classification/data_loader.go:190.35,191.52 1 1
github.com/pcraw4d/business-verification/internal/classification/data_loader.go:191.52,193.4 1 1
github.com/pcraw4d/business-verification/internal/classification/data_loader.go:195.2,195.16 1 1
github.com/pcraw4d/business-verification/internal/classification/data_loader.go:199.72,203.39 3 1
github.com/pcraw4d/business-verification/internal/classification/data_loader.go:203.39,204.62 1 1
github.com/pcraw4d/business-verification/internal/classification/data_loader.go:204.62,206.4 1 1
github.com/pcraw4d/business-verification/internal/classification/data_loader.go:209.2,209.16 1 1
github.com/pcraw4d/business-verification/internal/classification/data_loader.go:213.87,215.17 2 1
github.com/pcraw4d/business-verification/internal/classification/data_loader.go:215.17,217.3 1 0
github.com/pcraw4d/business-verification/internal/classification/data_loader.go:218.2,218.32 1 1
github.com/pcraw4d/business-verification/internal/classification/data_loader.go:218.32,219.51 1 1
github.com/pcraw4d/business-verification/internal/classification/data_loader.go:219.51,221.4 1 0
github.com/pcraw4d/business-verification/internal/classification/data_loader.go:223.2,223.16 1 1
github.com/pcraw4d/business-verification/internal/classification/data_loader.go:227.72,231.39 3 1
github.com/pcraw4d/business-verification/internal/classification/data_loader.go:231.39,232.62 1 1
github.com/pcraw4d/business-verification/internal/classification/data_loader.go:232.62,234.4 1 1
github.com/pcraw4d/business-verification/internal/classification/data_loader.go:237.2,237.16 1 1
github.com/pcraw4d/business-verification/internal/classification/data_loader.go:241.87,243.17 2 1
github.com/pcraw4d/business-verification/internal/classification/data_loader.go:243.17,245.3 1 0
github.com/pcraw4d/business-verification/internal/classification/data_loader.go:246.2,246.32 1 1
github.com/pcraw4d/business-verification/internal/classification/data_loader.go:246.32,247.51 1 1
github.com/pcraw4d/business-verification/internal/classification/data_loader.go:247.51,249.4 1 1
github.com/pcraw4d/business-verification/internal/classification/data_loader.go:251.2,251.16 1 1
github.com/pcraw4d/business-verification/internal/classification/data_loader.go:255.48,257.2 1 1
github.com/pcraw4d/business-verification/internal/classification/data_loader.go:260.46,262.2 1 1
github.com/pcraw4d/business-verification/internal/classification/data_loader.go:265.46,267.2 1 1
github.com/pcraw4d/business-verification/internal/classification/fuzzy.go:9.43,12.13 3 1
github.com/pcraw4d/business-verification/internal/classification/fuzzy.go:12.13,14.3 1 0
github.com/pcraw4d/business-verification/internal/classification/fuzzy.go:15.2,15.13 1 1
github.com/pcraw4d/business-verification/internal/classification/fuzzy.go:15.13,17.3 1 0
github.com/pcraw4d/business-verification/internal/classification/fuzzy.go:20.2,22.27 3 1
github.com/pcraw4d/business-verification/internal/classification/fuzzy.go:22.27,24.3 1 1
github.com/pcraw4d/business-verification/internal/classification/fuzzy.go:26.2,26.27 1 1
github.com/pcraw4d/business-verification/internal/classification/fuzzy.go:26.27,29.28 3 1
github.com/pcraw4d/business-verification/internal/classification/fuzzy.go:29.28,31.20 2 1
github.com/pcraw4d/business-verification/internal/classification/fuzzy.go:31.20,33.5 1 1
github.com/pcraw4d/business-verification/internal/classification/fuzzy.go:34.4,37.55 4 1
github.com/pcraw4d/business-verification/internal/classification/fuzzy.go:39.3,39.26 1 1
github.com/pcraw4d/business-verification/internal/classification/fuzzy.go:41.2,41.17 1 1
github.com/pcraw4d/business-verification/internal/classification/fuzzy.go:44.30,45.11 1 1
github.com/pcraw4d/business-verification/internal/classification/fuzzy.go:45.11,46.12 1 1
github.com/pcraw4d/business-verification/internal/classification/fuzzy.go:46.12,48.4 1 1
github.com/pcraw4d/business-verification/internal/classification/fuzzy.go:49.3,49.11 1 1
github.com/pcraw4d/business-verification/internal/classification/fuzzy.go:51.2,51.11 1 1
github.com/pcraw4d/business-verification/internal/classification/fuzzy.go:51.11,53.3 1 1
github.com/pcraw4d/business-verification/internal/classification/fuzzy.go:54.2,54.10 1 1
github.com/pcraw4d/business-verification/internal/classification/fuzzy.go:59.38,60.24 1 1
github.com/pcraw4d/business-verification/internal/classification/fuzzy.go:60.24,62.3 1 0
github.com/pcraw4d/business-verification/internal/classification/fuzzy.go:63.2,63.24 1 1
github.com/pcraw4d/business-verification/internal/classification/fuzzy.go:63.24,65.3 1 0
github.com/pcraw4d/business-verification/internal/classification/fuzzy.go:67.2,69.26 3 1
github.com/pcraw4d/business-verification/internal/classification/fuzzy.go:69.26,71.3 1 0
github.com/pcraw4d/business-verification/internal/classification/fuzzy.go:72.2,72.26 1 1
github.com/pcraw4d/business-verification/internal/classification/fuzzy.go:72.26,74.3 1 0
github.com/pcraw4d/business-verification/internal/classification/fuzzy.go:75.2,77.16 3 1
github.com/pcraw4d/business-verification/internal/classification/fuzzy.go:77.16,79.3 1 0
github.com/pcraw4d/business-verification/internal/classification/fuzzy.go:80.2,80.29 1 1
github.com/pcraw4d/business-verification/internal/classification/fuzzy.go:83.27,84.11 1 1
github.com/pcraw4d/business-verification/internal/classification/fuzzy.go:84.11,86.3 1 1
github.com/pcraw4d/business-verification/internal/classification/fuzzy.go:87.2,87.10 1 1
github.com/pcraw4d/business-verification/internal/classification/fuzzy.go:91.53,94.26 3 1
github.com/pcraw4d/business-verification/internal/classification/fuzzy.go:94.26,96.3 1 0
github.com/pcraw4d/business-verification/internal/classification/fuzzy.go:97.2,98.41 2 1
github.com/pcraw4d/business-verification/internal/classification/fuzzy.go:98.41,99.19 1 1
github.com/pcraw4d/business-verification/internal/classification/fuzzy.go:99.19,100.12 1 0
github.com/pcraw4d/business-verification/internal/classification/fuzzy.go:102.3,103.19 2 1
github.com/pcraw4d/business-verification/internal/classification/fuzzy.go:103.19,105.4 1 1
github.com/pcraw4d/business-verification/internal/classification/fuzzy.go:106.3,106.24 1 1
github.com/pcraw4d/business-verification/internal/classification/fuzzy.go:106.24,108.9 1 1
github.com/pcraw4d/business-verification/internal/classification/fuzzy.go:112.2,113.17 2 1
github.com/pcraw4d/business-verification/internal/classification/mapping.go:8.83,9.39 1 0
github.com/pcraw4d/business-verification/internal/classification/mapping.go:9.39,11.3 1 0
github.com/pcraw4d/business-verification/internal/classification/mapping.go:13.2,16.60 3 0
github.com/pcraw4d/business-verification/internal/classification/mapping.go:16.60,17.27 1 0
github.com/pcraw4d/business-verification/internal/classification/mapping.go:17.27,18.12 1 0
github.com/pcraw4d/business-verification/internal/classification/mapping.go:20.3,21.31 2 0
github.com/pcraw4d/business-verification/internal/classification/mapping.go:23.2,23.64 1 0
github.com/pcraw4d/business-verification/internal/classification/mapping.go:23.64,24.27 1 0
github.com/pcraw4d/business-verification/internal/classification/mapping.go:24.27,25.12 1 0
github.com/pcraw4d/business-verification/internal/classification/mapping.go:27.3,28.31 2 0
github.com/pcraw4d/business-verification/internal/classification/mapping.go:30.2,30.16 1 0
github.com/pcraw4d/business-verification/internal/classification/mapping.go:39.96,40.17 1 1
github.com/pcraw4d/business-verification/internal/classification/mapping.go:40.17,42.3 1 0
github.com/pcraw4d/business-verification/internal/classification/mapping.go:43.2,44.54 2 1
github.com/pcraw4d/business-verification/internal/classification/mapping.go:44.54,46.3 1 0
github.com/pcraw4d/business-verification/internal/classification/mapping.go:49.2,50.35 2 1
github.com/pcraw4d/business-verification/internal/classification/mapping.go:50.35,53.15 2 0
github.com/pcraw4d/business-verification/internal/classification/mapping.go:53.15,55.63 1 0
github.com/pcraw4d/business-verification/internal/classification/mapping.go:55.63,57.5 1 0
github.com/pcraw4d/business-verification/internal/classification/mapping.go:59.3,59.16 1 0
github.com/pcraw4d/business-verification/internal/classification/mapping.go:59.16,61.4 1 0
github.com/pcraw4d/business-verification/internal/classification/mapping.go:63.2,63.44 1 1
github.com/pcraw4d/business-verification/internal/classification/mapping.go:63.44,63.94 1 0
github.com/pcraw4d/business-verification/internal/classification/mapping.go:65.2,65.47 1 1
github.com/pcraw4d/business-verification/internal/classification/mapping.go:65.47,67.3 1 0
github.com/pcraw4d/business-verification/internal/classification/mapping.go:69.2,70.35 2 1
github.com/pcraw4d/business-verification/internal/classification/mapping.go:70.35,72.15 2 0
github.com/pcraw4d/business-verification/internal/classification/mapping.go:72.15,73.63 1 0
github.com/pcraw4d/business-verification/internal/classification/mapping.go:73.63,75.5 1 0
github.com/pcraw4d/business-verification/internal/classification/mapping.go:77.3,77.16 1 0
github.com/pcraw4d/business-verification/internal/classification/mapping.go:77.16,79.4 1 0
github.com/pcraw4d/business-verification/internal/classification/mapping.go:81.2,81.44 1 1
github.com/pcraw4d/business-verification/internal/classification/mapping.go:81.44,81.94 1 0
github.com/pcraw4d/business-verification/internal/classification/mapping.go:82.2,82.47 1 1
github.com/pcraw4d/business-verification/internal/classification/mapping.go:82.47,84.3 1 0
github.com/pcraw4d/business-verification/internal/classification/mapping.go:86.2,86.17 1 1
github.com/pcraw4d/business-verification/internal/classification/mapping.go:90.51,93.13 3 0
github.com/pcraw4d/business-verification/internal/classification/mapping.go:93.13,95.3 1 0
github.com/pcraw4d/business-verification/internal/classification/mapping.go:96.2,96.11 1 0
github.com/pcraw4d/business-verification/internal/classification/mapping.go:100.41,105.34 5 0
github.com/pcraw4d/business-verification/internal/classification/mapping.go:105.34,107.3 1 0
github.com/pcraw4d/business-verification/internal/classification/mapping.go:108.2,109.23 2 0
github.com/pcraw4d/business-verification/internal/classification/mapping.go:109.23,111.3 1 0
github.com/pcraw4d/business-verification/internal/classification/mapping.go:112.2,113.23 2 0
github.com/pcraw4d/business-verification/internal/classification/mapping.go:113.23,114.26 1 0
github.com/pcraw4d/business-verification/internal/classification/mapping.go:114.26,116.4 1 0
github.com/pcraw4d/business-verification/internal/classification/mapping.go:118.2,118.14 1 0
github.com/pcraw4d/business-verification/internal/classification/normalize.go:19.37,20.13 1 1
github.com/pcraw4d/business-verification/internal/classification/normalize.go:20.13,22.3 1 1
github.com/pcraw4d/business-verification/internal/classification/normalize.go:24.2,26.22 3 1
github.com/pcraw4d/business-verification/internal/classification/normalize.go:26.22,27.70 1 1
github.com/pcraw4d/business-verification/internal/classification/normalize.go:27.70,29.4 1 1
github.com/pcraw4d/business-verification/internal/classification/normalize.go:29.9,32.4 1 1
github.com/pcraw4d/business-verification/internal/classification/normalize.go:34.2,35.31 2 1
github.com/pcraw4d/business-verification/internal/classification/normalize.go:39.43,40.22 1 1
github.com/pcraw4d/business-verification/internal/classification/normalize.go:40.22,42.3 1 0
github.com/pcraw4d/business-verification/internal/classification/normalize.go:43.2,44.21 2 1
github.com/pcraw4d/business-verification/internal/classification/normalize.go:44.21,46.3 1 0
github.com/pcraw4d/business-verification/internal/classification/normalize.go:47.2,49.26 3 1
github.com/pcraw4d/business-verification/internal/classification/normalize.go:49.26,50.36 1 1
github.com/pcraw4d/business-verification/internal/classification/normalize.go:50.36,51.12 1 1
github.com/pcraw4d/business-verification/internal/classification/normalize.go:53.3,53.35 1 1
github.com/pcraw4d/business-verification/internal/classification/normalize.go:53.35,54.12 1 1
github.com/pcraw4d/business-verification/internal/classification/normalize.go:56.3,57.29 2 1
github.com/pcraw4d/business-verification/internal/classification/normalize.go:59.2,59.15 1 1
github.com/pcraw4d/business-verification/internal/classification/normalize.go:63.103,69.2 5 1
github.com/pcraw4d/business-verification/internal/classification/service.go:40.174,51.2 4 1
github.com/pcraw4d/business-verification/internal/classification/service.go:54.214,65.2 4 1
github.com/pcraw4d/business-verification/internal/classification/service.go:72.45,78.21 5 1
github.com/pcraw4d/business-verification/internal/classification/service.go:78.21,80.43 2 1
github.com/pcraw4d/business-verification/internal/classification/service.go:80.43,82.4 1 1
github.com/pcraw4d/business-verification/internal/classification/service.go:83.3,83.50 1 1
github.com/pcraw4d/business-verification/internal/classification/service.go:83.50,85.4 1 1
github.com/pcraw4d/business-verification/internal/classification/service.go:86.3,86.55 1 1
github.com/pcraw4d/business-verification/internal/classification/service.go:86.55,88.4 1 0
github.com/pcraw4d/business-verification/internal/classification/service.go:91.2,92.21 2 1
github.com/pcraw4d/business-verification/internal/classification/service.go:92.21,94.3 1 1
github.com/pcraw4d/business-verification/internal/classification/service.go:95.2,101.12 5 1
github.com/pcraw4d/business-verification/internal/classification/service.go:101.12,104.7 3 1
github.com/pcraw4d/business-verification/internal/classification/service.go:104.7,105.11 1 1
github.com/pcraw4d/business-verification/internal/classification/service.go:106.20,107.21 1 0
github.com/pcraw4d/business-verification/internal/classification/service.go:108.25,109.11 1 0
github.com/pcraw4d/business-verification/internal/classification/service.go:115.48,116.21 1 0
github.com/pcraw4d/business-verification/internal/classification/service.go:116.21,118.3 1 0
github.com/pcraw4d/business-verification/internal/classification/service.go:119.2,121.28 3 0
github.com/pcraw4d/business-verification/internal/classification/service.go:121.28,122.29 1 0
github.com/pcraw4d/business-verification/internal/classification/service.go:122.29,124.4 1 0
github.com/pcraw4d/business-verification/internal/classification/service.go:126.2,126.20 1 0
github.com/pcraw4d/business-verification/internal/classification/service.go:129.110,130.21 1 1
github.com/pcraw4d/business-verification/internal/classification/service.go:130.21,132.3 1 0
github.com/pcraw4d/business-verification/internal/classification/service.go:133.2,137.40 5 1
github.com/pcraw4d/business-verification/internal/classification/service.go:137.40,139.3 1 1
github.com/pcraw4d/business-verification/internal/classification/service.go:140.2,140.33 1 1
github.com/pcraw4d/business-verification/internal/classification/service.go:143.96,144.21 1 1
github.com/pcraw4d/business-verification/internal/classification/service.go:144.21,146.3 1 0
github.com/pcraw4d/business-verification/internal/classification/service.go:147.2,149.32 2 1
github.com/pcraw4d/business-verification/internal/classification/service.go:149.32,152.29 2 0
github.com/pcraw4d/business-verification/internal/classification/service.go:152.29,153.30 1 0
github.com/pcraw4d/business-verification/internal/classification/service.go:153.30,155.5 1 0
github.com/pcraw4d/business-verification/internal/classification/service.go:156.4,156.33 1 0
github.com/pcraw4d/business-verification/internal/classification/service.go:156.33,157.10 1 0
github.com/pcraw4d/business-verification/internal/classification/service.go:161.3,161.26 1 0
github.com/pcraw4d/business-verification/internal/classification/service.go:161.26,162.33 1 0
github.com/pcraw4d/business-verification/internal/classification/service.go:162.33,163.10 1 0
github.com/pcraw4d/business-verification/internal/classification/service.go:165.4,165.22 1 0
github.com/pcraw4d/business-verification/internal/classification/service.go:168.2,169.20 2 1
github.com/pcraw4d/business-verification/internal/classification/service.go:172.81,182.2 4 1
github.com/pcraw4d/business-verification/internal/classification/service.go:184.70,185.15 1 1
github.com/pcraw4d/business-verification/internal/classification/service.go:185.15,187.3 1 1
github.com/pcraw4d/business-verification/internal/classification/service.go:189.2,192.21 3 0
github.com/pcraw4d/business-verification/internal/classification/service.go:192.21,203.3 3 0
github.com/pcraw4d/business-verification/internal/classification/service.go:204.2,204.19 1 0
github.com/pcraw4d/business-verification/internal/classification/service.go:208.98,209.23 1 0
github.com/pcraw4d/business-verification/internal/classification/service.go:209.23,211.3 1 0
github.com/pcraw4d/business-verification/internal/classification/service.go:212.2,212.36 1 0
github.com/pcraw4d/business-verification/internal/classification/service.go:262.132,273.61 3 1
github.com/pcraw4d/business-verification/internal/classification/service.go:273.61,275.3 1 0
github.com/pcraw4d/business-verification/internal/classification/service.go:278.2,279.48 2 1
github.com/pcraw4d/business-verification/internal/classification/service.go:279.48,308.3 7 1
github.com/pcraw4d/business-verification/internal/classification/service.go:312.2,312.23 1 1
github.com/pcraw4d/business-verification/internal/classification/service.go:312.23,317.61 2 0
github.com/pcraw4d/business-verification/internal/classification/service.go:317.61,320.35 2 0
github.com/pcraw4d/business-verification/internal/classification/service.go:320.35,322.5 1 0
github.com/pcraw4d/business-verification/internal/classification/service.go:323.4,323.48 1 0
github.com/pcraw4d/business-verification/internal/classification/service.go:323.48,325.5 1 0
github.com/pcraw4d/business-verification/internal/classification/service.go:326.4,326.54 1 0
github.com/pcraw4d/business-verification/internal/classification/service.go:326.54,328.5 1 0
github.com/pcraw4d/business-verification/internal/classification/service.go:329.4,329.51 1 0
github.com/pcraw4d/business-verification/internal/classification/service.go:329.51,331.5 1 0
github.com/pcraw4d/business-verification/internal/classification/service.go:335.2,336.16 2 1
github.com/pcraw4d/business-verification/internal/classification/service.go:336.16,343.3 3 0
github.com/pcraw4d/business-verification/internal/classification/service.go:346.2,369.17 5 1
github.com/pcraw4d/business-verification/internal/classification/service.go:369.17,370.74 1 0
github.com/pcraw4d/business-verification/internal/classification/service.go:370.74,374.4 1 0
github.com/pcraw4d/business-verification/internal/classification/service.go:378.2,395.40 5 1
github.com/pcraw4d/business-verification/internal/classification/service.go:395.40,397.22 2 1
github.com/pcraw4d/business-verification/internal/classification/service.go:397.23,399.4 0 1
github.com/pcraw4d/business-verification/internal/classification/service.go:400.3,400.30 1 1
github.com/pcraw4d/business-verification/internal/classification/service.go:400.30,402.4 1 0
github.com/pcraw4d/business-verification/internal/classification/service.go:405.2,405.22 1 1
github.com/pcraw4d/business-verification/internal/classification/service.go:409.149,418.31 3 0
github.com/pcraw4d/business-verification/internal/classification/service.go:418.31,420.3 1 0
github.com/pcraw4d/business-verification/internal/classification/service.go:423.2,435.32 6 0
github.com/pcraw4d/business-verification/internal/classification/service.go:435.32,439.34 3 0
github.com/pcraw4d/business-verification/internal/classification/service.go:439.34,441.12 2 0
github.com/pcraw4d/business-verification/internal/classification/service.go:443.3,443.63 1 0
github.com/pcraw4d/business-verification/internal/classification/service.go:446.2,447.29 2 0
github.com/pcraw4d/business-verification/internal/classification/service.go:447.29,449.3 1 0
github.com/pcraw4d/business-verification/internal/classification/service.go:452.2,453.29 2 0
github.com/pcraw4d/business-verification/internal/classification/service.go:453.29,455.3 1 0
github.com/pcraw4d/business-verification/internal/classification/service.go:456.2,456.22 1 0
github.com/pcraw4d/business-verification/internal/classification/service.go:456.22,472.3 3 0
github.com/pcraw4d/business-verification/internal/classification/service.go:474.2,478.19 4 0
github.com/pcraw4d/business-verification/internal/classification/service.go:478.19,480.25 2 0
github.com/pcraw4d/business-verification/internal/classification/service.go:480.25,482.11 1 0
github.com/pcraw4d/business-verification/internal/classification/service.go:483.22,487.13 4 0
[...]
github.com/pcraw4d/business-verification/internal/config/config.go:572.2,572.21 1 1
github.com/pcraw4d/business-verification/internal/observability/health.go:66.116,74.2 1 0
github.com/pcraw4d/business-verification/internal/observability/health.go:77.73,79.2 1 0
github.com/pcraw4d/business-verification/internal/observability/health.go:82.53,84.2 1 0
github.com/pcraw4d/business-verification/internal/observability/health.go:87.71,92.41 3 0
github.com/pcraw4d/business-verification/internal/observability/health.go:92.41,101.3 6 0
github.com/pcraw4d/business-verification/internal/observability/health.go:104.2,128.17 5 0
github.com/pcraw4d/business-verification/internal/observability/health.go:132.88,137.31 2 0
github.com/pcraw4d/business-verification/internal/observability/health.go:137.31,138.23 1 0
github.com/pcraw4d/business-verification/internal/observability/health.go:139.16,140.21 1 0
github.com/pcraw4d/business-verification/internal/observability/health.go:141.18,142.23 1 0
github.com/pcraw4d/business-verification/internal/observability/health.go:143.17,144.22 1 0
github.com/pcraw4d/business-verification/internal/observability/health.go:148.2,148.16 1 0
github.com/pcraw4d/business-verification/internal/observability/health.go:152.85,153.27 1 0
github.com/pcraw4d/business-verification/internal/observability/health.go:153.27,155.3 1 0
github.com/pcraw4d/business-verification/internal/observability/health.go:156.2,156.26 1 0
github.com/pcraw4d/business-verification/internal/observability/health.go:156.26,158.3 1 0
github.com/pcraw4d/business-verification/internal/observability/health.go:159.2,159.16 1 0
github.com/pcraw4d/business-verification/internal/observability/health.go:163.76,174.25 5 0
github.com/pcraw4d/business-verification/internal/observability/health.go:175.15,176.31 1 0
github.com/pcraw4d/business-verification/internal/observability/health.go:177.16,178.31 1 0
github.com/pcraw4d/business-verification/internal/observability/health.go:179.17,180.47 1 0
github.com/pcraw4d/business-verification/internal/observability/health.go:184.2,184.60 1 0
github.com/pcraw4d/business-verification/internal/observability/health.go:184.60,187.3 2 0
github.com/pcraw4d/business-verification/internal/observability/health.go:196.81,200.2 1 0
github.com/pcraw4d/business-verification/internal/observability/health.go:203.71,225.19 7 0
github.com/pcraw4d/business-verification/internal/observability/health.go:225.19,228.3 2 0
github.com/pcraw4d/business-verification/internal/observability/health.go:231.2,231.35 1 0
github.com/pcraw4d/business-verification/internal/observability/health.go:231.35,234.3 2 0
github.com/pcraw4d/business-verification/internal/observability/health.go:236.2,243.3 1 0
github.com/pcraw4d/business-verification/internal/observability/health.go:252.92,256.2 1 0
github.com/pcraw4d/business-verification/internal/observability/health.go:259.74,262.25 2 0
github.com/pcraw4d/business-verification/internal/observability/health.go:262.25,270.3 1 0
github.com/pcraw4d/business-verification/internal/observability/health.go:272.2,273.16 2 0
github.com/pcraw4d/business-verification/internal/observability/health.go:273.16,284.3 1 0
github.com/pcraw4d/business-verification/internal/observability/health.go:286.2,292.3 1 0
github.com/pcraw4d/business-verification/internal/observability/health.go:302.127,307.2 1 0
github.com/pcraw4d/business-verification/internal/observability/health.go:310.82,313.27 2 0
github.com/pcraw4d/business-verification/internal/observability/health.go:313.27,321.3 1 0
github.com/pcraw4d/business-verification/internal/observability/health.go:323.2,324.16 2 0
github.com/pcraw4d/business-verification/internal/observability/health.go:324.16,335.3 1 0
github.com/pcraw4d/business-verification/internal/observability/health.go:337.2,343.3 1 0
github.com/pcraw4d/business-verification/internal/observability/health.go:347.71,356.12 4 0
github.com/pcraw4d/business-verification/internal/observability/health.go:356.12,357.80 1 0
github.com/pcraw4d/business-verification/internal/observability/health.go:357.80,359.4 1 0
github.com/pcraw4d/business-verification/internal/observability/health.go:363.2,369.37 4 0
github.com/pcraw4d/business-verification/internal/observability/logger.go:21.57,25.23 2 1
github.com/pcraw4d/business-verification/internal/observability/logger.go:26.14,29.5 1 1
github.com/pcraw4d/business-verification/internal/observability/logger.go:30.14,33.5 1 1
github.com/pcraw4d/business-verification/internal/observability/logger.go:34.10,38.5 1 0
github.com/pcraw4d/business-verification/internal/observability/logger.go:41.2,45.3 2 1
github.com/pcraw4d/business-verification/internal/observability/logger.go:49.43,50.15 1 1
github.com/pcraw4d/business-verification/internal/observability/logger.go:51.15,52.25 1 1
github.com/pcraw4d/business-verification/internal/observability/logger.go:53.14,54.24 1 1
github.com/pcraw4d/business-verification/internal/observability/logger.go:55.14,56.24 1 1
github.com/pcraw4d/business-verification/internal/observability/logger.go:57.15,58.25 1 1
github.com/pcraw4d/business-verification/internal/observability/logger.go:59.10,60.24 1 1
github.com/pcraw4d/business-verification/internal/observability/logger.go:65.59,67.53 1 1
github.com/pcraw4d/business-verification/internal/observability/logger.go:67.53,72.3 1 1
github.com/pcraw4d/business-verification/internal/observability/logger.go:73.2,73.10 1 1
github.com/pcraw4d/business-verification/internal/observability/logger.go:77.68,79.33 2 1
github.com/pcraw4d/business-verification/internal/observability/logger.go:79.33,81.3 1 1
github.com/pcraw4d/business-verification/internal/observability/logger.go:82.2,85.3 1 1
github.com/pcraw4d/business-verification/internal/observability/logger.go:89.47,94.2 1 1
github.com/pcraw4d/business-verification/internal/observability/logger.go:97.50,102.2 1 1
github.com/pcraw4d/business-verification/internal/observability/logger.go:105.58,110.2 1 1
github.com/pcraw4d/business-verification/internal/observability/logger.go:113.58,118.2 1 1
github.com/pcraw4d/business-verification/internal/observability/logger.go:121.63,126.2 1 1
github.com/pcraw4d/business-verification/internal/observability/logger.go:129.86,139.2 1 1
github.com/pcraw4d/business-verification/internal/observability/logger.go:142.84,151.2 1 1
github.com/pcraw4d/business-verification/internal/observability/logger.go:154.88,163.2 1 1
github.com/pcraw4d/business-verification/internal/observability/logger.go:166.125,171.2 1 1
github.com/pcraw4d/business-verification/internal/observability/logger.go:174.140,179.16 2 1
github.com/pcraw4d/business-verification/internal/observability/logger.go:179.16,181.3 1 1
github.com/pcraw4d/business-verification/internal/observability/logger.go:181.8,183.3 1 1
github.com/pcraw4d/business-verification/internal/observability/logger.go:187.139,192.16 2 1
github.com/pcraw4d/business-verification/internal/observability/logger.go:192.16,194.3 1 1
github.com/pcraw4d/business-verification/internal/observability/logger.go:194.8,196.3 1 1
github.com/pcraw4d/business-verification/internal/observability/logger.go:200.115,207.22 2 1
github.com/pcraw4d/business-verification/internal/observability/logger.go:207.22,209.3 1 1
github.com/pcraw4d/business-verification/internal/observability/logger.go:211.2,211.40 1 1
github.com/pcraw4d/business-verification/internal/observability/logger.go:215.125,223.22 2 1
github.com/pcraw4d/business-verification/internal/observability/logger.go:223.22,225.3 1 1
github.com/pcraw4d/business-verification/internal/observability/logger.go:227.2,227.40 1 1
github.com/pcraw4d/business-verification/internal/observability/logger.go:231.97,239.2 1 1
github.com/pcraw4d/business-verification/internal/observability/logger.go:242.68,249.2 1 1
github.com/pcraw4d/business-verification/internal/observability/logger.go:252.45,257.2 1 1
github.com/pcraw4d/business-verification/internal/observability/logger.go:260.98,266.22 2 1
github.com/pcraw4d/business-verification/internal/observability/logger.go:266.22,268.3 1 1
github.com/pcraw4d/business-verification/internal/observability/logger.go:270.2,270.16 1 1
github.com/pcraw4d/business-verification/internal/observability/logger.go:271.17,272.37 1 1
github.com/pcraw4d/business-verification/internal/observability/logger.go:273.19,274.38 1 0
github.com/pcraw4d/business-verification/internal/observability/logger.go:275.18,276.39 1 0
github.com/pcraw4d/business-verification/internal/observability/logger.go:277.10,278.40 1 0
github.com/pcraw4d/business-verification/internal/observability/logger.go:283.47,284.16 1 1
github.com/pcraw4d/business-verification/internal/observability/logger.go:284.16,286.3 1 0
github.com/pcraw4d/business-verification/internal/observability/logger.go:289.2,289.59 1 1
github.com/pcraw4d/business-verification/internal/observability/logger.go:289.59,291.3 1 1
github.com/pcraw4d/business-verification/internal/observability/logger.go:293.2,293.11 1 1
github.com/pcraw4d/business-verification/internal/observability/logger.go:297.41,300.28 2 0
github.com/pcraw4d/business-verification/internal/observability/logger.go:301.14,304.5 1 0
github.com/pcraw4d/business-verification/internal/observability/logger.go:305.14,308.5 1 0
github.com/pcraw4d/business-verification/internal/observability/logger.go:309.10,312.5 1 0
github.com/pcraw4d/business-verification/internal/observability/logger.go:315.2,315.30 1 0
github.com/pcraw4d/business-verification/internal/observability/logger.go:319.34,321.2 1 1
github.com/pcraw4d/business-verification/internal/observability/metrics.go:48.68,49.25 1 0
github.com/pcraw4d/business-verification/internal/observability/metrics.go:49.25,54.3 1 0
github.com/pcraw4d/business-verification/internal/observability/metrics.go:56.2,209.39 18 0
github.com/pcraw4d/business-verification/internal/observability/metrics.go:209.39,210.56 1 0
github.com/pcraw4d/business-verification/internal/observability/metrics.go:210.56,212.4 1 0
github.com/pcraw4d/business-verification/internal/observability/metrics.go:215.2,215.21 1 0
github.com/pcraw4d/business-verification/internal/observability/metrics.go:219.98,220.30 1 0
github.com/pcraw4d/business-verification/internal/observability/metrics.go:220.30,222.3 1 0
github.com/pcraw4d/business-verification/internal/observability/metrics.go:224.2,225.81 2 0
github.com/pcraw4d/business-verification/internal/observability/metrics.go:229.63,230.30 1 0
github.com/pcraw4d/business-verification/internal/observability/metrics.go:230.30,232.3 1 0
github.com/pcraw4d/business-verification/internal/observability/metrics.go:234.2,234.60 1 0
github.com/pcraw4d/business-verification/internal/observability/metrics.go:238.61,239.30 1 0
github.com/pcraw4d/business-verification/internal/observability/metrics.go:239.30,241.3 1 0
github.com/pcraw4d/business-verification/internal/observability/metrics.go:243.2,243.60 1 0
github.com/pcraw4d/business-verification/internal/observability/metrics.go:247.107,248.30 1 0
github.com/pcraw4d/business-verification/internal/observability/metrics.go:248.30,250.3 1 0
github.com/pcraw4d/business-verification/internal/observability/metrics.go:252.2,253.85 2 0
github.com/pcraw4d/business-verification/internal/observability/metrics.go:257.73,258.30 1 0
github.com/pcraw4d/business-verification/internal/observability/metrics.go:258.30,260.3 1 0
github.com/pcraw4d/business-verification/internal/observability/metrics.go:262.2,262.69 1 0
github.com/pcraw4d/business-verification/internal/observability/metrics.go:266.80,267.30 1 0
github.com/pcraw4d/business-verification/internal/observability/metrics.go:267.30,269.3 1 0
github.com/pcraw4d/business-verification/internal/observability/metrics.go:271.2,271.79 1 0
github.com/pcraw4d/business-verification/internal/observability/metrics.go:275.87,276.30 1 0
github.com/pcraw4d/business-verification/internal/observability/metrics.go:276.30,278.3 1 0
github.com/pcraw4d/business-verification/internal/observability/metrics.go:279.2,279.78 1 0
github.com/pcraw4d/business-verification/internal/observability/metrics.go:283.66,284.30 1 0
github.com/pcraw4d/business-verification/internal/observability/metrics.go:284.30,286.3 1 0
github.com/pcraw4d/business-verification/internal/observability/metrics.go:288.2,288.65 1 0
github.com/pcraw4d/business-verification/internal/observability/metrics.go:292.72,293.30 1 0
github.com/pcraw4d/business-verification/internal/observability/metrics.go:293.30,295.3 1 0
github.com/pcraw4d/business-verification/internal/observability/metrics.go:297.2,297.71 1 0
github.com/pcraw4d/business-verification/internal/observability/metrics.go:301.111,302.30 1 0
github.com/pcraw4d/business-verification/internal/observability/metrics.go:302.30,304.3 1 0
github.com/pcraw4d/business-verification/internal/observability/metrics.go:306.2,307.94 2 0
github.com/pcraw4d/business-verification/internal/observability/metrics.go:311.65,312.30 1 0
github.com/pcraw4d/business-verification/internal/observability/metrics.go:312.30,314.3 1 0
github.com/pcraw4d/business-verification/internal/observability/metrics.go:316.2,316.67 1 0
github.com/pcraw4d/business-verification/internal/observability/metrics.go:320.69,321.30 1 0
github.com/pcraw4d/business-verification/internal/observability/metrics.go:321.30,323.3 1 0
github.com/pcraw4d/business-verification/internal/observability/metrics.go:325.2,325.63 1 0
github.com/pcraw4d/business-verification/internal/observability/metrics.go:329.70,330.30 1 0
github.com/pcraw4d/business-verification/internal/observability/metrics.go:330.30,332.3 1 0
github.com/pcraw4d/business-verification/internal/observability/metrics.go:334.2,334.53 1 0
github.com/pcraw4d/business-verification/internal/observability/metrics.go:338.86,339.30 1 0
github.com/pcraw4d/business-verification/internal/observability/metrics.go:339.30,341.3 1 0
github.com/pcraw4d/business-verification/internal/observability/metrics.go:343.2,343.55 1 0
github.com/pcraw4d/business-verification/internal/observability/metrics.go:343.55,345.3 1 0
github.com/pcraw4d/business-verification/internal/observability/metrics.go:347.2,348.12 2 0
github.com/pcraw4d/business-verification/internal/observability/metrics.go:352.57,353.30 1 0
github.com/pcraw4d/business-verification/internal/observability/metrics.go:353.30,355.3 1 0
github.com/pcraw4d/business-verification/internal/observability/metrics.go:357.2,357.56 1 0
github.com/pcraw4d/business-verification/internal/observability/metrics.go:357.56,358.39 1 0
github.com/pcraw4d/business-verification/internal/observability/metrics.go:358.39,360.4 1 0
github.com/pcraw4d/business-verification/internal/observability/metrics.go:363.2,363.12 1 0
github.com/pcraw4d/business-verification/internal/observability/metrics.go:367.69,368.30 1 0
github.com/pcraw4d/business-verification/internal/observability/metrics.go:368.30,371.3 2 0
github.com/pcraw4d/business-verification/internal/observability/metrics.go:373.2,373.36 1 0
github.com/pcraw4d/business-verification/internal/observability/metrics.go:377.65,378.30 1 0
github.com/pcraw4d/business-verification/internal/observability/metrics.go:378.30,380.3 1 0
github.com/pcraw4d/business-verification/internal/observability/metrics.go:382.2,390.12 4 0
github.com/pcraw4d/business-verification/internal/observability/metrics.go:390.12,391.80 1 0
github.com/pcraw4d/business-verification/internal/observability/metrics.go:391.80,394.4 1 0
github.com/pcraw4d/business-verification/internal/observability/metrics.go:398.2,404.37 4 0
github.com/pcraw4d/business-verification/internal/observability/metrics.go:408.36,410.2 1 0
github.com/pcraw4d/business-verification/internal/observability/metrics.go:413.35,415.2 1 0
github.com/pcraw4d/business-verification/internal/observability/request_id.go:20.58,21.71 1 0
github.com/pcraw4d/business-verification/internal/observability/request_id.go:21.71,24.22 2 0
github.com/pcraw4d/business-verification/internal/observability/request_id.go:24.22,26.4 1 0
github.com/pcraw4d/business-verification/internal/observability/request_id.go:29.3,35.40 3 0
github.com/pcraw4d/business-verification/internal/observability/request_id.go:40.33,42.44 2 0
github.com/pcraw4d/business-verification/internal/observability/request_id.go:42.44,45.3 1 0
github.com/pcraw4d/business-verification/internal/observability/request_id.go:46.2,46.34 1 0
github.com/pcraw4d/business-verification/internal/observability/request_id.go:50.47,51.16 1 0
github.com/pcraw4d/business-verification/internal/observability/request_id.go:51.16,53.3 1 0
github.com/pcraw4d/business-verification/internal/observability/request_id.go:55.2,55.59 1 0
github.com/pcraw4d/business-verification/internal/observability/request_id.go:55.59,57.3 1 0
github.com/pcraw4d/business-verification/internal/observability/request_id.go:59.2,59.11 1 0
github.com/pcraw4d/business-verification/internal/observability/request_id.go:63.75,65.2 1 0
github.com/pcraw4d/business-verification/internal/observability/request_id.go:68.68,69.34 1 0
github.com/pcraw4d/business-verification/internal/observability/request_id.go:69.34,70.46 1 0
github.com/pcraw4d/business-verification/internal/observability/request_id.go:70.46,72.4 1 0
github.com/pcraw4d/business-verification/internal/observability/request_id.go:74.2,74.11 1 0
github.com/pcraw4d/business-verification/internal/observability/request_id.go:78.78,80.2 1 0
github.com/pcraw4d/business-verification/internal/observability/request_id.go:83.80,84.21 1 0
github.com/pcraw4d/business-verification/internal/observability/request_id.go:84.21,86.3 1 0
github.com/pcraw4d/business-verification/internal/observability/request_id.go:87.2,87.38 1 0
github.com/pcraw4d/business-verification/internal/observability/request_id.go:91.55,93.21 2 0
github.com/pcraw4d/business-verification/internal/observability/request_id.go:93.21,95.3 1 0
github.com/pcraw4d/business-verification/internal/observability/request_id.go:96.2,96.18 1 0
github.com/pcraw4d/business-verification/internal/observability/request_id.go:100.84,101.46 1 0
github.com/pcraw4d/business-verification/internal/observability/request_id.go:101.46,102.72 1 0
github.com/pcraw4d/business-verification/internal/observability/request_id.go:102.72,105.23 2 0
github.com/pcraw4d/business-verification/internal/observability/request_id.go:105.23,107.5 1 0
github.com/pcraw4d/business-verification/internal/observability/request_id.go:110.4,124.41 4 0
github.com/pcraw4d/business-verification/internal/observability/request_id.go:131.88,132.46 1 0
github.com/pcraw4d/business-verification/internal/observability/request_id.go:132.46,133.72 1 0
github.com/pcraw4d/business-verification/internal/observability/request_id.go:133.72,136.23 2 0
github.com/pcraw4d/business-verification/internal/observability/request_id.go:136.23,138.5 1 0
github.com/pcraw4d/business-verification/internal/observability/request_id.go:141.4,157.41 3 0
github.com/pcraw4d/business-verification/internal/observability/request_id.go:163.87,164.46 1 0
github.com/pcraw4d/business-verification/internal/observability/request_id.go:164.46,165.72 1 0
github.com/pcraw4d/business-verification/internal/observability/request_id.go:165.72,168.23 2 0
github.com/pcraw4d/business-verification/internal/observability/request_id.go:168.23,170.5 1 0
github.com/pcraw4d/business-verification/internal/observability/request_id.go:173.4,185.54 5 0
github.com/pcraw4d/business-verification/internal/observability/request_id.go:196.49,199.2 2 0
github.com/pcraw4d/business-verification/internal/observability/request_id.go:202.119,203.46 1 0
github.com/pcraw4d/business-verification/internal/observability/request_id.go:203.46,204.72 1 0
github.com/pcraw4d/business-verification/internal/observability/request_id.go:204.72,209.23 3 0
github.com/pcraw4d/business-verification/internal/observability/request_id.go:209.23,211.5 1 0
github.com/pcraw4d/business-verification/internal/observability/request_id.go:214.4,258.46 10 0
